#
# A fatal error has been detected by the Java Runtime Environment:
#
#  SIGSEGV (0xb) at pc=0x000000011247ab02, pid=1643, tid=0x0000000000004c03
#
# JRE version: Java(TM) SE Runtime Environment (8.0_121-b13) (build 1.8.0_121-b13)
# Java VM: Java HotSpot(TM) 64-Bit Server VM (25.121-b13 mixed mode bsd-amd64 compressed oops)
# Problematic frame:
# C  [AppleIntelSKLGraphicsGLDriver+0x902b02]  glrBindContextReadFramebuffer+0xb8
#
# Failed to write core dump. Core dumps have been disabled. To enable core dumping, try "ulimit -c unlimited" before starting Java again
#
# If you would like to submit a bug report, please visit:
#   http://bugreport.java.com/bugreport/crash.jsp
# The crash happened outside the Java Virtual Machine in native code.
# See problematic frame for where to report the bug.
#

---------------  T H R E A D  ---------------

Current thread (0x00007f9b9993b000):  JavaThread "QuantumRenderer-0" daemon [_thread_in_native, id=19459, stack(0x000070000e068000,0x000070000e168000)]

siginfo: si_signo: 11 (SIGSEGV), si_code: 0 (unknown), si_addr: 0x0000000000000000

Registers:
RAX=0x300007f9b9869ab6, RBX=0x00007f9b990cc600, RCX=0x00007f9b98685810, RDX=0x0000000000000000
RSP=0x000070000e167200, RBP=0x000070000e167240, RSI=0x00007f9b9d010f40, RDI=0x00007f9b990cc600
R8 =0x0000000000000000, R9 =0x0000000000000000, R10=0x0000000000000000, R11=0x0000000000000190
R12=0x00007f9b9b80b014, R13=0x00007f9b9d010f40, R14=0x00007f9b990cc600, R15=0x00007f9b990d75f0
RIP=0x000000011247ab02, EFLAGS=0x0000000000010202, ERR=0x0000000000000000
  TRAPNO=0x000000000000000d

Top of Stack: (sp=0x000070000e167200)
0x000070000e167200:   0000000000000001 0000000000000000
0x000070000e167210:   0000000000000000 00007f9b990cc600
0x000070000e167220:   00007f9b9b80b014 00007f9b9a80bc38
0x000070000e167230:   00007f9b9d010f40 0000000000000000
0x000070000e167240:   000070000e167260 00007fffad90cd5f
0x000070000e167250:   00007f9b9b800000 0000000000000000
0x000070000e167260:   000070000e1672a0 0000000111a9f038
0x000070000e167270:   0000000000000502 00007f9b9b800000
0x000070000e167280:   0000000000000000 0000000000000000
0x000070000e167290:   000000000000028c 0000000000004000
0x000070000e1672a0:   000070000e167360 00000001119e9b33
0x000070000e1672b0:   00007f9b9d1a3090 00007f9b98638560
0x000070000e1672c0:   000070000e167300 00007fffad90cce1
0x000070000e1672d0:   00007f9b9b000420 0000000000000000
0x000070000e1672e0:   000070000e167340 0000000000000014
0x000070000e1672f0:   00007f9b9b800000 0000000000000001
0x000070000e167300:   000070000e167330 0000000111a70c1a
0x000070000e167310:   6435808c98d5008b 00007f9b984e6dd0
0x000070000e167320:   0000019000000000 0000000000000000
0x000070000e167330:   00007f9b9a80ba30 00007f9b990c3a00
0x000070000e167340:   000000000000000c 0000000000000014
0x000070000e167350:   0000000000004000 0000000000002601
0x000070000e167360:   000070000e1673b0 00007fffa405305d
0x000070000e167370:   0000000000000000 000000000000028c
0x000070000e167380:   0000700000000190 0000000100004000
0x000070000e167390:   0000000100002601 00007f9b984e6dd0
0x000070000e1673a0:   00007f9b984e6c90 0000000000000008
0x000070000e1673b0:   000070000e167410 0000000112d369d2
0x000070000e1673c0:   000000000000028c 00007fff00000190
0x000070000e1673d0:   0000700000004000 00007fff00002601
0x000070000e1673e0:   00007f9b99982a00 00007f9b984e6d90
0x000070000e1673f0:   00007fffb4972b00 0000000110251cf8 

Instructions: (pc=0x000000011247ab02)
0x000000011247aae2:   c7 45 c8 00 00 00 00 4d 85 ed 74 74 49 8b 4e 38
0x000000011247aaf2:   31 c0 48 85 c9 41 b8 00 00 00 00 74 2d 48 8b 01
0x000000011247ab02:   0f b7 80 b0 00 00 00 8d 88 20 73 ff ff 31 d2 85
0x000000011247ab12:   c0 48 0f 45 d1 49 8b 4d 08 48 8b 04 d1 4c 8b 41 

Register to memory mapping:

RAX=0x300007f9b9869ab6 is an unknown value
RBX=0x00007f9b990cc600 is an unknown value
RCX=0x00007f9b98685810 is an unknown value
RDX=0x0000000000000000 is an unknown value
RSP=0x000070000e167200 is pointing into the stack for thread: 0x00007f9b9993b000
RBP=0x000070000e167240 is pointing into the stack for thread: 0x00007f9b9993b000
RSI=0x00007f9b9d010f40 is an unknown value
RDI=0x00007f9b990cc600 is an unknown value
R8 =0x0000000000000000 is an unknown value
R9 =0x0000000000000000 is an unknown value
R10=0x0000000000000000 is an unknown value
R11=0x0000000000000190 is an unknown value
R12=0x00007f9b9b80b014 is an unknown value
R13=0x00007f9b9d010f40 is an unknown value
R14=0x00007f9b990cc600 is an unknown value
R15=0x00007f9b990d75f0 is an unknown value


Stack: [0x000070000e068000,0x000070000e168000],  sp=0x000070000e167200,  free space=1020k
Native frames: (J=compiled Java code, j=interpreted, Vv=VM code, C=native code)
C  [AppleIntelSKLGraphicsGLDriver+0x902b02]  glrBindContextReadFramebuffer+0xb8
C  [libGPUSupportMercury.dylib+0x4d5f]  gldUpdateReadFramebuffer+0x61
C  [GLEngine+0x10c038]  gleUpdateReadFramebufferState+0x1a9
C  [GLEngine+0x56b33]  glBlitFramebufferEXT_Exec+0xa7
C  [libGL.dylib+0x605d]  glBlitFramebuffer+0x58
C  [libglass.dylib+0xc9d2]  -[GlassFrameBufferObject blitFromFBO:]+0xb2
C  [libglass.dylib+0x1249e]  -[GlassOffscreen blitFromOffscreen:]+0x3e
C  [libglass.dylib+0xf355]  -[GlassLayer3D flush]+0x35
C  [libglass.dylib+0x1b201]  Java_com_sun_glass_ui_mac_MacView__1end+0xb1
j  com.sun.glass.ui.mac.MacView._end(J)V+0
j  com.sun.glass.ui.View.unlock()V+9
j  com.sun.prism.PresentableState.unlock()V+11
j  com.sun.javafx.tk.quantum.PresentingPainter.run()V+479
j  java.util.concurrent.Executors$RunnableAdapter.call()Ljava/lang/Object;+4
j  java.util.concurrent.FutureTask.runAndReset()Z+47
j  com.sun.javafx.tk.RenderJob.run()V+1
j  java.util.concurrent.ThreadPoolExecutor.runWorker(Ljava/util/concurrent/ThreadPoolExecutor$Worker;)V+95
j  java.util.concurrent.ThreadPoolExecutor$Worker.run()V+5
j  com.sun.javafx.tk.quantum.QuantumRenderer$PipelineRunnable.run()V+8
j  java.lang.Thread.run()V+11
v  ~StubRoutines::call_stub
V  [libjvm.dylib+0x2ed9d6]  JavaCalls::call_helper(JavaValue*, methodHandle*, JavaCallArguments*, Thread*)+0x6ae
V  [libjvm.dylib+0x2ee164]  JavaCalls::call_virtual(JavaValue*, KlassHandle, Symbol*, Symbol*, JavaCallArguments*, Thread*)+0x164
V  [libjvm.dylib+0x2ee310]  JavaCalls::call_virtual(JavaValue*, Handle, KlassHandle, Symbol*, Symbol*, Thread*)+0x4a
V  [libjvm.dylib+0x348a5d]  thread_entry(JavaThread*, Thread*)+0x7c
V  [libjvm.dylib+0x56ab0f]  JavaThread::thread_main_inner()+0x9b
V  [libjvm.dylib+0x56c1fc]  JavaThread::run()+0x1c2
V  [libjvm.dylib+0x48a5b2]  java_start(Thread*)+0xf6
C  [libsystem_pthread.dylib+0x3aab]  _pthread_body+0xb4
C  [libsystem_pthread.dylib+0x39f7]  _pthread_body+0x0
C  [libsystem_pthread.dylib+0x31fd]  thread_start+0xd
C  0x0000000000000000

Java frames: (J=compiled Java code, j=interpreted, Vv=VM code)
j  com.sun.glass.ui.mac.MacView._end(J)V+0
j  com.sun.glass.ui.View.unlock()V+9
j  com.sun.prism.PresentableState.unlock()V+11
j  com.sun.javafx.tk.quantum.PresentingPainter.run()V+479
j  java.util.concurrent.Executors$RunnableAdapter.call()Ljava/lang/Object;+4
j  java.util.concurrent.FutureTask.runAndReset()Z+47
j  com.sun.javafx.tk.RenderJob.run()V+1
j  java.util.concurrent.ThreadPoolExecutor.runWorker(Ljava/util/concurrent/ThreadPoolExecutor$Worker;)V+95
j  java.util.concurrent.ThreadPoolExecutor$Worker.run()V+5
j  com.sun.javafx.tk.quantum.QuantumRenderer$PipelineRunnable.run()V+8
j  java.lang.Thread.run()V+11
v  ~StubRoutines::call_stub

---------------  P R O C E S S  ---------------

Java Threads: ( => current thread )
  0x00007f9b99a3d000 JavaThread "Prism Font Disposer" daemon [_thread_blocked, id=56643, stack(0x000070000e57d000,0x000070000e67d000)]
  0x00007f9b9910c800 JavaThread "JavaFX-Launcher" [_thread_blocked, id=54787, stack(0x000070000e47a000,0x000070000e57a000)]
  0x00007f9b990e2000 JavaThread "Thread-3" daemon [_thread_in_native, id=38147, stack(0x000070000e2f1000,0x000070000e371000)]
  0x00007f9b9a103000 JavaThread "JavaFX Application Thread" [_thread_blocked, id=775, stack(0x00007fff5a96c000,0x00007fff5b16c000)]
  0x00007f9b9893f000 JavaThread "Thread-1" daemon [_thread_blocked, id=25095, stack(0x000070000e16b000,0x000070000e26b000)]
=>0x00007f9b9993b000 JavaThread "QuantumRenderer-0" daemon [_thread_in_native, id=19459, stack(0x000070000e068000,0x000070000e168000)]
  0x00007f9b9987b000 JavaThread "Service Thread" daemon [_thread_blocked, id=18435, stack(0x000070000de62000,0x000070000df62000)]
  0x00007f9b99860000 JavaThread "C1 CompilerThread2" daemon [_thread_blocked, id=17923, stack(0x000070000dd5f000,0x000070000de5f000)]
  0x00007f9b9985f000 JavaThread "C2 CompilerThread1" daemon [_thread_blocked, id=17411, stack(0x000070000dc5c000,0x000070000dd5c000)]
  0x00007f9b9985d800 JavaThread "C2 CompilerThread0" daemon [_thread_blocked, id=16899, stack(0x000070000db59000,0x000070000dc59000)]
  0x00007f9b99836000 JavaThread "Signal Dispatcher" daemon [_thread_blocked, id=16387, stack(0x000070000da56000,0x000070000db56000)]
  0x00007f9b9a003000 JavaThread "Finalizer" daemon [_thread_blocked, id=12547, stack(0x000070000d953000,0x000070000da53000)]
  0x00007f9b99834000 JavaThread "Reference Handler" daemon [_thread_blocked, id=12035, stack(0x000070000d850000,0x000070000d950000)]
  0x00007f9b99800000 JavaThread "main" [_thread_blocked, id=7171, stack(0x000070000d23e000,0x000070000d33e000)]

Other Threads:
  0x00007f9b9982f800 VMThread [stack: 0x000070000d74d000,0x000070000d84d000] [id=11523]
  0x00007f9b9987b800 WatcherThread [stack: 0x000070000df65000,0x000070000e065000] [id=18947]

VM state:not at safepoint (normal execution)

VM Mutex/Monitor currently owned by a thread: None

Heap:
 PSYoungGen      total 76288K, used 32931K [0x000000076ab00000, 0x0000000770000000, 0x00000007c0000000)
  eden space 65536K, 50% used [0x000000076ab00000,0x000000076cb28c50,0x000000076eb00000)
  from space 10752K, 0% used [0x000000076f580000,0x000000076f580000,0x0000000770000000)
  to   space 10752K, 0% used [0x000000076eb00000,0x000000076eb00000,0x000000076f580000)
 ParOldGen       total 175104K, used 0K [0x00000006c0000000, 0x00000006cab00000, 0x000000076ab00000)
  object space 175104K, 0% used [0x00000006c0000000,0x00000006c0000000,0x00000006cab00000)
 Metaspace       used 13613K, capacity 14128K, committed 14336K, reserved 1060864K
  class space    used 1836K, capacity 1978K, committed 2048K, reserved 1048576K

Card table byte_map: [0x00000001067b6000,0x0000000106fb7000] byte_map_base: 0x00000001031b6000

Marking Bits: (ParMarkBitMap*) 0x0000000105cf0d30
 Begin Bits: [0x000000010750d000, 0x000000010b50d000)
 End Bits:   [0x000000010b50d000, 0x000000010f50d000)

Polling page: 0x0000000104bfe000

CodeCache: size=245760Kb used=3690Kb max_used=3690Kb free=242069Kb
 bounds [0x00000001130ba000, 0x000000011345a000, 0x00000001220ba000]
 total_blobs=1672 nmethods=1075 adapters=511
 compilation: enabled

Compilation events (10 events):
Event: 6.077 Thread 0x00007f9b99860000 1071       1       com.sun.prism.impl.BaseTexture::getContentY (5 bytes)
Event: 6.077 Thread 0x00007f9b99860000 nmethod 1071 0x0000000113454a90 code [0x0000000113454be0, 0x0000000113454cf0]
Event: 6.077 Thread 0x00007f9b99860000 1073       1       com.sun.prism.es2.ES2TextureData::getTexID (5 bytes)
Event: 6.078 Thread 0x00007f9b99860000 nmethod 1073 0x0000000113454d50 code [0x0000000113454ea0, 0x0000000113454fb0]
Event: 6.078 Thread 0x00007f9b99860000 1074       1       java.util.Collections$EmptyList::isEmpty (2 bytes)
Event: 6.078 Thread 0x00007f9b99860000 nmethod 1074 0x0000000113455010 code [0x0000000113455160, 0x0000000113455270]
Event: 6.078 Thread 0x00007f9b99860000 1075       1       com.sun.prism.impl.BaseContext::getVertexBuffer (5 bytes)
Event: 6.078 Thread 0x00007f9b99860000 nmethod 1075 0x00000001134552d0 code [0x0000000113455420, 0x0000000113455530]
Event: 6.078 Thread 0x00007f9b99860000 1076       3       java.lang.Math::round (56 bytes)
Event: 6.079 Thread 0x00007f9b99860000 nmethod 1076 0x0000000113455590 code [0x0000000113455700, 0x0000000113455930]

GC Heap History (0 events):
No events

Deoptimization events (10 events):
Event: 1.479 Thread 0x00007f9b9a103000 Uncommon trap: reason=class_check action=maybe_recompile pc=0x0000000113303bc4 method=java.io.DataInputStream.readShort()S @ 4
Event: 1.479 Thread 0x00007f9b9a103000 Uncommon trap: reason=class_check action=maybe_recompile pc=0x0000000113303bc4 method=java.io.DataInputStream.readShort()S @ 4
Event: 1.489 Thread 0x00007f9b9a103000 Uncommon trap: reason=class_check action=maybe_recompile pc=0x00000001131d5b5c method=java.lang.String.equals(Ljava/lang/Object;)Z @ 8
Event: 1.489 Thread 0x00007f9b9a103000 Uncommon trap: reason=class_check action=maybe_recompile pc=0x00000001131d5b5c method=java.lang.String.equals(Ljava/lang/Object;)Z @ 8
Event: 1.489 Thread 0x00007f9b9a103000 Uncommon trap: reason=class_check action=maybe_recompile pc=0x00000001131d5b5c method=java.lang.String.equals(Ljava/lang/Object;)Z @ 8
Event: 1.494 Thread 0x00007f9b9a103000 Uncommon trap: reason=class_check action=maybe_recompile pc=0x00000001131d5b5c method=java.lang.String.equals(Ljava/lang/Object;)Z @ 8
Event: 2.238 Thread 0x00007f9b9a103000 Uncommon trap: reason=unstable_if action=reinterpret pc=0x00000001132f5560 method=java.lang.CharacterData.of(I)Ljava/lang/CharacterData; @ 4
Event: 2.311 Thread 0x00007f9b9a103000 Uncommon trap: reason=unstable_if action=reinterpret pc=0x00000001133952b4 method=java.util.HashMap.putVal(ILjava/lang/Object;Ljava/lang/Object;ZZ)Ljava/lang/Object; @ 193
Event: 2.513 Thread 0x00007f9b9993b000 Uncommon trap: reason=unstable_if action=reinterpret pc=0x000000011336f294 method=sun.net.www.ParseUtil.encodePath(Ljava/lang/String;Z)Ljava/lang/String; @ 109
Event: 3.911 Thread 0x00007f9b9a103000 Uncommon trap: reason=unstable_if action=reinterpret pc=0x00000001133bd8b4 method=jdk.internal.org.objectweb.asm.Type.getArgumentsAndReturnSizes(Ljava/lang/String;)I @ 47

Internal exceptions (10 events):
Event: 0.308 Thread 0x00007f9b99800000 Exception <a 'java/security/PrivilegedActionException'> (0x000000076ae77278) thrown at [/Users/java_re/workspace/8-2-build-macosx-x86_64/jdk8u121/8372/hotspot/src/share/vm/prims/jvm.cpp, line 1390]
Event: 0.308 Thread 0x00007f9b99800000 Exception <a 'java/security/PrivilegedActionException'> (0x000000076ae7a5a8) thrown at [/Users/java_re/workspace/8-2-build-macosx-x86_64/jdk8u121/8372/hotspot/src/share/vm/prims/jvm.cpp, line 1390]
Event: 0.308 Thread 0x00007f9b99800000 Exception <a 'java/security/PrivilegedActionException'> (0x000000076ae7a7b8) thrown at [/Users/java_re/workspace/8-2-build-macosx-x86_64/jdk8u121/8372/hotspot/src/share/vm/prims/jvm.cpp, line 1390]
Event: 0.308 Thread 0x00007f9b99800000 Exception <a 'java/lang/NullPointerException'> (0x000000076ae7afa8) thrown at [/Users/java_re/workspace/8-2-build-macosx-x86_64/jdk8u121/8372/hotspot/src/share/vm/interpreter/linkResolver.cpp, line 1178]
Event: 1.028 Thread 0x00007f9b9a103000 Exception <a 'java/lang/NullPointerException'> (0x000000076bababc8) thrown at [/Users/java_re/workspace/8-2-build-macosx-x86_64/jdk8u121/8372/hotspot/src/share/vm/interpreter/linkResolver.cpp, line 1178]
Event: 1.028 Thread 0x00007f9b9a103000 Exception <a 'java/lang/NullPointerException'> (0x000000076bababc8) thrown at [/Users/java_re/workspace/8-2-build-macosx-x86_64/jdk8u121/8372/hotspot/src/share/vm/prims/jvm.cpp, line 1394]
Event: 1.225 Thread 0x00007f9b9a103000 Exception <a 'java/lang/ArrayIndexOutOfBoundsException'> (0x000000076bef0bd0) thrown at [/Users/java_re/workspace/8-2-build-macosx-x86_64/jdk8u121/8372/hotspot/src/share/vm/runtime/sharedRuntime.cpp, line 605]
Event: 1.226 Thread 0x00007f9b9a103000 Exception <a 'java/lang/ArrayIndexOutOfBoundsException'> (0x000000076bef16e8) thrown at [/Users/java_re/workspace/8-2-build-macosx-x86_64/jdk8u121/8372/hotspot/src/share/vm/runtime/sharedRuntime.cpp, line 605]
Event: 1.226 Thread 0x00007f9b9a103000 Exception <a 'java/lang/ArrayIndexOutOfBoundsException'> (0x000000076bef2a90) thrown at [/Users/java_re/workspace/8-2-build-macosx-x86_64/jdk8u121/8372/hotspot/src/share/vm/runtime/sharedRuntime.cpp, line 605]
Event: 1.317 Thread 0x00007f9b9a103000 Implicit null exception at 0x0000000113313cf5 to 0x0000000113313ef1

Events (10 events):
Event: 3.919 loading class javafx/animation/Animation$1
Event: 3.919 loading class javafx/animation/Animation$1 done
Event: 4.147 Executing VM operation: EnableBiasedLocking
Event: 4.147 Executing VM operation: EnableBiasedLocking done
Event: 6.071 loading class com/sun/javafx/tk/quantum/QuantumToolkit
Event: 6.071 loading class com/sun/javafx/tk/quantum/QuantumToolkit done
Event: 6.071 loading class com/sun/javafx/tk/quantum/QuantumToolkit
Event: 6.071 loading class com/sun/javafx/tk/quantum/QuantumToolkit done
Event: 6.072 loading class com/sun/javafx/tk/RenderJob
Event: 6.072 loading class com/sun/javafx/tk/RenderJob done


Dynamic libraries:
0x000000002a5e1000 	/System/Library/Frameworks/Cocoa.framework/Versions/A/Cocoa
0x000000002a5e1000 	/System/Library/Frameworks/Security.framework/Versions/A/Security
0x000000002a5e1000 	/System/Library/Frameworks/ApplicationServices.framework/Versions/A/ApplicationServices
0x000000002a5e1000 	/usr/lib/libz.1.dylib
0x000000002a5e1000 	/usr/lib/libSystem.B.dylib
0x000000002a5e1000 	/usr/lib/libobjc.A.dylib
0x000000002a5e1000 	/System/Library/Frameworks/CoreFoundation.framework/Versions/A/CoreFoundation
0x000000002a5e1000 	/System/Library/Frameworks/Foundation.framework/Versions/C/Foundation
0x000000002a5e1000 	/System/Library/Frameworks/AppKit.framework/Versions/C/AppKit
0x000000002a5e1000 	/System/Library/Frameworks/CoreData.framework/Versions/A/CoreData
0x000000002a5e1000 	/System/Library/PrivateFrameworks/RemoteViewServices.framework/Versions/A/RemoteViewServices
0x000000002a5e1000 	/System/Library/PrivateFrameworks/UIFoundation.framework/Versions/A/UIFoundation
0x000000002a5e1000 	/System/Library/PrivateFrameworks/DFRFoundation.framework/Versions/A/DFRFoundation
0x000000002a5e1000 	/usr/lib/libenergytrace.dylib
0x000000002a5e1000 	/System/Library/PrivateFrameworks/SkyLight.framework/Versions/A/SkyLight
0x000000002a5e1000 	/System/Library/Frameworks/CoreGraphics.framework/Versions/A/CoreGraphics
0x000000002a5e1000 	/usr/lib/libScreenReader.dylib
0x000000002a5e1000 	/System/Library/Frameworks/Accelerate.framework/Versions/A/Accelerate
0x000000002a5e1000 	/System/Library/Frameworks/IOSurface.framework/Versions/A/IOSurface
0x000000002a5e1000 	/System/Library/Frameworks/AudioToolbox.framework/Versions/A/AudioToolbox
0x000000002a5e1000 	/System/Library/Frameworks/AudioUnit.framework/Versions/A/AudioUnit
0x000000002a5e1000 	/System/Library/PrivateFrameworks/DataDetectorsCore.framework/Versions/A/DataDetectorsCore
0x000000002a5e1000 	/System/Library/PrivateFrameworks/DesktopServicesPriv.framework/Versions/A/DesktopServicesPriv
0x000000002a5e1000 	/System/Library/Frameworks/Carbon.framework/Versions/A/Frameworks/HIToolbox.framework/Versions/A/HIToolbox
0x000000002a5e1000 	/usr/lib/libicucore.A.dylib
0x000000002a5e1000 	/System/Library/Frameworks/QuartzCore.framework/Versions/A/QuartzCore
0x000000002a5e1000 	/System/Library/Frameworks/Carbon.framework/Versions/A/Frameworks/SpeechRecognition.framework/Versions/A/SpeechRecognition
0x000000002a5e1000 	/usr/lib/libauto.dylib
0x000000002a5e1000 	/usr/lib/libxml2.2.dylib
0x000000002a5e1000 	/System/Library/PrivateFrameworks/CoreUI.framework/Versions/A/CoreUI
0x000000002a5e1000 	/System/Library/Frameworks/CoreAudio.framework/Versions/A/CoreAudio
0x000000002a5e1000 	/System/Library/Frameworks/DiskArbitration.framework/Versions/A/DiskArbitration
0x000000002a5e1000 	/usr/lib/liblangid.dylib
0x000000002a5e1000 	/System/Library/PrivateFrameworks/MultitouchSupport.framework/Versions/A/MultitouchSupport
0x000000002a5e1000 	/System/Library/Frameworks/IOKit.framework/Versions/A/IOKit
0x000000002a5e1000 	/usr/lib/libDiagnosticMessagesClient.dylib
0x000000002a5e1000 	/System/Library/Frameworks/CoreServices.framework/Versions/A/CoreServices
0x000000002a5e1000 	/System/Library/PrivateFrameworks/PerformanceAnalysis.framework/Versions/A/PerformanceAnalysis
0x000000002a5e1000 	/System/Library/PrivateFrameworks/GenerationalStorage.framework/Versions/A/GenerationalStorage
0x000000002a5e1000 	/System/Library/Frameworks/OpenGL.framework/Versions/A/OpenGL
0x000000002a5e1000 	/System/Library/Frameworks/CoreImage.framework/Versions/A/CoreImage
0x000000002a5e1000 	/System/Library/Frameworks/CoreText.framework/Versions/A/CoreText
0x000000002a5e1000 	/System/Library/Frameworks/ImageIO.framework/Versions/A/ImageIO
0x000000002a5e1000 	/System/Library/PrivateFrameworks/Backup.framework/Versions/A/Backup
0x000000002a5e1000 	/usr/lib/libarchive.2.dylib
0x000000002a5e1000 	/System/Library/Frameworks/CFNetwork.framework/Versions/A/CFNetwork
0x000000002a5e1000 	/System/Library/Frameworks/SystemConfiguration.framework/Versions/A/SystemConfiguration
0x000000002a5e1000 	/usr/lib/libCRFSuite.dylib
0x000000002a5e1000 	/usr/lib/libc++.1.dylib
0x000000002a5e1000 	/usr/lib/libc++abi.dylib
0x000000002a5e1000 	/usr/lib/system/libcache.dylib
0x000000002a5e1000 	/usr/lib/system/libcommonCrypto.dylib
0x000000002a5e1000 	/usr/lib/system/libcompiler_rt.dylib
0x000000002a5e1000 	/usr/lib/system/libcopyfile.dylib
0x000000002a5e1000 	/usr/lib/system/libcorecrypto.dylib
0x000000002a5e1000 	/usr/lib/system/libdispatch.dylib
0x000000002a5e1000 	/usr/lib/system/libdyld.dylib
0x000000002a5e1000 	/usr/lib/system/libkeymgr.dylib
0x000000002a5e1000 	/usr/lib/system/liblaunch.dylib
0x000000002a5e1000 	/usr/lib/system/libmacho.dylib
0x000000002a5e1000 	/usr/lib/system/libquarantine.dylib
0x000000002a5e1000 	/usr/lib/system/libremovefile.dylib
0x000000002a5e1000 	/usr/lib/system/libsystem_asl.dylib
0x000000002a5e1000 	/usr/lib/system/libsystem_blocks.dylib
0x000000002a5e1000 	/usr/lib/system/libsystem_c.dylib
0x000000002a5e1000 	/usr/lib/system/libsystem_configuration.dylib
0x000000002a5e1000 	/usr/lib/system/libsystem_coreservices.dylib
0x000000002a5e1000 	/usr/lib/system/libsystem_coretls.dylib
0x000000002a5e1000 	/usr/lib/system/libsystem_dnssd.dylib
0x000000002a5e1000 	/usr/lib/system/libsystem_info.dylib
0x000000002a5e1000 	/usr/lib/system/libsystem_kernel.dylib
0x000000002a5e1000 	/usr/lib/system/libsystem_m.dylib
0x000000002a5e1000 	/usr/lib/system/libsystem_malloc.dylib
0x000000002a5e1000 	/usr/lib/system/libsystem_network.dylib
0x000000002a5e1000 	/usr/lib/system/libsystem_networkextension.dylib
0x000000002a5e1000 	/usr/lib/system/libsystem_notify.dylib
0x000000002a5e1000 	/usr/lib/system/libsystem_platform.dylib
0x000000002a5e1000 	/usr/lib/system/libsystem_pthread.dylib
0x000000002a5e1000 	/usr/lib/system/libsystem_sandbox.dylib
0x000000002a5e1000 	/usr/lib/system/libsystem_secinit.dylib
0x000000002a5e1000 	/usr/lib/system/libsystem_symptoms.dylib
0x000000002a5e1000 	/usr/lib/system/libsystem_trace.dylib
0x000000002a5e1000 	/usr/lib/system/libunwind.dylib
0x000000002a5e1000 	/usr/lib/system/libxpc.dylib
0x000000002a5e1000 	/usr/lib/libbsm.0.dylib
0x000000002a5e1000 	/usr/lib/system/libkxld.dylib
0x000000002a5e1000 	/usr/lib/libcoretls.dylib
0x000000002a5e1000 	/usr/lib/libcoretls_cfhelpers.dylib
0x000000002a5e1000 	/usr/lib/libOpenScriptingUtil.dylib
0x000000002a5e1000 	/usr/lib/libpam.2.dylib
0x000000002a5e1000 	/usr/lib/libsqlite3.dylib
0x000000002a5e1000 	/usr/lib/libxar.1.dylib
0x000000002a5e1000 	/usr/lib/libbz2.1.0.dylib
0x000000002a5e1000 	/usr/lib/liblzma.5.dylib
0x000000002a5e1000 	/usr/lib/libnetwork.dylib
0x000000002a5e1000 	/usr/lib/libpcap.A.dylib
0x000000002a5e1000 	/System/Library/Frameworks/CoreServices.framework/Versions/A/Frameworks/FSEvents.framework/Versions/A/FSEvents
0x000000002a5e1000 	/System/Library/Frameworks/CoreServices.framework/Versions/A/Frameworks/CarbonCore.framework/Versions/A/CarbonCore
0x000000002a5e1000 	/System/Library/Frameworks/CoreServices.framework/Versions/A/Frameworks/Metadata.framework/Versions/A/Metadata
0x000000002a5e1000 	/System/Library/Frameworks/CoreServices.framework/Versions/A/Frameworks/OSServices.framework/Versions/A/OSServices
0x000000002a5e1000 	/System/Library/Frameworks/CoreServices.framework/Versions/A/Frameworks/SearchKit.framework/Versions/A/SearchKit
0x000000002a5e1000 	/System/Library/Frameworks/CoreServices.framework/Versions/A/Frameworks/AE.framework/Versions/A/AE
0x000000002a5e1000 	/System/Library/Frameworks/CoreServices.framework/Versions/A/Frameworks/LaunchServices.framework/Versions/A/LaunchServices
0x000000002a5e1000 	/System/Library/Frameworks/CoreServices.framework/Versions/A/Frameworks/DictionaryServices.framework/Versions/A/DictionaryServices
0x000000002a5e1000 	/System/Library/Frameworks/CoreServices.framework/Versions/A/Frameworks/SharedFileList.framework/Versions/A/SharedFileList
0x000000002a5e1000 	/System/Library/Frameworks/NetFS.framework/Versions/A/NetFS
0x000000002a5e1000 	/System/Library/PrivateFrameworks/NetAuth.framework/Versions/A/NetAuth
0x000000002a5e1000 	/System/Library/PrivateFrameworks/login.framework/Versions/A/Frameworks/loginsupport.framework/Versions/A/loginsupport
0x000000002a5e1000 	/System/Library/PrivateFrameworks/TCC.framework/Versions/A/TCC
0x000000002a5e1000 	/usr/lib/libmecabra.dylib
0x000000002a5e1000 	/System/Library/Frameworks/ApplicationServices.framework/Versions/A/Frameworks/ATS.framework/Versions/A/ATS
0x000000002a5e1000 	/System/Library/Frameworks/ApplicationServices.framework/Versions/A/Frameworks/ColorSync.framework/Versions/A/ColorSync
0x000000002a5e1000 	/System/Library/Frameworks/ApplicationServices.framework/Versions/A/Frameworks/HIServices.framework/Versions/A/HIServices
0x000000002a5e1000 	/System/Library/Frameworks/ApplicationServices.framework/Versions/A/Frameworks/LangAnalysis.framework/Versions/A/LangAnalysis
0x000000002a5e1000 	/System/Library/Frameworks/ApplicationServices.framework/Versions/A/Frameworks/PrintCore.framework/Versions/A/PrintCore
0x000000002a5e1000 	/System/Library/Frameworks/ApplicationServices.framework/Versions/A/Frameworks/QD.framework/Versions/A/QD
0x000000002a5e1000 	/System/Library/Frameworks/ApplicationServices.framework/Versions/A/Frameworks/SpeechSynthesis.framework/Versions/A/SpeechSynthesis
0x000000002a5e1000 	/System/Library/Frameworks/Accelerate.framework/Versions/A/Frameworks/vImage.framework/Versions/A/vImage
0x000000002a5e1000 	/System/Library/Frameworks/Accelerate.framework/Versions/A/Frameworks/vecLib.framework/Versions/A/vecLib
0x000000002a5e1000 	/System/Library/Frameworks/Accelerate.framework/Versions/A/Frameworks/vecLib.framework/Versions/A/libvDSP.dylib
0x000000002a5e1000 	/System/Library/Frameworks/Accelerate.framework/Versions/A/Frameworks/vecLib.framework/Versions/A/libBNNS.dylib
0x000000002a5e1000 	/System/Library/Frameworks/Accelerate.framework/Versions/A/Frameworks/vecLib.framework/Versions/A/libQuadrature.dylib
0x000000002a5e1000 	/System/Library/Frameworks/Accelerate.framework/Versions/A/Frameworks/vecLib.framework/Versions/A/libvMisc.dylib
0x000000002a5e1000 	/System/Library/Frameworks/Accelerate.framework/Versions/A/Frameworks/vecLib.framework/Versions/A/libLAPACK.dylib
0x000000002a5e1000 	/System/Library/Frameworks/Accelerate.framework/Versions/A/Frameworks/vecLib.framework/Versions/A/libBLAS.dylib
0x000000002a5e1000 	/System/Library/Frameworks/Accelerate.framework/Versions/A/Frameworks/vecLib.framework/Versions/A/libLinearAlgebra.dylib
0x000000002a5e1000 	/System/Library/Frameworks/Accelerate.framework/Versions/A/Frameworks/vecLib.framework/Versions/A/libSparseBLAS.dylib
0x000000002a5e1000 	/System/Library/Frameworks/ApplicationServices.framework/Versions/A/Frameworks/ATS.framework/Versions/A/Resources/libFontParser.dylib
0x000000002a5e1000 	/System/Library/Frameworks/ApplicationServices.framework/Versions/A/Frameworks/ATS.framework/Versions/A/Resources/libFontRegistry.dylib
0x000000002a5e1000 	/System/Library/Frameworks/ImageIO.framework/Versions/A/Resources/libJPEG.dylib
0x000000002a5e1000 	/System/Library/Frameworks/ImageIO.framework/Versions/A/Resources/libTIFF.dylib
0x000000002a5e1000 	/System/Library/Frameworks/ImageIO.framework/Versions/A/Resources/libPng.dylib
0x000000002a5e1000 	/System/Library/Frameworks/ImageIO.framework/Versions/A/Resources/libGIF.dylib
0x000000002a5e1000 	/System/Library/Frameworks/ImageIO.framework/Versions/A/Resources/libJP2.dylib
0x000000002a5e1000 	/System/Library/Frameworks/ImageIO.framework/Versions/A/Resources/libRadiance.dylib
0x000000002a5e1000 	/usr/lib/libcompression.dylib
0x000000002a5e1000 	/System/Library/PrivateFrameworks/AppleJPEG.framework/Versions/A/AppleJPEG
0x000000002a5e1000 	/usr/lib/libcups.2.dylib
0x000000002a5e1000 	/System/Library/Frameworks/Kerberos.framework/Versions/A/Kerberos
0x000000002a5e1000 	/System/Library/Frameworks/GSS.framework/Versions/A/GSS
0x000000002a5e1000 	/usr/lib/libresolv.9.dylib
0x000000002a5e1000 	/usr/lib/libiconv.2.dylib
0x000000002a5e1000 	/System/Library/PrivateFrameworks/Heimdal.framework/Versions/A/Heimdal
0x000000002a5e1000 	/usr/lib/libheimdal-asn1.dylib
0x000000002a5e1000 	/System/Library/Frameworks/OpenDirectory.framework/Versions/A/OpenDirectory
0x000000002a5e1000 	/System/Library/PrivateFrameworks/CommonAuth.framework/Versions/A/CommonAuth
0x000000002a5e1000 	/System/Library/Frameworks/OpenDirectory.framework/Versions/A/Frameworks/CFOpenDirectory.framework/Versions/A/CFOpenDirectory
0x000000002a5e1000 	/System/Library/Frameworks/SecurityFoundation.framework/Versions/A/SecurityFoundation
0x000000002a5e1000 	/System/Library/PrivateFrameworks/LanguageModeling.framework/Versions/A/LanguageModeling
0x000000002a5e1000 	/usr/lib/libmarisa.dylib
0x000000002a5e1000 	/usr/lib/libChineseTokenizer.dylib
0x000000002a5e1000 	/usr/lib/libcmph.dylib
0x000000002a5e1000 	/System/Library/PrivateFrameworks/CoreEmoji.framework/Versions/A/CoreEmoji
0x000000002a5e1000 	/System/Library/Frameworks/ServiceManagement.framework/Versions/A/ServiceManagement
0x000000002a5e1000 	/usr/lib/libxslt.1.dylib
0x000000002a5e1000 	/System/Library/Frameworks/Carbon.framework/Versions/A/Frameworks/Ink.framework/Versions/A/Ink
0x000000002a5e1000 	/System/Library/PrivateFrameworks/TextureIO.framework/Versions/A/TextureIO
0x000000002a5e1000 	/System/Library/Frameworks/Metal.framework/Versions/A/Metal
0x000000002a5e1000 	/usr/lib/libate.dylib
0x000000002a5e1000 	/System/Library/PrivateFrameworks/GPUCompiler.framework/libmetal_timestamp.dylib
0x000000002a5e1000 	/System/Library/Frameworks/OpenGL.framework/Versions/A/Libraries/libCoreFSCache.dylib
0x000000002a5e1000 	/System/Library/PrivateFrameworks/IOAccelerator.framework/Versions/A/IOAccelerator
0x000000002a5e1000 	/System/Library/Frameworks/CoreVideo.framework/Versions/A/CoreVideo
0x000000002a5e1000 	/usr/lib/libFosl_dynamic.dylib
0x000000002a5e1000 	/System/Library/PrivateFrameworks/MetalPerformanceShaders.framework/Versions/A/MetalPerformanceShaders
0x000000002a5e1000 	/System/Library/PrivateFrameworks/FaceCore.framework/Versions/A/FaceCore
0x000000002a5e1000 	/System/Library/Frameworks/OpenCL.framework/Versions/A/OpenCL
0x000000002a5e1000 	/System/Library/Frameworks/OpenGL.framework/Versions/A/Libraries/libGLU.dylib
0x000000002a5e1000 	/System/Library/Frameworks/OpenGL.framework/Versions/A/Libraries/libGFXShared.dylib
0x000000002a5e1000 	/System/Library/Frameworks/OpenGL.framework/Versions/A/Libraries/libGL.dylib
0x000000002a5e1000 	/System/Library/Frameworks/OpenGL.framework/Versions/A/Libraries/libGLImage.dylib
0x000000002a5e1000 	/System/Library/Frameworks/OpenGL.framework/Versions/A/Libraries/libCVMSPluginSupport.dylib
0x000000002a5e1000 	/System/Library/Frameworks/OpenGL.framework/Versions/A/Libraries/libCoreVMClient.dylib
0x000000002a5e1000 	/System/Library/PrivateFrameworks/CrashReporterSupport.framework/Versions/A/CrashReporterSupport
0x000000002a5e1000 	/System/Library/PrivateFrameworks/Sharing.framework/Versions/A/Sharing
0x000000002a5e1000 	/System/Library/PrivateFrameworks/IconServices.framework/Versions/A/IconServices
0x000000002a5e1000 	/System/Library/PrivateFrameworks/ProtocolBuffer.framework/Versions/A/ProtocolBuffer
0x000000002a5e1000 	/System/Library/PrivateFrameworks/Apple80211.framework/Versions/A/Apple80211
0x000000002a5e1000 	/System/Library/Frameworks/CoreWLAN.framework/Versions/A/CoreWLAN
0x000000002a5e1000 	/System/Library/PrivateFrameworks/CoreUtils.framework/Versions/A/CoreUtils
0x000000002a5e1000 	/System/Library/Frameworks/IOBluetooth.framework/Versions/A/IOBluetooth
0x000000002a5e1000 	/System/Library/PrivateFrameworks/CoreWiFi.framework/Versions/A/CoreWiFi
0x000000002a5e1000 	/System/Library/Frameworks/CoreBluetooth.framework/Versions/A/CoreBluetooth
0x000000002a5e1000 	/System/Library/Frameworks/CoreDisplay.framework/Versions/A/CoreDisplay
0x000000002a5e1000 	/System/Library/PrivateFrameworks/IOPresentment.framework/Versions/A/IOPresentment
0x000000002a5e1000 	/System/Library/PrivateFrameworks/DSExternalDisplay.framework/Versions/A/DSExternalDisplay
0x000000002a5e1000 	/System/Library/PrivateFrameworks/DebugSymbols.framework/Versions/A/DebugSymbols
0x000000002a5e1000 	/System/Library/PrivateFrameworks/CoreSymbolication.framework/Versions/A/CoreSymbolication
0x000000002a5e1000 	/System/Library/PrivateFrameworks/Symbolication.framework/Versions/A/Symbolication
0x000000002a5e1000 	/System/Library/PrivateFrameworks/AppleFSCompression.framework/Versions/A/AppleFSCompression
0x000000002a5e1000 	/System/Library/PrivateFrameworks/SpeechRecognitionCore.framework/Versions/A/SpeechRecognitionCore
0x000000002a5e1000 	/System/Library/PrivateFrameworks/ChunkingLibrary.framework/Versions/A/ChunkingLibrary
0x0000000105400000 	/Library/Java/JavaVirtualMachines/jdk1.8.0_121.jdk/Contents/Home/jre/lib/server/libjvm.dylib
0x0000000104b45000 	/usr/lib/libstdc++.6.dylib
0x00000001063a2000 	/Library/Java/JavaVirtualMachines/jdk1.8.0_121.jdk/Contents/Home/jre/lib/libverify.dylib
0x00000001063b0000 	/Library/Java/JavaVirtualMachines/jdk1.8.0_121.jdk/Contents/Home/jre/lib/libjava.dylib
0x00000001063ed000 	/Library/Java/JavaVirtualMachines/jdk1.8.0_121.jdk/Contents/Home/jre/lib/libzip.dylib
0x0000000111804000 	/System/Library/Frameworks/JavaVM.framework/Frameworks/JavaRuntimeSupport.framework/JavaRuntimeSupport
0x000000011181e000 	/System/Library/Frameworks/JavaVM.framework/Versions/A/Frameworks/JavaNativeFoundation.framework/Versions/A/JavaNativeFoundation
0x0000000111833000 	/System/Library/Frameworks/JavaVM.framework/Versions/A/JavaVM
0x000000002a5e1000 	/System/Library/Frameworks/Carbon.framework/Versions/A/Carbon
0x0000000111840000 	/System/Library/PrivateFrameworks/JavaLaunching.framework/Versions/A/JavaLaunching
0x000000002a5e1000 	/System/Library/Frameworks/Carbon.framework/Versions/A/Frameworks/CommonPanels.framework/Versions/A/CommonPanels
0x000000002a5e1000 	/System/Library/Frameworks/Carbon.framework/Versions/A/Frameworks/Help.framework/Versions/A/Help
0x000000002a5e1000 	/System/Library/Frameworks/Carbon.framework/Versions/A/Frameworks/ImageCapture.framework/Versions/A/ImageCapture
0x000000002a5e1000 	/System/Library/Frameworks/Carbon.framework/Versions/A/Frameworks/OpenScripting.framework/Versions/A/OpenScripting
0x000000002a5e1000 	/System/Library/Frameworks/Carbon.framework/Versions/A/Frameworks/Print.framework/Versions/A/Print
0x000000002a5e1000 	/System/Library/Frameworks/Carbon.framework/Versions/A/Frameworks/SecurityHI.framework/Versions/A/SecurityHI
0x000000011192d000 	/Library/Java/JavaVirtualMachines/jdk1.8.0_121.jdk/Contents/Home/jre/lib/libprism_es2.dylib
0x0000000111993000 	/System/Library/Frameworks/OpenGL.framework/Resources/GLEngine.bundle/GLEngine
0x000000002a5e1000 	/System/Library/Frameworks/OpenGL.framework/Versions/A/Libraries/libGLProgrammability.dylib
0x0000000111b78000 	/System/Library/Extensions/AppleIntelSKLGraphicsGLDriver.bundle/Contents/MacOS/AppleIntelSKLGraphicsGLDriver
0x000000002a5e1000 	/System/Library/PrivateFrameworks/GPUSupport.framework/Versions/A/Libraries/libGPUSupportMercury.dylib
0x0000000112907000 	/System/Library/Frameworks/OpenGL.framework/Resources//GLRendererFloat.bundle/GLRendererFloat
0x000000002a5e1000 	/System/Library/Frameworks/OpenCL.framework/Versions/A/Libraries/libcldcpuengine.dylib
0x000000002a5e1000 	/usr/lib/libcrypto.0.9.8.dylib
0x000000002a5e1000 	/System/Library/PrivateFrameworks/TrustEvaluationAgent.framework/Versions/A/TrustEvaluationAgent
0x0000000112d2a000 	/Library/Java/JavaVirtualMachines/jdk1.8.0_121.jdk/Contents/Home/jre/lib/libglass.dylib
0x000000002a5e1000 	/System/Library/PrivateFrameworks/CoreServicesInternal.framework/Versions/A/CoreServicesInternal
0x000000002a5e1000 	/System/Library/CoreServices/RawCamera.bundle/Contents/MacOS/RawCamera
0x0000000112dc9000 	/System/Library/Frameworks/Accelerate.framework/Frameworks/vImage.framework/Versions/A/Libraries/libCGInterfaces.dylib
0x000000002a5e1000 	/System/Library/PrivateFrameworks/FamilyControls.framework/Versions/A/FamilyControls
0x000000002a5e1000 	/System/Library/PrivateFrameworks/CommerceKit.framework/Versions/A/Frameworks/CommerceCore.framework/Versions/A/CommerceCore
0x000000002a5e1000 	/System/Library/PrivateFrameworks/SystemAdministration.framework/Versions/A/SystemAdministration
0x000000002a5e1000 	/System/Library/PrivateFrameworks/AppContainer.framework/Versions/A/AppContainer
0x000000002a5e1000 	/System/Library/PrivateFrameworks/SecCodeWrapper.framework/Versions/A/SecCodeWrapper
0x000000002a5e1000 	/System/Library/Frameworks/DirectoryService.framework/Versions/A/DirectoryService
0x000000002a5e1000 	/System/Library/PrivateFrameworks/DiskImages.framework/Versions/A/DiskImages
0x000000002a5e1000 	/System/Library/PrivateFrameworks/LoginUIKit.framework/Versions/A/Frameworks/LoginUICore.framework/Versions/A/LoginUICore
0x000000002a5e1000 	/usr/lib/libCoreStorage.dylib
0x000000002a5e1000 	/usr/lib/libcsfde.dylib
0x000000002a5e1000 	/usr/lib/libodfde.dylib
0x000000002a5e1000 	/System/Library/Frameworks/DiscRecording.framework/Versions/A/DiscRecording
0x000000002a5e1000 	/usr/lib/libcurl.4.dylib
0x000000002a5e1000 	/System/Library/PrivateFrameworks/MediaKit.framework/Versions/A/MediaKit
0x000000002a5e1000 	/System/Library/PrivateFrameworks/ProtectedCloudStorage.framework/Versions/A/ProtectedCloudStorage
0x000000002a5e1000 	/System/Library/PrivateFrameworks/EFILogin.framework/Versions/A/EFILogin
0x000000002a5e1000 	/usr/lib/libutil.dylib
0x000000002a5e1000 	/System/Library/Frameworks/LDAP.framework/Versions/A/LDAP
0x000000002a5e1000 	/usr/lib/libsasl2.2.dylib
0x000000002a5e1000 	/System/Library/PrivateFrameworks/CoreDaemon.framework/Versions/B/CoreDaemon
0x000000002a5e1000 	/System/Library/PrivateFrameworks/AppleSRP.framework/Versions/A/AppleSRP
0x000000002a5e1000 	/System/Library/PrivateFrameworks/APFS.framework/Versions/A/APFS
0x000000011301e000 	/Library/Java/JavaVirtualMachines/jdk1.8.0_121.jdk/Contents/Home/jre/lib/libjavafx_font.dylib
0x000000002a5e1000 	/System/Library/Frameworks/ApplicationServices.framework/Versions/A/Frameworks/ATS.framework/Versions/A/Resources/libTrueTypeScaler.dylib
0x000000012912b000 	/System/Library/Extensions/AppleIntelSKLGraphicsMTLDriver.bundle/Contents/MacOS/AppleIntelSKLGraphicsMTLDriver
0x0000000129285000 	/Library/Java/JavaVirtualMachines/jdk1.8.0_121.jdk/Contents/Home/jre/lib/libprism_common.dylib
0x000000002a5e1000 	/System/Library/PrivateFrameworks/ViewBridge.framework/Versions/A/ViewBridge
0x000000002a5e1000 	/System/Library/PrivateFrameworks/XPCService.framework/Versions/A/XPCService
0x000000002a5e1000 	/System/Library/PrivateFrameworks/AppSandbox.framework/Versions/A/AppSandbox
0x000000002a5e1000 	/usr/lib/libsandbox.1.dylib
0x000000002a5e1000 	/usr/lib/libMatch.1.dylib

VM Arguments:
jvm_args: -Dfile.encoding=UTF-8 
java_command: /Users/holt/GitHub/CS4330/JavaFXApplication2/dist/run1902899305/JavaFXApplication2.jar
java_class_path (initial): /Users/holt/GitHub/CS4330/JavaFXApplication2/dist/run1902899305/JavaFXApplication2.jar
Launcher Type: SUN_STANDARD

Environment Variables:
PATH=/usr/bin:/bin:/usr/sbin:/sbin
LD_LIBRARY_PATH=/Library/Java/JavaVirtualMachines/jdk1.8.0_121.jdk/Contents/Home/jre/lib/amd64:/Library/Java/JavaVirtualMachines/jdk1.8.0_121.jdk/Contents/Home/jre/lib/i386:
SHELL=/bin/bash

Signal Handlers:
SIGSEGV: [libjvm.dylib+0x5b1141], sa_mask[0]=11111111011111110111111111111111, sa_flags=SA_ONSTACK|SA_RESTART|SA_SIGINFO
SIGBUS: [libjvm.dylib+0x5b1141], sa_mask[0]=11111111011111110111111111111111, sa_flags=SA_RESTART|SA_SIGINFO
SIGFPE: [libjvm.dylib+0x487bc4], sa_mask[0]=11111111011111110111111111111111, sa_flags=SA_RESTART|SA_SIGINFO
SIGPIPE: [libjvm.dylib+0x487bc4], sa_mask[0]=11111111011111110111111111111111, sa_flags=SA_RESTART|SA_SIGINFO
SIGXFSZ: [libjvm.dylib+0x487bc4], sa_mask[0]=11111111011111110111111111111111, sa_flags=SA_RESTART|SA_SIGINFO
SIGILL: [libjvm.dylib+0x487bc4], sa_mask[0]=11111111011111110111111111111111, sa_flags=SA_RESTART|SA_SIGINFO
SIGUSR1: SIG_DFL, sa_mask[0]=00000000000000000000000000000000, sa_flags=none
SIGUSR2: [libjvm.dylib+0x4876e2], sa_mask[0]=00100000000000000000000000000000, sa_flags=SA_RESTART|SA_SIGINFO
SIGHUP: [libjvm.dylib+0x485cb9], sa_mask[0]=11111111011111110111111111111111, sa_flags=SA_RESTART|SA_SIGINFO
SIGINT: SIG_IGN, sa_mask[0]=00000000000000000000000000000000, sa_flags=none
SIGTERM: [libjvm.dylib+0x485cb9], sa_mask[0]=11111111011111110111111111111111, sa_flags=SA_RESTART|SA_SIGINFO
SIGQUIT: [libjvm.dylib+0x485cb9], sa_mask[0]=11111111011111110111111111111111, sa_flags=SA_RESTART|SA_SIGINFO


---------------  S Y S T E M  ---------------

OS:Bsduname:Darwin 16.5.0 Darwin Kernel Version 16.5.0: Mon Jan 16 17:15:31 PST 2017; root:xnu-3789.50.189~27/RELEASE_X86_64 x86_64
rlimit: STACK 8192k, CORE 0k, NPROC 709, NOFILE 10240, AS infinity
load average:3.51 2.88 2.40

CPU:total 4 (2 cores per cpu, 2 threads per core) family 6 model 78 stepping 3, cmov, cx8, fxsr, mmx, sse, sse2, sse3, ssse3, sse4.1, sse4.2, popcnt, avx, avx2, aes, clmul, erms, 3dnowpref, lzcnt, ht, tsc, tscinvbit, bmi1, bmi2, adx

Memory: 4k page, physical 16777216k(4119608k free)

/proc/meminfo:


vm_info: Java HotSpot(TM) 64-Bit Server VM (25.121-b13) for bsd-amd64 JRE (1.8.0_121-b13), built on Dec 12 2016 20:39:32 by "java_re" with gcc 4.2.1 (Based on Apple Inc. build 5658) (LLVM build 2336.11.00)

time: Mon Jan 30 21:03:21 2017
elapsed time: 6 seconds (0d 0h 0m 6s)

