#
# A fatal error has been detected by the Java Runtime Environment:
#
#  SIGSEGV (0xb) at pc=0x00000001202a3b02, pid=1509, tid=0x0000000000004d03
#
# JRE version: Java(TM) SE Runtime Environment (8.0_121-b13) (build 1.8.0_121-b13)
# Java VM: Java HotSpot(TM) 64-Bit Server VM (25.121-b13 mixed mode bsd-amd64 compressed oops)
# Problematic frame:
# C  [AppleIntelSKLGraphicsGLDriver+0x902b02]  glrBindContextReadFramebuffer+0xb8
#
# Failed to write core dump. Core dumps have been disabled. To enable core dumping, try "ulimit -c unlimited" before starting Java again
#
# If you would like to submit a bug report, please visit:
#   http://bugreport.java.com/bugreport/crash.jsp
# The crash happened outside the Java Virtual Machine in native code.
# See problematic frame for where to report the bug.
#

---------------  T H R E A D  ---------------

Current thread (0x00007f90c48b7800):  JavaThread "QuantumRenderer-0" daemon [_thread_in_native, id=19715, stack(0x000070000cac0000,0x000070000cbc0000)]

siginfo: si_signo: 11 (SIGSEGV), si_code: 1 (SEGV_MAPERR), si_addr: 0x00000000000000bf

Registers:
RAX=0x000000000000000f, RBX=0x00007f90c4a2cc00, RCX=0x00007f90c7a1c540, RDX=0x0000000000000000
RSP=0x000070000cbbf200, RBP=0x000070000cbbf240, RSI=0x00007f90c7a1c530, RDI=0x00007f90c4a2cc00
R8 =0x0000000000000000, R9 =0x0000000000000000, R10=0x0000000000000000, R11=0x0000000000000320
R12=0x00007f90c600b014, R13=0x00007f90c7a1c530, R14=0x00007f90c4a2cc00, R15=0x00007f90c4a37bf0
RIP=0x00000001202a3b02, EFLAGS=0x0000000000010202, ERR=0x0000000000000004
  TRAPNO=0x000000000000000e

Top of Stack: (sp=0x000070000cbbf200)
0x000070000cbbf200:   0000000000000001 0000000000000000
0x000070000cbbf210:   0000000000000000 00007f90c4a2cc00
0x000070000cbbf220:   00007f90c600b014 00007f90c52075b8
0x000070000cbbf230:   00007f90c7a1c530 0000000000000000
0x000070000cbbf240:   000070000cbbf260 00007fffad90cd5f
0x000070000cbbf250:   00007f90c6000000 0000000000000000
0x000070000cbbf260:   000070000cbbf2a0 000000011f8c8038
0x000070000cbbf270:   0000000000000502 00007f90c6000000
0x000070000cbbf280:   0000000000000000 0000000000000000
0x000070000cbbf290:   00000000000004f2 0000000000004000
0x000070000cbbf2a0:   000070000cbbf360 000000011f812b33
0x000070000cbbf2b0:   00007f90c2dac050 00007f90c2f4a500
0x000070000cbbf2c0:   000070000cbbf300 00007fffad90cce1
0x000070000cbbf2d0:   00007f90c5800420 0000000000000000
0x000070000cbbf2e0:   000070000cbbf340 0000000000000014
0x000070000cbbf2f0:   00007f90c6000000 0000000000000001
0x000070000cbbf300:   000070000cbbf330 000000011f899c1a
0x000070000cbbf310:   cee081a6f22a00bf 00007f90c783a010
0x000070000cbbf320:   0000032000000000 0000000000000000
0x000070000cbbf330:   00007f90c52073b0 00007f90c30d0200
0x000070000cbbf340:   000000000000000c 0000000000000014
0x000070000cbbf350:   0000000000004000 0000000000002601
0x000070000cbbf360:   000070000cbbf3b0 00007fffa405305d
0x000070000cbbf370:   0000000000000000 00000000000004f2
0x000070000cbbf380:   0000700000000320 0000000100004000
0x000070000cbbf390:   0000000100002601 00007f90c783a010
0x000070000cbbf3a0:   00007f90c7839ed0 0000000000000008
0x000070000cbbf3b0:   000070000cbbf410 0000000120a799d2
0x000070000cbbf3c0:   00000000000004f2 00007fff00000320
0x000070000cbbf3d0:   0000700000004000 00007fff00002601
0x000070000cbbf3e0:   00007f90c3122400 00007f90c7839fd0
0x000070000cbbf3f0:   00007fffb4972b00 000000010d659b20 

Instructions: (pc=0x00000001202a3b02)
0x00000001202a3ae2:   c7 45 c8 00 00 00 00 4d 85 ed 74 74 49 8b 4e 38
0x00000001202a3af2:   31 c0 48 85 c9 41 b8 00 00 00 00 74 2d 48 8b 01
0x00000001202a3b02:   0f b7 80 b0 00 00 00 8d 88 20 73 ff ff 31 d2 85
0x00000001202a3b12:   c0 48 0f 45 d1 49 8b 4d 08 48 8b 04 d1 4c 8b 41 

Register to memory mapping:

RAX=0x000000000000000f is an unknown value
RBX=0x00007f90c4a2cc00 is an unknown value
RCX=0x00007f90c7a1c540 is an unknown value
RDX=0x0000000000000000 is an unknown value
RSP=0x000070000cbbf200 is pointing into the stack for thread: 0x00007f90c48b7800
RBP=0x000070000cbbf240 is pointing into the stack for thread: 0x00007f90c48b7800
RSI=0x00007f90c7a1c530 is an unknown value
RDI=0x00007f90c4a2cc00 is an unknown value
R8 =0x0000000000000000 is an unknown value
R9 =0x0000000000000000 is an unknown value
R10=0x0000000000000000 is an unknown value
R11=0x0000000000000320 is an unknown value
R12=0x00007f90c600b014 is an unknown value
R13=0x00007f90c7a1c530 is an unknown value
R14=0x00007f90c4a2cc00 is an unknown value
R15=0x00007f90c4a37bf0 is an unknown value


Stack: [0x000070000cac0000,0x000070000cbc0000],  sp=0x000070000cbbf200,  free space=1020k
Native frames: (J=compiled Java code, j=interpreted, Vv=VM code, C=native code)
C  [AppleIntelSKLGraphicsGLDriver+0x902b02]  glrBindContextReadFramebuffer+0xb8
C  [libGPUSupportMercury.dylib+0x4d5f]  gldUpdateReadFramebuffer+0x61
C  [GLEngine+0x10c038]  gleUpdateReadFramebufferState+0x1a9
C  [GLEngine+0x56b33]  glBlitFramebufferEXT_Exec+0xa7
C  [libGL.dylib+0x605d]  glBlitFramebuffer+0x58
C  [libglass.dylib+0xc9d2]  -[GlassFrameBufferObject blitFromFBO:]+0xb2
C  [libglass.dylib+0x1249e]  -[GlassOffscreen blitFromOffscreen:]+0x3e
C  [libglass.dylib+0xf355]  -[GlassLayer3D flush]+0x35
C  [libglass.dylib+0x1b201]  Java_com_sun_glass_ui_mac_MacView__1end+0xb1
j  com.sun.glass.ui.mac.MacView._end(J)V+0
j  com.sun.glass.ui.View.unlock()V+9
j  com.sun.prism.PresentableState.unlock()V+11
j  com.sun.javafx.tk.quantum.PresentingPainter.run()V+479
j  java.util.concurrent.Executors$RunnableAdapter.call()Ljava/lang/Object;+4
j  java.util.concurrent.FutureTask.runAndReset()Z+47
j  com.sun.javafx.tk.RenderJob.run()V+1
j  java.util.concurrent.ThreadPoolExecutor.runWorker(Ljava/util/concurrent/ThreadPoolExecutor$Worker;)V+95
j  java.util.concurrent.ThreadPoolExecutor$Worker.run()V+5
j  com.sun.javafx.tk.quantum.QuantumRenderer$PipelineRunnable.run()V+8
j  java.lang.Thread.run()V+11
v  ~StubRoutines::call_stub
V  [libjvm.dylib+0x2ed9d6]
V  [libjvm.dylib+0x2ee164]
V  [libjvm.dylib+0x2ee310]
V  [libjvm.dylib+0x348a5d]
V  [libjvm.dylib+0x56ab0f]
V  [libjvm.dylib+0x56c1fc]
V  [libjvm.dylib+0x48a5b2]
C  [libsystem_pthread.dylib+0x3aab]  _pthread_body+0xb4
C  [libsystem_pthread.dylib+0x39f7]  _pthread_body+0x0
C  [libsystem_pthread.dylib+0x31fd]  thread_start+0xd
C  0x0000000000000000

Java frames: (J=compiled Java code, j=interpreted, Vv=VM code)
j  com.sun.glass.ui.mac.MacView._end(J)V+0
j  com.sun.glass.ui.View.unlock()V+9
j  com.sun.prism.PresentableState.unlock()V+11
j  com.sun.javafx.tk.quantum.PresentingPainter.run()V+479
j  java.util.concurrent.Executors$RunnableAdapter.call()Ljava/lang/Object;+4
j  java.util.concurrent.FutureTask.runAndReset()Z+47
j  com.sun.javafx.tk.RenderJob.run()V+1
j  java.util.concurrent.ThreadPoolExecutor.runWorker(Ljava/util/concurrent/ThreadPoolExecutor$Worker;)V+95
j  java.util.concurrent.ThreadPoolExecutor$Worker.run()V+5
j  com.sun.javafx.tk.quantum.QuantumRenderer$PipelineRunnable.run()V+8
j  java.lang.Thread.run()V+11
v  ~StubRoutines::call_stub

---------------  P R O C E S S  ---------------

Java Threads: ( => current thread )
  0x00007f90c4a7e800 JavaThread "Prism Font Disposer" daemon [_thread_blocked, id=55891, stack(0x000070000cecf000,0x000070000cfcf000)]
  0x00007f90c40e2000 JavaThread "JavaFX-Launcher" [_thread_blocked, id=55043, stack(0x000070000cdcc000,0x000070000cecc000)]
  0x00007f90c3906000 JavaThread "Thread-3" daemon [_thread_in_native, id=37635, stack(0x000070000ccc6000,0x000070000cd46000)]
  0x00007f90c40ab800 JavaThread "JavaFX Application Thread" [_thread_blocked, id=775, stack(0x00007fff5d56e000,0x00007fff5dd6e000)]
  0x00007f90c4a3c800 JavaThread "Thread-1" daemon [_thread_blocked, id=25095, stack(0x000070000cbc3000,0x000070000ccc3000)]
=>0x00007f90c48b7800 JavaThread "QuantumRenderer-0" daemon [_thread_in_native, id=19715, stack(0x000070000cac0000,0x000070000cbc0000)]
  0x00007f90c482c000 JavaThread "Service Thread" daemon [_thread_blocked, id=18691, stack(0x000070000c8ba000,0x000070000c9ba000)]
  0x00007f90c4013000 JavaThread "C1 CompilerThread2" daemon [_thread_blocked, id=18179, stack(0x000070000c7b7000,0x000070000c8b7000)]
  0x00007f90c3008800 JavaThread "C2 CompilerThread1" daemon [_thread_blocked, id=17667, stack(0x000070000c6b4000,0x000070000c7b4000)]
  0x00007f90c3800800 JavaThread "C2 CompilerThread0" daemon [_thread_blocked, id=17155, stack(0x000070000c5b1000,0x000070000c6b1000)]
  0x00007f90c4003000 JavaThread "Signal Dispatcher" daemon [_thread_blocked, id=16643, stack(0x000070000c4ae000,0x000070000c5ae000)]
  0x00007f90c4858800 JavaThread "Finalizer" daemon [_thread_blocked, id=12547, stack(0x000070000c3ab000,0x000070000c4ab000)]
  0x00007f90c4009000 JavaThread "Reference Handler" daemon [_thread_blocked, id=12035, stack(0x000070000c2a8000,0x000070000c3a8000)]
  0x00007f90c3802800 JavaThread "main" [_thread_blocked, id=7171, stack(0x000070000bc96000,0x000070000bd96000)]

Other Threads:
  0x00007f90c4855800 VMThread [stack: 0x000070000c1a5000,0x000070000c2a5000] [id=11523]
  0x00007f90c4879800 WatcherThread [stack: 0x000070000c9bd000,0x000070000cabd000] [id=19203]

VM state:not at safepoint (normal execution)

VM Mutex/Monitor currently owned by a thread: None

Heap:
 PSYoungGen      total 76288K, used 33351K [0x000000076ab00000, 0x0000000770000000, 0x00000007c0000000)
  eden space 65536K, 50% used [0x000000076ab00000,0x000000076cb91d38,0x000000076eb00000)
  from space 10752K, 0% used [0x000000076f580000,0x000000076f580000,0x0000000770000000)
  to   space 10752K, 0% used [0x000000076eb00000,0x000000076eb00000,0x000000076f580000)
 ParOldGen       total 175104K, used 0K [0x00000006c0000000, 0x00000006cab00000, 0x000000076ab00000)
  object space 175104K, 0% used [0x00000006c0000000,0x00000006c0000000,0x00000006cab00000)
 Metaspace       used 14380K, capacity 15038K, committed 15360K, reserved 1062912K
  class space    used 2052K, capacity 2221K, committed 2304K, reserved 1048576K

Card table byte_map: [0x0000000103bc0000,0x00000001043c1000] byte_map_base: 0x00000001005c0000

Marking Bits: (ParMarkBitMap*) 0x0000000102833d30
 Begin Bits: [0x0000000104917000, 0x0000000108917000)
 End Bits:   [0x0000000108917000, 0x000000010c917000)

Polling page: 0x0000000102fe1000

CodeCache: size=245760Kb used=3721Kb max_used=3721Kb free=242038Kb
 bounds [0x000000010ef03000, 0x000000010f2b3000, 0x000000011df03000]
 total_blobs=1712 nmethods=1113 adapters=512
 compilation: enabled

Compilation events (10 events):
Event: 8.831 Thread 0x00007f90c4013000 nmethod 1108 0x000000010f2a3850 code [0x000000010f2a39a0, 0x000000010f2a3ab0]
Event: 8.832 Thread 0x00007f90c4013000 1109       3       com.sun.prism.impl.VertexBuffer::addVertNoCheck (102 bytes)
Event: 8.833 Thread 0x00007f90c4013000 nmethod 1109 0x000000010f2a3b10 code [0x000000010f2a3c80, 0x000000010f2a3f28]
Event: 8.833 Thread 0x00007f90c4013000 1111       3       com.sun.javafx.geom.transform.AffineBase::updateState2D (210 bytes)
Event: 8.833 Thread 0x00007f90c4013000 nmethod 1111 0x000000010f2a4150 code [0x000000010f2a4300, 0x000000010f2a4af0]
Event: 8.833 Thread 0x00007f90c4013000 1112       3       com.sun.javafx.geom.transform.AffineBase::updateState (5 bytes)
Event: 8.833 Thread 0x00007f90c4013000 nmethod 1112 0x000000010f2a4b90 code [0x000000010f2a4d00, 0x000000010f2a4f08]
Event: 8.833 Thread 0x00007f90c4013000 1110       3       com.sun.prism.impl.VertexBuffer::putColor (53 bytes)
Event: 8.833 Thread 0x00007f90c4013000 nmethod 1110 0x000000010f2a4f90 code [0x000000010f2a5100, 0x000000010f2a52f0]
Event: 8.833 Thread 0x00007f90c4013000 1113       3       com.sun.javafx.geom.transform.Affine3D::updateState (96 bytes)

GC Heap History (0 events):
No events

Deoptimization events (10 events):
Event: 1.960 Thread 0x00007f90c40ab800 Uncommon trap: reason=class_check action=maybe_recompile pc=0x000000010f1368c4 method=java.io.DataInputStream.readShort()S @ 4
Event: 1.960 Thread 0x00007f90c40ab800 Uncommon trap: reason=class_check action=maybe_recompile pc=0x000000010f1368c4 method=java.io.DataInputStream.readShort()S @ 4
Event: 1.961 Thread 0x00007f90c40ab800 Uncommon trap: reason=class_check action=maybe_recompile pc=0x000000010f1368c4 method=java.io.DataInputStream.readShort()S @ 4
Event: 1.961 Thread 0x00007f90c40ab800 Uncommon trap: reason=class_check action=maybe_recompile pc=0x000000010f1368c4 method=java.io.DataInputStream.readShort()S @ 4
Event: 1.966 Thread 0x00007f90c40ab800 Uncommon trap: reason=class_check action=maybe_recompile pc=0x000000010f01ef9c method=java.lang.String.equals(Ljava/lang/Object;)Z @ 8
Event: 1.966 Thread 0x00007f90c40ab800 Uncommon trap: reason=class_check action=maybe_recompile pc=0x000000010f01ef9c method=java.lang.String.equals(Ljava/lang/Object;)Z @ 8
Event: 1.966 Thread 0x00007f90c40ab800 Uncommon trap: reason=class_check action=maybe_recompile pc=0x000000010f01ef9c method=java.lang.String.equals(Ljava/lang/Object;)Z @ 8
Event: 1.971 Thread 0x00007f90c40ab800 Uncommon trap: reason=class_check action=maybe_recompile pc=0x000000010f01ef9c method=java.lang.String.equals(Ljava/lang/Object;)Z @ 8
Event: 2.824 Thread 0x00007f90c40ab800 Uncommon trap: reason=unstable_if action=reinterpret pc=0x000000010f114ee0 method=java.lang.CharacterData.of(I)Ljava/lang/CharacterData; @ 4
Event: 3.172 Thread 0x00007f90c48b7800 Uncommon trap: reason=unstable_if action=reinterpret pc=0x000000010f178b3c method=sun.net.www.ParseUtil.encodePath(Ljava/lang/String;Z)Ljava/lang/String; @ 109

Internal exceptions (10 events):
Event: 0.332 Thread 0x00007f90c3802800 Exception <a 'java/security/PrivilegedActionException'> (0x000000076ae7a748) thrown at [/Users/java_re/workspace/8-2-build-macosx-x86_64/jdk8u121/8372/hotspot/src/share/vm/prims/jvm.cpp, line 1390]
Event: 0.332 Thread 0x00007f90c3802800 Exception <a 'java/lang/NullPointerException'> (0x000000076ae7af38) thrown at [/Users/java_re/workspace/8-2-build-macosx-x86_64/jdk8u121/8372/hotspot/src/share/vm/interpreter/linkResolver.cpp, line 1178]
Event: 1.460 Thread 0x00007f90c40ab800 Exception <a 'java/lang/NullPointerException'> (0x000000076bab20c8) thrown at [/Users/java_re/workspace/8-2-build-macosx-x86_64/jdk8u121/8372/hotspot/src/share/vm/interpreter/linkResolver.cpp, line 1178]
Event: 1.460 Thread 0x00007f90c40ab800 Exception <a 'java/lang/NullPointerException'> (0x000000076bab20c8) thrown at [/Users/java_re/workspace/8-2-build-macosx-x86_64/jdk8u121/8372/hotspot/src/share/vm/prims/jvm.cpp, line 1394]
Event: 1.662 Thread 0x00007f90c40ab800 Exception <a 'java/lang/ArrayIndexOutOfBoundsException': 70> (0x000000076be979e8) thrown at [/Users/java_re/workspace/8-2-build-macosx-x86_64/jdk8u121/8372/hotspot/src/share/vm/interpreter/interpreterRuntime.cpp, line 366]
Event: 1.663 Thread 0x00007f90c40ab800 Exception <a 'java/lang/ArrayIndexOutOfBoundsException': 18> (0x000000076be98530) thrown at [/Users/java_re/workspace/8-2-build-macosx-x86_64/jdk8u121/8372/hotspot/src/share/vm/interpreter/interpreterRuntime.cpp, line 366]
Event: 1.663 Thread 0x00007f90c40ab800 Exception <a 'java/lang/ArrayIndexOutOfBoundsException': 86> (0x000000076be998d8) thrown at [/Users/java_re/workspace/8-2-build-macosx-x86_64/jdk8u121/8372/hotspot/src/share/vm/interpreter/interpreterRuntime.cpp, line 366]
Event: 1.667 Thread 0x00007f90c40ab800 Exception <a 'java/lang/ArrayIndexOutOfBoundsException': 66> (0x000000076bea0380) thrown at [/Users/java_re/workspace/8-2-build-macosx-x86_64/jdk8u121/8372/hotspot/src/share/vm/interpreter/interpreterRuntime.cpp, line 366]
Event: 1.677 Thread 0x00007f90c40ab800 Exception <a 'java/lang/ArrayIndexOutOfBoundsException'> (0x000000076bea9590) thrown at [/Users/java_re/workspace/8-2-build-macosx-x86_64/jdk8u121/8372/hotspot/src/share/vm/runtime/sharedRuntime.cpp, line 605]
Event: 1.803 Thread 0x00007f90c40ab800 Implicit null exception at 0x000000010f13d1f5 to 0x000000010f13d3f1

Events (10 events):
Event: 7.271 loading class com/sun/javafx/geom/transform/TransformHelper
Event: 7.271 loading class com/sun/javafx/geom/transform/TransformHelper done
Event: 7.272 loading class com/sun/javafx/sg/prism/NGNode$RenderRootResult
Event: 7.272 loading class com/sun/javafx/sg/prism/NGNode$RenderRootResult done
Event: 8.804 loading class com/sun/javafx/tk/quantum/QuantumToolkit
Event: 8.804 loading class com/sun/javafx/tk/quantum/QuantumToolkit done
Event: 8.805 loading class com/sun/javafx/tk/quantum/QuantumToolkit
Event: 8.805 loading class com/sun/javafx/tk/quantum/QuantumToolkit done
Event: 8.805 loading class com/sun/javafx/tk/RenderJob
Event: 8.805 loading class com/sun/javafx/tk/RenderJob done


Dynamic libraries:
0x000000002a5e1000 	/System/Library/Frameworks/Cocoa.framework/Versions/A/Cocoa
0x000000002a5e1000 	/System/Library/Frameworks/Security.framework/Versions/A/Security
0x000000002a5e1000 	/System/Library/Frameworks/ApplicationServices.framework/Versions/A/ApplicationServices
0x000000002a5e1000 	/usr/lib/libz.1.dylib
0x000000002a5e1000 	/usr/lib/libSystem.B.dylib
0x000000002a5e1000 	/usr/lib/libobjc.A.dylib
0x000000002a5e1000 	/System/Library/Frameworks/CoreFoundation.framework/Versions/A/CoreFoundation
0x000000002a5e1000 	/System/Library/Frameworks/Foundation.framework/Versions/C/Foundation
0x000000002a5e1000 	/System/Library/Frameworks/AppKit.framework/Versions/C/AppKit
0x000000002a5e1000 	/System/Library/Frameworks/CoreData.framework/Versions/A/CoreData
0x000000002a5e1000 	/System/Library/PrivateFrameworks/RemoteViewServices.framework/Versions/A/RemoteViewServices
0x000000002a5e1000 	/System/Library/PrivateFrameworks/UIFoundation.framework/Versions/A/UIFoundation
0x000000002a5e1000 	/System/Library/PrivateFrameworks/DFRFoundation.framework/Versions/A/DFRFoundation
0x000000002a5e1000 	/usr/lib/libenergytrace.dylib
0x000000002a5e1000 	/System/Library/PrivateFrameworks/SkyLight.framework/Versions/A/SkyLight
0x000000002a5e1000 	/System/Library/Frameworks/CoreGraphics.framework/Versions/A/CoreGraphics
0x000000002a5e1000 	/usr/lib/libScreenReader.dylib
0x000000002a5e1000 	/System/Library/Frameworks/Accelerate.framework/Versions/A/Accelerate
0x000000002a5e1000 	/System/Library/Frameworks/IOSurface.framework/Versions/A/IOSurface
0x000000002a5e1000 	/System/Library/Frameworks/AudioToolbox.framework/Versions/A/AudioToolbox
0x000000002a5e1000 	/System/Library/Frameworks/AudioUnit.framework/Versions/A/AudioUnit
0x000000002a5e1000 	/System/Library/PrivateFrameworks/DataDetectorsCore.framework/Versions/A/DataDetectorsCore
0x000000002a5e1000 	/System/Library/PrivateFrameworks/DesktopServicesPriv.framework/Versions/A/DesktopServicesPriv
0x000000002a5e1000 	/System/Library/Frameworks/Carbon.framework/Versions/A/Frameworks/HIToolbox.framework/Versions/A/HIToolbox
0x000000002a5e1000 	/usr/lib/libicucore.A.dylib
0x000000002a5e1000 	/System/Library/Frameworks/QuartzCore.framework/Versions/A/QuartzCore
0x000000002a5e1000 	/System/Library/Frameworks/Carbon.framework/Versions/A/Frameworks/SpeechRecognition.framework/Versions/A/SpeechRecognition
0x000000002a5e1000 	/usr/lib/libauto.dylib
0x000000002a5e1000 	/usr/lib/libxml2.2.dylib
0x000000002a5e1000 	/System/Library/PrivateFrameworks/CoreUI.framework/Versions/A/CoreUI
0x000000002a5e1000 	/System/Library/Frameworks/CoreAudio.framework/Versions/A/CoreAudio
0x000000002a5e1000 	/System/Library/Frameworks/DiskArbitration.framework/Versions/A/DiskArbitration
0x000000002a5e1000 	/usr/lib/liblangid.dylib
0x000000002a5e1000 	/System/Library/PrivateFrameworks/MultitouchSupport.framework/Versions/A/MultitouchSupport
0x000000002a5e1000 	/System/Library/Frameworks/IOKit.framework/Versions/A/IOKit
0x000000002a5e1000 	/usr/lib/libDiagnosticMessagesClient.dylib
0x000000002a5e1000 	/System/Library/Frameworks/CoreServices.framework/Versions/A/CoreServices
0x000000002a5e1000 	/System/Library/PrivateFrameworks/PerformanceAnalysis.framework/Versions/A/PerformanceAnalysis
0x000000002a5e1000 	/System/Library/PrivateFrameworks/GenerationalStorage.framework/Versions/A/GenerationalStorage
0x000000002a5e1000 	/System/Library/Frameworks/OpenGL.framework/Versions/A/OpenGL
0x000000002a5e1000 	/System/Library/Frameworks/CoreImage.framework/Versions/A/CoreImage
0x000000002a5e1000 	/System/Library/Frameworks/CoreText.framework/Versions/A/CoreText
0x000000002a5e1000 	/System/Library/Frameworks/ImageIO.framework/Versions/A/ImageIO
0x000000002a5e1000 	/System/Library/PrivateFrameworks/Backup.framework/Versions/A/Backup
0x000000002a5e1000 	/usr/lib/libarchive.2.dylib
0x000000002a5e1000 	/System/Library/Frameworks/CFNetwork.framework/Versions/A/CFNetwork
0x000000002a5e1000 	/System/Library/Frameworks/SystemConfiguration.framework/Versions/A/SystemConfiguration
0x000000002a5e1000 	/usr/lib/libCRFSuite.dylib
0x000000002a5e1000 	/usr/lib/libc++.1.dylib
0x000000002a5e1000 	/usr/lib/libc++abi.dylib
0x000000002a5e1000 	/usr/lib/system/libcache.dylib
0x000000002a5e1000 	/usr/lib/system/libcommonCrypto.dylib
0x000000002a5e1000 	/usr/lib/system/libcompiler_rt.dylib
0x000000002a5e1000 	/usr/lib/system/libcopyfile.dylib
0x000000002a5e1000 	/usr/lib/system/libcorecrypto.dylib
0x000000002a5e1000 	/usr/lib/system/libdispatch.dylib
0x000000002a5e1000 	/usr/lib/system/libdyld.dylib
0x000000002a5e1000 	/usr/lib/system/libkeymgr.dylib
0x000000002a5e1000 	/usr/lib/system/liblaunch.dylib
0x000000002a5e1000 	/usr/lib/system/libmacho.dylib
0x000000002a5e1000 	/usr/lib/system/libquarantine.dylib
0x000000002a5e1000 	/usr/lib/system/libremovefile.dylib
0x000000002a5e1000 	/usr/lib/system/libsystem_asl.dylib
0x000000002a5e1000 	/usr/lib/system/libsystem_blocks.dylib
0x000000002a5e1000 	/usr/lib/system/libsystem_c.dylib
0x000000002a5e1000 	/usr/lib/system/libsystem_configuration.dylib
0x000000002a5e1000 	/usr/lib/system/libsystem_coreservices.dylib
0x000000002a5e1000 	/usr/lib/system/libsystem_coretls.dylib
0x000000002a5e1000 	/usr/lib/system/libsystem_dnssd.dylib
0x000000002a5e1000 	/usr/lib/system/libsystem_info.dylib
0x000000002a5e1000 	/usr/lib/system/libsystem_kernel.dylib
0x000000002a5e1000 	/usr/lib/system/libsystem_m.dylib
0x000000002a5e1000 	/usr/lib/system/libsystem_malloc.dylib
0x000000002a5e1000 	/usr/lib/system/libsystem_network.dylib
0x000000002a5e1000 	/usr/lib/system/libsystem_networkextension.dylib
0x000000002a5e1000 	/usr/lib/system/libsystem_notify.dylib
0x000000002a5e1000 	/usr/lib/system/libsystem_platform.dylib
0x000000002a5e1000 	/usr/lib/system/libsystem_pthread.dylib
0x000000002a5e1000 	/usr/lib/system/libsystem_sandbox.dylib
0x000000002a5e1000 	/usr/lib/system/libsystem_secinit.dylib
0x000000002a5e1000 	/usr/lib/system/libsystem_symptoms.dylib
0x000000002a5e1000 	/usr/lib/system/libsystem_trace.dylib
0x000000002a5e1000 	/usr/lib/system/libunwind.dylib
0x000000002a5e1000 	/usr/lib/system/libxpc.dylib
0x000000002a5e1000 	/usr/lib/libbsm.0.dylib
0x000000002a5e1000 	/usr/lib/system/libkxld.dylib
0x000000002a5e1000 	/usr/lib/libcoretls.dylib
0x000000002a5e1000 	/usr/lib/libcoretls_cfhelpers.dylib
0x000000002a5e1000 	/usr/lib/libOpenScriptingUtil.dylib
0x000000002a5e1000 	/usr/lib/libpam.2.dylib
0x000000002a5e1000 	/usr/lib/libsqlite3.dylib
0x000000002a5e1000 	/usr/lib/libxar.1.dylib
0x000000002a5e1000 	/usr/lib/libbz2.1.0.dylib
0x000000002a5e1000 	/usr/lib/liblzma.5.dylib
0x000000002a5e1000 	/usr/lib/libnetwork.dylib
0x000000002a5e1000 	/usr/lib/libpcap.A.dylib
0x000000002a5e1000 	/System/Library/Frameworks/CoreServices.framework/Versions/A/Frameworks/FSEvents.framework/Versions/A/FSEvents
0x000000002a5e1000 	/System/Library/Frameworks/CoreServices.framework/Versions/A/Frameworks/CarbonCore.framework/Versions/A/CarbonCore
0x000000002a5e1000 	/System/Library/Frameworks/CoreServices.framework/Versions/A/Frameworks/Metadata.framework/Versions/A/Metadata
0x000000002a5e1000 	/System/Library/Frameworks/CoreServices.framework/Versions/A/Frameworks/OSServices.framework/Versions/A/OSServices
0x000000002a5e1000 	/System/Library/Frameworks/CoreServices.framework/Versions/A/Frameworks/SearchKit.framework/Versions/A/SearchKit
0x000000002a5e1000 	/System/Library/Frameworks/CoreServices.framework/Versions/A/Frameworks/AE.framework/Versions/A/AE
0x000000002a5e1000 	/System/Library/Frameworks/CoreServices.framework/Versions/A/Frameworks/LaunchServices.framework/Versions/A/LaunchServices
0x000000002a5e1000 	/System/Library/Frameworks/CoreServices.framework/Versions/A/Frameworks/DictionaryServices.framework/Versions/A/DictionaryServices
0x000000002a5e1000 	/System/Library/Frameworks/CoreServices.framework/Versions/A/Frameworks/SharedFileList.framework/Versions/A/SharedFileList
0x000000002a5e1000 	/System/Library/Frameworks/NetFS.framework/Versions/A/NetFS
0x000000002a5e1000 	/System/Library/PrivateFrameworks/NetAuth.framework/Versions/A/NetAuth
0x000000002a5e1000 	/System/Library/PrivateFrameworks/login.framework/Versions/A/Frameworks/loginsupport.framework/Versions/A/loginsupport
0x000000002a5e1000 	/System/Library/PrivateFrameworks/TCC.framework/Versions/A/TCC
0x000000002a5e1000 	/usr/lib/libmecabra.dylib
0x000000002a5e1000 	/System/Library/Frameworks/ApplicationServices.framework/Versions/A/Frameworks/ATS.framework/Versions/A/ATS
0x000000002a5e1000 	/System/Library/Frameworks/ApplicationServices.framework/Versions/A/Frameworks/ColorSync.framework/Versions/A/ColorSync
0x000000002a5e1000 	/System/Library/Frameworks/ApplicationServices.framework/Versions/A/Frameworks/HIServices.framework/Versions/A/HIServices
0x000000002a5e1000 	/System/Library/Frameworks/ApplicationServices.framework/Versions/A/Frameworks/LangAnalysis.framework/Versions/A/LangAnalysis
0x000000002a5e1000 	/System/Library/Frameworks/ApplicationServices.framework/Versions/A/Frameworks/PrintCore.framework/Versions/A/PrintCore
0x000000002a5e1000 	/System/Library/Frameworks/ApplicationServices.framework/Versions/A/Frameworks/QD.framework/Versions/A/QD
0x000000002a5e1000 	/System/Library/Frameworks/ApplicationServices.framework/Versions/A/Frameworks/SpeechSynthesis.framework/Versions/A/SpeechSynthesis
0x000000002a5e1000 	/System/Library/Frameworks/Accelerate.framework/Versions/A/Frameworks/vImage.framework/Versions/A/vImage
0x000000002a5e1000 	/System/Library/Frameworks/Accelerate.framework/Versions/A/Frameworks/vecLib.framework/Versions/A/vecLib
0x000000002a5e1000 	/System/Library/Frameworks/Accelerate.framework/Versions/A/Frameworks/vecLib.framework/Versions/A/libvDSP.dylib
0x000000002a5e1000 	/System/Library/Frameworks/Accelerate.framework/Versions/A/Frameworks/vecLib.framework/Versions/A/libBNNS.dylib
0x000000002a5e1000 	/System/Library/Frameworks/Accelerate.framework/Versions/A/Frameworks/vecLib.framework/Versions/A/libQuadrature.dylib
0x000000002a5e1000 	/System/Library/Frameworks/Accelerate.framework/Versions/A/Frameworks/vecLib.framework/Versions/A/libvMisc.dylib
0x000000002a5e1000 	/System/Library/Frameworks/Accelerate.framework/Versions/A/Frameworks/vecLib.framework/Versions/A/libLAPACK.dylib
0x000000002a5e1000 	/System/Library/Frameworks/Accelerate.framework/Versions/A/Frameworks/vecLib.framework/Versions/A/libBLAS.dylib
0x000000002a5e1000 	/System/Library/Frameworks/Accelerate.framework/Versions/A/Frameworks/vecLib.framework/Versions/A/libLinearAlgebra.dylib
0x000000002a5e1000 	/System/Library/Frameworks/Accelerate.framework/Versions/A/Frameworks/vecLib.framework/Versions/A/libSparseBLAS.dylib
0x000000002a5e1000 	/System/Library/Frameworks/ApplicationServices.framework/Versions/A/Frameworks/ATS.framework/Versions/A/Resources/libFontParser.dylib
0x000000002a5e1000 	/System/Library/Frameworks/ApplicationServices.framework/Versions/A/Frameworks/ATS.framework/Versions/A/Resources/libFontRegistry.dylib
0x000000002a5e1000 	/System/Library/Frameworks/ImageIO.framework/Versions/A/Resources/libJPEG.dylib
0x000000002a5e1000 	/System/Library/Frameworks/ImageIO.framework/Versions/A/Resources/libTIFF.dylib
0x000000002a5e1000 	/System/Library/Frameworks/ImageIO.framework/Versions/A/Resources/libPng.dylib
0x000000002a5e1000 	/System/Library/Frameworks/ImageIO.framework/Versions/A/Resources/libGIF.dylib
0x000000002a5e1000 	/System/Library/Frameworks/ImageIO.framework/Versions/A/Resources/libJP2.dylib
0x000000002a5e1000 	/System/Library/Frameworks/ImageIO.framework/Versions/A/Resources/libRadiance.dylib
0x000000002a5e1000 	/usr/lib/libcompression.dylib
0x000000002a5e1000 	/System/Library/PrivateFrameworks/AppleJPEG.framework/Versions/A/AppleJPEG
0x000000002a5e1000 	/usr/lib/libcups.2.dylib
0x000000002a5e1000 	/System/Library/Frameworks/Kerberos.framework/Versions/A/Kerberos
0x000000002a5e1000 	/System/Library/Frameworks/GSS.framework/Versions/A/GSS
0x000000002a5e1000 	/usr/lib/libresolv.9.dylib
0x000000002a5e1000 	/usr/lib/libiconv.2.dylib
0x000000002a5e1000 	/System/Library/PrivateFrameworks/Heimdal.framework/Versions/A/Heimdal
0x000000002a5e1000 	/usr/lib/libheimdal-asn1.dylib
0x000000002a5e1000 	/System/Library/Frameworks/OpenDirectory.framework/Versions/A/OpenDirectory
0x000000002a5e1000 	/System/Library/PrivateFrameworks/CommonAuth.framework/Versions/A/CommonAuth
0x000000002a5e1000 	/System/Library/Frameworks/OpenDirectory.framework/Versions/A/Frameworks/CFOpenDirectory.framework/Versions/A/CFOpenDirectory
0x000000002a5e1000 	/System/Library/Frameworks/SecurityFoundation.framework/Versions/A/SecurityFoundation
0x000000002a5e1000 	/System/Library/PrivateFrameworks/LanguageModeling.framework/Versions/A/LanguageModeling
0x000000002a5e1000 	/usr/lib/libmarisa.dylib
0x000000002a5e1000 	/usr/lib/libChineseTokenizer.dylib
0x000000002a5e1000 	/usr/lib/libcmph.dylib
0x000000002a5e1000 	/System/Library/PrivateFrameworks/CoreEmoji.framework/Versions/A/CoreEmoji
0x000000002a5e1000 	/System/Library/Frameworks/ServiceManagement.framework/Versions/A/ServiceManagement
0x000000002a5e1000 	/usr/lib/libxslt.1.dylib
0x000000002a5e1000 	/System/Library/Frameworks/Carbon.framework/Versions/A/Frameworks/Ink.framework/Versions/A/Ink
0x000000002a5e1000 	/System/Library/PrivateFrameworks/TextureIO.framework/Versions/A/TextureIO
0x000000002a5e1000 	/System/Library/Frameworks/Metal.framework/Versions/A/Metal
0x000000002a5e1000 	/usr/lib/libate.dylib
0x000000002a5e1000 	/System/Library/PrivateFrameworks/GPUCompiler.framework/libmetal_timestamp.dylib
0x000000002a5e1000 	/System/Library/Frameworks/OpenGL.framework/Versions/A/Libraries/libCoreFSCache.dylib
0x000000002a5e1000 	/System/Library/PrivateFrameworks/IOAccelerator.framework/Versions/A/IOAccelerator
0x000000002a5e1000 	/System/Library/Frameworks/CoreVideo.framework/Versions/A/CoreVideo
0x000000002a5e1000 	/usr/lib/libFosl_dynamic.dylib
0x000000002a5e1000 	/System/Library/PrivateFrameworks/MetalPerformanceShaders.framework/Versions/A/MetalPerformanceShaders
0x000000002a5e1000 	/System/Library/PrivateFrameworks/FaceCore.framework/Versions/A/FaceCore
0x000000002a5e1000 	/System/Library/Frameworks/OpenCL.framework/Versions/A/OpenCL
0x000000002a5e1000 	/System/Library/Frameworks/OpenGL.framework/Versions/A/Libraries/libGLU.dylib
0x000000002a5e1000 	/System/Library/Frameworks/OpenGL.framework/Versions/A/Libraries/libGFXShared.dylib
0x000000002a5e1000 	/System/Library/Frameworks/OpenGL.framework/Versions/A/Libraries/libGL.dylib
0x000000002a5e1000 	/System/Library/Frameworks/OpenGL.framework/Versions/A/Libraries/libGLImage.dylib
0x000000002a5e1000 	/System/Library/Frameworks/OpenGL.framework/Versions/A/Libraries/libCVMSPluginSupport.dylib
0x000000002a5e1000 	/System/Library/Frameworks/OpenGL.framework/Versions/A/Libraries/libCoreVMClient.dylib
0x000000002a5e1000 	/System/Library/PrivateFrameworks/CrashReporterSupport.framework/Versions/A/CrashReporterSupport
0x000000002a5e1000 	/System/Library/PrivateFrameworks/Sharing.framework/Versions/A/Sharing
0x000000002a5e1000 	/System/Library/PrivateFrameworks/IconServices.framework/Versions/A/IconServices
0x000000002a5e1000 	/System/Library/PrivateFrameworks/ProtocolBuffer.framework/Versions/A/ProtocolBuffer
0x000000002a5e1000 	/System/Library/PrivateFrameworks/Apple80211.framework/Versions/A/Apple80211
0x000000002a5e1000 	/System/Library/Frameworks/CoreWLAN.framework/Versions/A/CoreWLAN
0x000000002a5e1000 	/System/Library/PrivateFrameworks/CoreUtils.framework/Versions/A/CoreUtils
0x000000002a5e1000 	/System/Library/Frameworks/IOBluetooth.framework/Versions/A/IOBluetooth
0x000000002a5e1000 	/System/Library/PrivateFrameworks/CoreWiFi.framework/Versions/A/CoreWiFi
0x000000002a5e1000 	/System/Library/Frameworks/CoreBluetooth.framework/Versions/A/CoreBluetooth
0x000000002a5e1000 	/System/Library/Frameworks/CoreDisplay.framework/Versions/A/CoreDisplay
0x000000002a5e1000 	/System/Library/PrivateFrameworks/IOPresentment.framework/Versions/A/IOPresentment
0x000000002a5e1000 	/System/Library/PrivateFrameworks/DSExternalDisplay.framework/Versions/A/DSExternalDisplay
0x000000002a5e1000 	/System/Library/PrivateFrameworks/DebugSymbols.framework/Versions/A/DebugSymbols
0x000000002a5e1000 	/System/Library/PrivateFrameworks/CoreSymbolication.framework/Versions/A/CoreSymbolication
0x000000002a5e1000 	/System/Library/PrivateFrameworks/Symbolication.framework/Versions/A/Symbolication
0x000000002a5e1000 	/System/Library/PrivateFrameworks/AppleFSCompression.framework/Versions/A/AppleFSCompression
0x000000002a5e1000 	/System/Library/PrivateFrameworks/SpeechRecognitionCore.framework/Versions/A/SpeechRecognitionCore
0x000000002a5e1000 	/System/Library/PrivateFrameworks/ChunkingLibrary.framework/Versions/A/ChunkingLibrary
0x0000000101f43000 	/Library/Java/JavaVirtualMachines/jdk1.8.0_121.jdk/Contents/Home/jre/lib/server/libjvm.dylib
0x0000000102ee5000 	/usr/lib/libstdc++.6.dylib
0x0000000102f9e000 	/Library/Java/JavaVirtualMachines/jdk1.8.0_121.jdk/Contents/Home/jre/lib/libverify.dylib
0x0000000102fac000 	/Library/Java/JavaVirtualMachines/jdk1.8.0_121.jdk/Contents/Home/jre/lib/libjava.dylib
0x0000000102feb000 	/Library/Java/JavaVirtualMachines/jdk1.8.0_121.jdk/Contents/Home/jre/lib/libzip.dylib
0x000000010ec0e000 	/System/Library/Frameworks/JavaVM.framework/Frameworks/JavaRuntimeSupport.framework/JavaRuntimeSupport
0x000000010ec28000 	/System/Library/Frameworks/JavaVM.framework/Versions/A/Frameworks/JavaNativeFoundation.framework/Versions/A/JavaNativeFoundation
0x000000010ec3d000 	/System/Library/Frameworks/JavaVM.framework/Versions/A/JavaVM
0x000000002a5e1000 	/System/Library/Frameworks/Carbon.framework/Versions/A/Carbon
0x0000000102ff4000 	/System/Library/PrivateFrameworks/JavaLaunching.framework/Versions/A/JavaLaunching
0x000000002a5e1000 	/System/Library/Frameworks/Carbon.framework/Versions/A/Frameworks/CommonPanels.framework/Versions/A/CommonPanels
0x000000002a5e1000 	/System/Library/Frameworks/Carbon.framework/Versions/A/Frameworks/Help.framework/Versions/A/Help
0x000000002a5e1000 	/System/Library/Frameworks/Carbon.framework/Versions/A/Frameworks/ImageCapture.framework/Versions/A/ImageCapture
0x000000002a5e1000 	/System/Library/Frameworks/Carbon.framework/Versions/A/Frameworks/OpenScripting.framework/Versions/A/OpenScripting
0x000000002a5e1000 	/System/Library/Frameworks/Carbon.framework/Versions/A/Frameworks/Print.framework/Versions/A/Print
0x000000002a5e1000 	/System/Library/Frameworks/Carbon.framework/Versions/A/Frameworks/SecurityHI.framework/Versions/A/SecurityHI
0x000000010ed2c000 	/Library/Java/JavaVirtualMachines/jdk1.8.0_121.jdk/Contents/Home/jre/lib/libprism_es2.dylib
0x000000011f7bc000 	/System/Library/Frameworks/OpenGL.framework/Resources/GLEngine.bundle/GLEngine
0x000000002a5e1000 	/System/Library/Frameworks/OpenGL.framework/Versions/A/Libraries/libGLProgrammability.dylib
0x000000011f9a1000 	/System/Library/Extensions/AppleIntelSKLGraphicsGLDriver.bundle/Contents/MacOS/AppleIntelSKLGraphicsGLDriver
0x000000002a5e1000 	/System/Library/PrivateFrameworks/GPUSupport.framework/Versions/A/Libraries/libGPUSupportMercury.dylib
0x000000010ed96000 	/System/Library/Frameworks/OpenGL.framework/Resources//GLRendererFloat.bundle/GLRendererFloat
0x000000002a5e1000 	/System/Library/Frameworks/OpenCL.framework/Versions/A/Libraries/libcldcpuengine.dylib
0x000000002a5e1000 	/usr/lib/libcrypto.0.9.8.dylib
0x000000002a5e1000 	/System/Library/PrivateFrameworks/TrustEvaluationAgent.framework/Versions/A/TrustEvaluationAgent
0x0000000120a6d000 	/Library/Java/JavaVirtualMachines/jdk1.8.0_121.jdk/Contents/Home/jre/lib/libglass.dylib
0x000000002a5e1000 	/System/Library/PrivateFrameworks/CoreServicesInternal.framework/Versions/A/CoreServicesInternal
0x000000002a5e1000 	/System/Library/CoreServices/RawCamera.bundle/Contents/MacOS/RawCamera
0x000000012174d000 	/System/Library/Frameworks/Accelerate.framework/Frameworks/vImage.framework/Versions/A/Libraries/libCGInterfaces.dylib
0x000000002a5e1000 	/System/Library/PrivateFrameworks/FamilyControls.framework/Versions/A/FamilyControls
0x000000002a5e1000 	/System/Library/PrivateFrameworks/CommerceKit.framework/Versions/A/Frameworks/CommerceCore.framework/Versions/A/CommerceCore
0x000000002a5e1000 	/System/Library/PrivateFrameworks/SystemAdministration.framework/Versions/A/SystemAdministration
0x000000002a5e1000 	/System/Library/PrivateFrameworks/AppContainer.framework/Versions/A/AppContainer
0x000000002a5e1000 	/System/Library/PrivateFrameworks/SecCodeWrapper.framework/Versions/A/SecCodeWrapper
0x000000002a5e1000 	/System/Library/Frameworks/DirectoryService.framework/Versions/A/DirectoryService
0x000000002a5e1000 	/System/Library/PrivateFrameworks/DiskImages.framework/Versions/A/DiskImages
0x000000002a5e1000 	/System/Library/PrivateFrameworks/LoginUIKit.framework/Versions/A/Frameworks/LoginUICore.framework/Versions/A/LoginUICore
0x000000002a5e1000 	/usr/lib/libCoreStorage.dylib
0x000000002a5e1000 	/usr/lib/libcsfde.dylib
0x000000002a5e1000 	/usr/lib/libodfde.dylib
0x000000002a5e1000 	/System/Library/Frameworks/DiscRecording.framework/Versions/A/DiscRecording
0x000000002a5e1000 	/usr/lib/libcurl.4.dylib
0x000000002a5e1000 	/System/Library/PrivateFrameworks/MediaKit.framework/Versions/A/MediaKit
0x000000002a5e1000 	/System/Library/PrivateFrameworks/ProtectedCloudStorage.framework/Versions/A/ProtectedCloudStorage
0x000000002a5e1000 	/System/Library/PrivateFrameworks/EFILogin.framework/Versions/A/EFILogin
0x000000002a5e1000 	/usr/lib/libutil.dylib
0x000000002a5e1000 	/System/Library/Frameworks/LDAP.framework/Versions/A/LDAP
0x000000002a5e1000 	/usr/lib/libsasl2.2.dylib
0x000000002a5e1000 	/System/Library/PrivateFrameworks/CoreDaemon.framework/Versions/B/CoreDaemon
0x000000002a5e1000 	/System/Library/PrivateFrameworks/AppleSRP.framework/Versions/A/AppleSRP
0x000000002a5e1000 	/System/Library/PrivateFrameworks/APFS.framework/Versions/A/APFS
0x000000002a5e1000 	/System/Library/Frameworks/ApplicationServices.framework/Versions/A/Frameworks/ATS.framework/Versions/A/Resources/libTrueTypeScaler.dylib
0x0000000125c32000 	/System/Library/Extensions/AppleIntelSKLGraphicsMTLDriver.bundle/Contents/MacOS/AppleIntelSKLGraphicsMTLDriver
0x0000000125bf0000 	/Library/Java/JavaVirtualMachines/jdk1.8.0_121.jdk/Contents/Home/jre/lib/libjavafx_font.dylib
0x000000002a5e1000 	/System/Library/PrivateFrameworks/ViewBridge.framework/Versions/A/ViewBridge
0x000000002a5e1000 	/System/Library/PrivateFrameworks/XPCService.framework/Versions/A/XPCService
0x000000002a5e1000 	/System/Library/PrivateFrameworks/AppSandbox.framework/Versions/A/AppSandbox
0x000000002a5e1000 	/usr/lib/libsandbox.1.dylib
0x000000002a5e1000 	/usr/lib/libMatch.1.dylib

VM Arguments:
jvm_args: -Dfile.encoding=UTF-8 
java_command: /Users/holt/GitHub/CS4330/SkinnerhCheckers/dist/run2079772342/SkinnerhCheckers.jar
java_class_path (initial): /Users/holt/GitHub/CS4330/SkinnerhCheckers/dist/run2079772342/SkinnerhCheckers.jar
Launcher Type: SUN_STANDARD

Environment Variables:
PATH=/usr/bin:/bin:/usr/sbin:/sbin
LD_LIBRARY_PATH=/Library/Java/JavaVirtualMachines/jdk1.8.0_121.jdk/Contents/Home/jre/lib/amd64:/Library/Java/JavaVirtualMachines/jdk1.8.0_121.jdk/Contents/Home/jre/lib/i386:
SHELL=/bin/bash

Signal Handlers:
SIGSEGV: [libjvm.dylib+0x5b1141], sa_mask[0]=11111111011111110111111111111111, sa_flags=SA_ONSTACK|SA_RESTART|SA_SIGINFO
SIGBUS: [libjvm.dylib+0x5b1141], sa_mask[0]=11111111011111110111111111111111, sa_flags=SA_RESTART|SA_SIGINFO
SIGFPE: [libjvm.dylib+0x487bc4], sa_mask[0]=11111111011111110111111111111111, sa_flags=SA_RESTART|SA_SIGINFO
SIGPIPE: [libjvm.dylib+0x487bc4], sa_mask[0]=11111111011111110111111111111111, sa_flags=SA_RESTART|SA_SIGINFO
SIGXFSZ: [libjvm.dylib+0x487bc4], sa_mask[0]=11111111011111110111111111111111, sa_flags=SA_RESTART|SA_SIGINFO
SIGILL: [libjvm.dylib+0x487bc4], sa_mask[0]=11111111011111110111111111111111, sa_flags=SA_RESTART|SA_SIGINFO
SIGUSR1: SIG_DFL, sa_mask[0]=00000000000000000000000000000000, sa_flags=none
SIGUSR2: [libjvm.dylib+0x4876e2], sa_mask[0]=00100000000000000000000000000000, sa_flags=SA_RESTART|SA_SIGINFO
SIGHUP: [libjvm.dylib+0x485cb9], sa_mask[0]=11111111011111110111111111111111, sa_flags=SA_RESTART|SA_SIGINFO
SIGINT: SIG_IGN, sa_mask[0]=00000000000000000000000000000000, sa_flags=none
SIGTERM: [libjvm.dylib+0x485cb9], sa_mask[0]=11111111011111110111111111111111, sa_flags=SA_RESTART|SA_SIGINFO
SIGQUIT: [libjvm.dylib+0x485cb9], sa_mask[0]=11111111011111110111111111111111, sa_flags=SA_RESTART|SA_SIGINFO


---------------  S Y S T E M  ---------------

OS:Bsduname:Darwin 16.5.0 Darwin Kernel Version 16.5.0: Mon Jan 16 17:15:31 PST 2017; root:xnu-3789.50.189~27/RELEASE_X86_64 x86_64
rlimit: STACK 8192k, CORE 0k, NPROC 709, NOFILE 10240, AS infinity
load average:2.53 2.33 2.09

CPU:total 4 (2 cores per cpu, 2 threads per core) family 6 model 78 stepping 3, cmov, cx8, fxsr, mmx, sse, sse2, sse3, ssse3, sse4.1, sse4.2, popcnt, avx, avx2, aes, clmul, erms, 3dnowpref, lzcnt, ht, tsc, tscinvbit, bmi1, bmi2, adx

Memory: 4k page, physical 16777216k(4173752k free)

/proc/meminfo:


vm_info: Java HotSpot(TM) 64-Bit Server VM (25.121-b13) for bsd-amd64 JRE (1.8.0_121-b13), built on Dec 12 2016 20:39:32 by "java_re" with gcc 4.2.1 (Based on Apple Inc. build 5658) (LLVM build 2336.11.00)

time: Mon Jan 30 20:56:52 2017
elapsed time: 8 seconds (0d 0h 0m 8s)

