#
# A fatal error has been detected by the Java Runtime Environment:
#
#  SIGSEGV (0xb) at pc=0x0000000107759b02, pid=7111, tid=0x0000000000004c03
#
# JRE version: Java(TM) SE Runtime Environment (8.0_121-b13) (build 1.8.0_121-b13)
# Java VM: Java HotSpot(TM) 64-Bit Server VM (25.121-b13 mixed mode bsd-amd64 compressed oops)
# Problematic frame:
# C  [AppleIntelSKLGraphicsGLDriver+0x902b02]  glrBindContextReadFramebuffer+0xb8
#
# Failed to write core dump. Core dumps have been disabled. To enable core dumping, try "ulimit -c unlimited" before starting Java again
#
# If you would like to submit a bug report, please visit:
#   http://bugreport.java.com/bugreport/crash.jsp
# The crash happened outside the Java Virtual Machine in native code.
# See problematic frame for where to report the bug.
#

---------------  T H R E A D  ---------------

Current thread (0x00007ffa99898000):  JavaThread "QuantumRenderer-0" daemon [_thread_in_native, id=19459, stack(0x0000700008978000,0x0000700008a78000)]

siginfo: si_signo: 11 (SIGSEGV), si_code: 0 (unknown), si_addr: 0x0000000000000000

Registers:
RAX=0x400007ffa9ae4843, RBX=0x00007ffa990e4800, RCX=0x00007ffa9aeb4560, RDX=0x0000000000000000
RSP=0x0000700008a77200, RBP=0x0000700008a77240, RSI=0x00007ffa986f4780, RDI=0x00007ffa990e4800
R8 =0x0000000000000000, R9 =0x0000000000000000, R10=0x0000000000000000, R11=0x000000000000034e
R12=0x00007ffa9b00c414, R13=0x00007ffa986f4780, R14=0x00007ffa990e4800, R15=0x00007ffa990ef7f0
RIP=0x0000000107759b02, EFLAGS=0x0000000000010206, ERR=0x0000000000000000
  TRAPNO=0x000000000000000d

Top of Stack: (sp=0x0000700008a77200)
0x0000700008a77200:   0000000000000001 0000000000000000
0x0000700008a77210:   0000000000000000 00007ffa990e4800
0x0000700008a77220:   00007ffa9b00c414 00007ffa9a909378
0x0000700008a77230:   00007ffa986f4780 0000000000000000
0x0000700008a77240:   0000700008a77260 00007fff86cf9d5f
0x0000700008a77250:   00007ffa9b001400 0000000000000000
0x0000700008a77260:   0000700008a772a0 0000000106d7e038
0x0000700008a77270:   0000000000000502 00007ffa9b001400
0x0000700008a77280:   0000000000000000 0000000000000000
0x0000700008a77290:   00000000000004e8 0000000000004000
0x0000700008a772a0:   0000700008a77360 0000000106cc8b33
0x0000700008a772b0:   00007ffa9d035060 00007ffa98431050
0x0000700008a772c0:   0000700008a77300 00007fff86cf9ce1
0x0000700008a772d0:   00007ffa9b000420 0000000000000000
0x0000700008a772e0:   0000700008a77340 0000000000000014
0x0000700008a772f0:   00007ffa9b001400 0000000000000001
0x0000700008a77300:   0000700008a77330 0000000106d4fc1a
0x0000700008a77310:   5779b02b1a3800dd 00007ffa9ae19bb0
0x0000700008a77320:   0000034e00000000 0000000000000000
0x0000700008a77330:   00007ffa9a909170 00007ffa9a0fcc00
0x0000700008a77340:   000000000000000c 0000000000000014
0x0000700008a77350:   0000000000004000 0000000000002601
0x0000700008a77360:   0000700008a773b0 00007fff7d44005d
0x0000700008a77370:   0000000000000000 00000000000004e8
0x0000700008a77380:   000070000000034e 0000000100004000
0x0000700008a77390:   0000000100002601 00007ffa9ae19bb0
0x0000700008a773a0:   00007ffa9ae19a70 0000000000000008
0x0000700008a773b0:   0000700008a77410 00000001080159d2
0x0000700008a773c0:   00000000000004e8 00007fff0000034e
0x0000700008a773d0:   0000700000004000 00007fff00002601
0x0000700008a773e0:   00007ffa99120600 00007ffa9ae19b70
0x0000700008a773f0:   00007fff8dd5fb00 0000000103cb4b20 

Instructions: (pc=0x0000000107759b02)
0x0000000107759ae2:   c7 45 c8 00 00 00 00 4d 85 ed 74 74 49 8b 4e 38
0x0000000107759af2:   31 c0 48 85 c9 41 b8 00 00 00 00 74 2d 48 8b 01
0x0000000107759b02:   0f b7 80 b0 00 00 00 8d 88 20 73 ff ff 31 d2 85
0x0000000107759b12:   c0 48 0f 45 d1 49 8b 4d 08 48 8b 04 d1 4c 8b 41 

Register to memory mapping:

RAX=0x400007ffa9ae4843 is an unknown value
RBX=0x00007ffa990e4800 is an unknown value
RCX=0x00007ffa9aeb4560 is an unknown value
RDX=0x0000000000000000 is an unknown value
RSP=0x0000700008a77200 is pointing into the stack for thread: 0x00007ffa99898000
RBP=0x0000700008a77240 is pointing into the stack for thread: 0x00007ffa99898000
RSI=0x00007ffa986f4780 is an unknown value
RDI=0x00007ffa990e4800 is an unknown value
R8 =0x0000000000000000 is an unknown value
R9 =0x0000000000000000 is an unknown value
R10=0x0000000000000000 is an unknown value
R11=0x000000000000034e is an unknown value
R12=0x00007ffa9b00c414 is an unknown value
R13=0x00007ffa986f4780 is an unknown value
R14=0x00007ffa990e4800 is an unknown value
R15=0x00007ffa990ef7f0 is an unknown value


Stack: [0x0000700008978000,0x0000700008a78000],  sp=0x0000700008a77200,  free space=1020k
Native frames: (J=compiled Java code, j=interpreted, Vv=VM code, C=native code)
C  [AppleIntelSKLGraphicsGLDriver+0x902b02]  glrBindContextReadFramebuffer+0xb8
C  [libGPUSupportMercury.dylib+0x4d5f]  gldUpdateReadFramebuffer+0x61
C  [GLEngine+0x10c038]  gleUpdateReadFramebufferState+0x1a9
C  [GLEngine+0x56b33]  glBlitFramebufferEXT_Exec+0xa7
C  [libGL.dylib+0x605d]  glBlitFramebuffer+0x58
C  [libglass.dylib+0xc9d2]  -[GlassFrameBufferObject blitFromFBO:]+0xb2
C  [libglass.dylib+0x1249e]  -[GlassOffscreen blitFromOffscreen:]+0x3e
C  [libglass.dylib+0xf355]  -[GlassLayer3D flush]+0x35
C  [libglass.dylib+0x1b201]  Java_com_sun_glass_ui_mac_MacView__1end+0xb1
j  com.sun.glass.ui.mac.MacView._end(J)V+0
j  com.sun.glass.ui.View.unlock()V+9
j  com.sun.prism.PresentableState.unlock()V+11
j  com.sun.javafx.tk.quantum.PresentingPainter.run()V+479
j  java.util.concurrent.Executors$RunnableAdapter.call()Ljava/lang/Object;+4
j  java.util.concurrent.FutureTask.runAndReset()Z+47
j  com.sun.javafx.tk.RenderJob.run()V+1
j  java.util.concurrent.ThreadPoolExecutor.runWorker(Ljava/util/concurrent/ThreadPoolExecutor$Worker;)V+95
j  java.util.concurrent.ThreadPoolExecutor$Worker.run()V+5
j  com.sun.javafx.tk.quantum.QuantumRenderer$PipelineRunnable.run()V+8
j  java.lang.Thread.run()V+11
v  ~StubRoutines::call_stub
V  [libjvm.dylib+0x2ed9d6]  JavaCalls::call_helper(JavaValue*, methodHandle*, JavaCallArguments*, Thread*)+0x6ae
V  [libjvm.dylib+0x2ee164]  JavaCalls::call_virtual(JavaValue*, KlassHandle, Symbol*, Symbol*, JavaCallArguments*, Thread*)+0x164
V  [libjvm.dylib+0x2ee310]  JavaCalls::call_virtual(JavaValue*, Handle, KlassHandle, Symbol*, Symbol*, Thread*)+0x4a
V  [libjvm.dylib+0x348a5d]  thread_entry(JavaThread*, Thread*)+0x7c
V  [libjvm.dylib+0x56ab0f]  JavaThread::thread_main_inner()+0x9b
V  [libjvm.dylib+0x56c1fc]  JavaThread::run()+0x1c2
V  [libjvm.dylib+0x48a5b2]  java_start(Thread*)+0xf6
C  [libsystem_pthread.dylib+0x3aab]  _pthread_body+0xb4
C  [libsystem_pthread.dylib+0x39f7]  _pthread_body+0x0
C  [libsystem_pthread.dylib+0x31fd]  thread_start+0xd
C  0x0000000000000000

Java frames: (J=compiled Java code, j=interpreted, Vv=VM code)
j  com.sun.glass.ui.mac.MacView._end(J)V+0
j  com.sun.glass.ui.View.unlock()V+9
j  com.sun.prism.PresentableState.unlock()V+11
j  com.sun.javafx.tk.quantum.PresentingPainter.run()V+479
j  java.util.concurrent.Executors$RunnableAdapter.call()Ljava/lang/Object;+4
j  java.util.concurrent.FutureTask.runAndReset()Z+47
j  com.sun.javafx.tk.RenderJob.run()V+1
j  java.util.concurrent.ThreadPoolExecutor.runWorker(Ljava/util/concurrent/ThreadPoolExecutor$Worker;)V+95
j  java.util.concurrent.ThreadPoolExecutor$Worker.run()V+5
j  com.sun.javafx.tk.quantum.QuantumRenderer$PipelineRunnable.run()V+8
j  java.lang.Thread.run()V+11
v  ~StubRoutines::call_stub

---------------  P R O C E S S  ---------------

Java Threads: ( => current thread )
  0x00007ffa99a2f000 JavaThread "Prism Font Disposer" daemon [_thread_blocked, id=55635, stack(0x0000700008d87000,0x0000700008e87000)]
  0x00007ffa9a104800 JavaThread "JavaFX-Launcher" [_thread_blocked, id=53763, stack(0x0000700008c84000,0x0000700008d84000)]
  0x00007ffa99153800 JavaThread "Thread-3" daemon [_thread_in_native, id=37635, stack(0x0000700008b7e000,0x0000700008bfe000)]
  0x00007ffa9999e800 JavaThread "JavaFX Application Thread" [_thread_blocked, id=775, stack(0x00007fff5ef46000,0x00007fff5f746000)]
  0x00007ffa988cc800 JavaThread "Thread-1" daemon [_thread_blocked, id=25095, stack(0x0000700008a7b000,0x0000700008b7b000)]
=>0x00007ffa99898000 JavaThread "QuantumRenderer-0" daemon [_thread_in_native, id=19459, stack(0x0000700008978000,0x0000700008a78000)]
  0x00007ffa9a00a000 JavaThread "Service Thread" daemon [_thread_blocked, id=18435, stack(0x0000700008772000,0x0000700008872000)]
  0x00007ffa98827800 JavaThread "C1 CompilerThread2" daemon [_thread_in_native, id=17923, stack(0x000070000866f000,0x000070000876f000)]
  0x00007ffa99839800 JavaThread "C2 CompilerThread1" daemon [_thread_in_native, id=17411, stack(0x000070000856c000,0x000070000866c000)]
  0x00007ffa99851800 JavaThread "C2 CompilerThread0" daemon [_thread_in_native, id=16899, stack(0x0000700008469000,0x0000700008569000)]
  0x00007ffa99834800 JavaThread "Signal Dispatcher" daemon [_thread_blocked, id=16387, stack(0x0000700008366000,0x0000700008466000)]
  0x00007ffa98826800 JavaThread "Finalizer" daemon [_thread_blocked, id=12547, stack(0x0000700008263000,0x0000700008363000)]
  0x00007ffa99827800 JavaThread "Reference Handler" daemon [_thread_blocked, id=12035, stack(0x0000700008160000,0x0000700008260000)]
  0x00007ffa99005000 JavaThread "main" [_thread_blocked, id=7171, stack(0x0000700007b4e000,0x0000700007c4e000)]

Other Threads:
  0x00007ffa99825000 VMThread [stack: 0x000070000805d000,0x000070000815d000] [id=11523]
  0x00007ffa99057800 WatcherThread [stack: 0x0000700008875000,0x0000700008975000] [id=18947]

VM state:not at safepoint (normal execution)

VM Mutex/Monitor currently owned by a thread: None

Heap:
 PSYoungGen      total 76288K, used 38476K [0x000000076ab00000, 0x0000000770000000, 0x00000007c0000000)
  eden space 65536K, 58% used [0x000000076ab00000,0x000000076d093078,0x000000076eb00000)
  from space 10752K, 0% used [0x000000076f580000,0x000000076f580000,0x0000000770000000)
  to   space 10752K, 0% used [0x000000076eb00000,0x000000076eb00000,0x000000076f580000)
 ParOldGen       total 175104K, used 0K [0x00000006c0000000, 0x00000006cab00000, 0x000000076ab00000)
  object space 175104K, 0% used [0x00000006c0000000,0x00000006c0000000,0x00000006cab00000)
 Metaspace       used 15253K, capacity 15852K, committed 15872K, reserved 1062912K
  class space    used 2135K, capacity 2304K, committed 2304K, reserved 1048576K

Card table byte_map: [0x000000010221b000,0x0000000102a1c000] byte_map_base: 0x00000000fec1b000

Marking Bits: (ParMarkBitMap*) 0x00000001016f0d30
 Begin Bits: [0x00000001175d6000, 0x000000011b5d6000)
 End Bits:   [0x000000011b5d6000, 0x000000011f5d6000)

Polling page: 0x00000001005ae000

CodeCache: size=245760Kb used=5418Kb max_used=5430Kb free=240341Kb
 bounds [0x00000001085d6000, 0x0000000108b36000, 0x00000001175d6000]
 total_blobs=2190 nmethods=1586 adapters=516
 compilation: enabled

Compilation events (10 events):
Event: 6.177 Thread 0x00007ffa99839800 1678       4       com.sun.javafx.geom.transform.AffineBase::updateState2D (210 bytes)
Event: 6.178 Thread 0x00007ffa99839800 nmethod 1678 0x0000000108b1b310 code [0x0000000108b1b4a0, 0x0000000108b1b638]
Event: 6.178 Thread 0x00007ffa99839800 1680       4       com.sun.javafx.geom.transform.Affine3D::updateState (96 bytes)
Event: 6.180 Thread 0x00007ffa98827800 1682       1       javafx.scene.layout.Region::access$1600 (5 bytes)
Event: 6.180 Thread 0x00007ffa98827800 nmethod 1682 0x0000000108b15ed0 code [0x0000000108b16020, 0x0000000108b16110]
Event: 6.180 Thread 0x00007ffa98827800 1684       2       javafx.scene.Node$LazyBoundsProperty::get (25 bytes)
Event: 6.181 Thread 0x00007ffa98827800 nmethod 1684 0x0000000108b1c0d0 code [0x0000000108b1c240, 0x0000000108b1c408]
Event: 6.181 Thread 0x00007ffa98827800 1685 % !   3       javafx.scene.layout.GridPane::layoutChildren @ 462 (832 bytes)
Event: 6.183 Thread 0x00007ffa99839800 nmethod 1680 0x0000000108b19cd0 code [0x0000000108b19f00, 0x0000000108b1a3f8]
Event: 6.183 Thread 0x00007ffa99839800 1683       4       javafx.scene.Node$LazyBoundsProperty::get (5 bytes)

GC Heap History (0 events):
No events

Deoptimization events (10 events):
Event: 6.088 Thread 0x00007ffa9999e800 Uncommon trap: reason=class_check action=maybe_recompile pc=0x0000000108ab9a7c method=javafx.scene.Node.updateLocalToParentTransform()V @ 11
Event: 6.088 Thread 0x00007ffa9999e800 Uncommon trap: reason=class_check action=maybe_recompile pc=0x0000000108ab9a7c method=javafx.scene.Node.updateLocalToParentTransform()V @ 11
Event: 6.088 Thread 0x00007ffa9999e800 Uncommon trap: reason=class_check action=maybe_recompile pc=0x0000000108ab9a7c method=javafx.scene.Node.updateLocalToParentTransform()V @ 11
Event: 6.088 Thread 0x00007ffa9999e800 Uncommon trap: reason=class_check action=maybe_recompile pc=0x0000000108ab9a7c method=javafx.scene.Node.updateLocalToParentTransform()V @ 11
Event: 6.094 Thread 0x00007ffa9999e800 Uncommon trap: reason=unstable_if action=reinterpret pc=0x0000000108a284f8 method=com.sun.javafx.sg.prism.NGNode.markDirty()V @ 7
Event: 6.107 Thread 0x00007ffa99898000 Uncommon trap: reason=unstable_if action=reinterpret pc=0x0000000108a945b4 method=java.lang.Math.abs(F)F @ 3
Event: 6.108 Thread 0x00007ffa99898000 Uncommon trap: reason=unstable_if action=reinterpret pc=0x0000000108a90d0c method=java.util.Arrays.equals([F[F)Z @ 32
Event: 6.110 Thread 0x00007ffa99898000 Uncommon trap: reason=unstable_if action=reinterpret pc=0x0000000108a91714 method=java.lang.Math.round(F)I @ 23
Event: 6.179 Thread 0x00007ffa9999e800 Uncommon trap: reason=class_check action=maybe_recompile pc=0x0000000108a0025c method=javafx.scene.Node$12.computeBounds()Ljavafx/geometry/Bounds; @ 4
Event: 6.179 Thread 0x00007ffa9999e800 Uncommon trap: reason=class_check action=maybe_recompile pc=0x0000000108a0025c method=javafx.scene.Node$12.computeBounds()Ljavafx/geometry/Bounds; @ 4

Internal exceptions (10 events):
Event: 1.251 Thread 0x00007ffa9999e800 Exception <a 'java/lang/NullPointerException'> (0x000000076bae6d60) thrown at [/Users/java_re/workspace/8-2-build-macosx-x86_64/jdk8u121/8372/hotspot/src/share/vm/prims/jvm.cpp, line 1394]
Event: 1.418 Thread 0x00007ffa9999e800 Exception <a 'java/lang/ArrayIndexOutOfBoundsException': 70> (0x000000076bf1f520) thrown at [/Users/java_re/workspace/8-2-build-macosx-x86_64/jdk8u121/8372/hotspot/src/share/vm/interpreter/interpreterRuntime.cpp, line 366]
Event: 1.418 Thread 0x00007ffa9999e800 Exception <a 'java/lang/ArrayIndexOutOfBoundsException': 18> (0x000000076bf20068) thrown at [/Users/java_re/workspace/8-2-build-macosx-x86_64/jdk8u121/8372/hotspot/src/share/vm/interpreter/interpreterRuntime.cpp, line 366]
Event: 1.418 Thread 0x00007ffa9999e800 Exception <a 'java/lang/ArrayIndexOutOfBoundsException': 86> (0x000000076bf21410) thrown at [/Users/java_re/workspace/8-2-build-macosx-x86_64/jdk8u121/8372/hotspot/src/share/vm/interpreter/interpreterRuntime.cpp, line 366]
Event: 1.420 Thread 0x00007ffa9999e800 Exception <a 'java/lang/ArrayIndexOutOfBoundsException'> (0x000000076bf25210) thrown at [/Users/java_re/workspace/8-2-build-macosx-x86_64/jdk8u121/8372/hotspot/src/share/vm/runtime/sharedRuntime.cpp, line 605]
Event: 1.427 Thread 0x00007ffa9999e800 Exception <a 'java/lang/ArrayIndexOutOfBoundsException'> (0x000000076bf2d280) thrown at [/Users/java_re/workspace/8-2-build-macosx-x86_64/jdk8u121/8372/hotspot/src/share/vm/runtime/sharedRuntime.cpp, line 605]
Event: 1.454 Thread 0x00007ffa9999e800 Exception <a 'java/lang/ArrayIndexOutOfBoundsException'> (0x000000076c00b170) thrown at [/Users/java_re/workspace/8-2-build-macosx-x86_64/jdk8u121/8372/hotspot/src/share/vm/runtime/sharedRuntime.cpp, line 605]
Event: 1.460 Thread 0x00007ffa9999e800 Exception <a 'java/lang/ArrayIndexOutOfBoundsException'> (0x000000076c04e120) thrown at [/Users/java_re/workspace/8-2-build-macosx-x86_64/jdk8u121/8372/hotspot/src/share/vm/runtime/sharedRuntime.cpp, line 605]
Event: 1.528 Thread 0x00007ffa9999e800 Implicit null exception at 0x00000001088492f5 to 0x00000001088494f1
Event: 3.369 Thread 0x00007ffa9999e800 Implicit null exception at 0x00000001089f5358 to 0x00000001089f5691

Events (10 events):
Event: 6.108 Thread 0x00007ffa99898000 DEOPT UNPACKING pc=0x00000001085db229 sp=0x0000700008a75ac0 mode 2
Event: 6.110 Thread 0x00007ffa99898000 Uncommon trap: trap_request=0xffffff65 fr.pc=0x0000000108a91714
Event: 6.110 Thread 0x00007ffa99898000 DEOPT PACKING pc=0x0000000108a91714 sp=0x0000700008a75920
Event: 6.110 Thread 0x00007ffa99898000 DEOPT UNPACKING pc=0x00000001085db229 sp=0x0000700008a758c8 mode 2
Event: 6.179 Thread 0x00007ffa9999e800 Uncommon trap: trap_request=0xffffffde fr.pc=0x0000000108a0025c
Event: 6.179 Thread 0x00007ffa9999e800 DEOPT PACKING pc=0x0000000108a0025c sp=0x00007fff5f73ec70
Event: 6.179 Thread 0x00007ffa9999e800 DEOPT UNPACKING pc=0x00000001085db229 sp=0x00007fff5f73ebb8 mode 2
Event: 6.179 Thread 0x00007ffa9999e800 Uncommon trap: trap_request=0xffffffde fr.pc=0x0000000108a0025c
Event: 6.179 Thread 0x00007ffa9999e800 DEOPT PACKING pc=0x0000000108a0025c sp=0x00007fff5f73ec70
Event: 6.179 Thread 0x00007ffa9999e800 DEOPT UNPACKING pc=0x00000001085db229 sp=0x00007fff5f73ebb8 mode 2


Dynamic libraries:
0x00000000039ce000 	/System/Library/Frameworks/Cocoa.framework/Versions/A/Cocoa
0x00000000039ce000 	/System/Library/Frameworks/Security.framework/Versions/A/Security
0x00000000039ce000 	/System/Library/Frameworks/ApplicationServices.framework/Versions/A/ApplicationServices
0x00000000039ce000 	/usr/lib/libz.1.dylib
0x00000000039ce000 	/usr/lib/libSystem.B.dylib
0x00000000039ce000 	/usr/lib/libobjc.A.dylib
0x00000000039ce000 	/System/Library/Frameworks/CoreFoundation.framework/Versions/A/CoreFoundation
0x00000000039ce000 	/System/Library/Frameworks/Foundation.framework/Versions/C/Foundation
0x00000000039ce000 	/System/Library/Frameworks/AppKit.framework/Versions/C/AppKit
0x00000000039ce000 	/System/Library/Frameworks/CoreData.framework/Versions/A/CoreData
0x00000000039ce000 	/System/Library/PrivateFrameworks/RemoteViewServices.framework/Versions/A/RemoteViewServices
0x00000000039ce000 	/System/Library/PrivateFrameworks/UIFoundation.framework/Versions/A/UIFoundation
0x00000000039ce000 	/System/Library/PrivateFrameworks/DFRFoundation.framework/Versions/A/DFRFoundation
0x00000000039ce000 	/usr/lib/libenergytrace.dylib
0x00000000039ce000 	/System/Library/PrivateFrameworks/SkyLight.framework/Versions/A/SkyLight
0x00000000039ce000 	/System/Library/Frameworks/CoreGraphics.framework/Versions/A/CoreGraphics
0x00000000039ce000 	/usr/lib/libScreenReader.dylib
0x00000000039ce000 	/System/Library/Frameworks/Accelerate.framework/Versions/A/Accelerate
0x00000000039ce000 	/System/Library/Frameworks/IOSurface.framework/Versions/A/IOSurface
0x00000000039ce000 	/System/Library/Frameworks/AudioToolbox.framework/Versions/A/AudioToolbox
0x00000000039ce000 	/System/Library/Frameworks/AudioUnit.framework/Versions/A/AudioUnit
0x00000000039ce000 	/System/Library/PrivateFrameworks/DataDetectorsCore.framework/Versions/A/DataDetectorsCore
0x00000000039ce000 	/System/Library/PrivateFrameworks/DesktopServicesPriv.framework/Versions/A/DesktopServicesPriv
0x00000000039ce000 	/System/Library/Frameworks/Carbon.framework/Versions/A/Frameworks/HIToolbox.framework/Versions/A/HIToolbox
0x00000000039ce000 	/usr/lib/libicucore.A.dylib
0x00000000039ce000 	/System/Library/Frameworks/QuartzCore.framework/Versions/A/QuartzCore
0x00000000039ce000 	/System/Library/Frameworks/Carbon.framework/Versions/A/Frameworks/SpeechRecognition.framework/Versions/A/SpeechRecognition
0x00000000039ce000 	/usr/lib/libauto.dylib
0x00000000039ce000 	/usr/lib/libxml2.2.dylib
0x00000000039ce000 	/System/Library/PrivateFrameworks/CoreUI.framework/Versions/A/CoreUI
0x00000000039ce000 	/System/Library/Frameworks/CoreAudio.framework/Versions/A/CoreAudio
0x00000000039ce000 	/System/Library/Frameworks/DiskArbitration.framework/Versions/A/DiskArbitration
0x00000000039ce000 	/usr/lib/liblangid.dylib
0x00000000039ce000 	/System/Library/PrivateFrameworks/MultitouchSupport.framework/Versions/A/MultitouchSupport
0x00000000039ce000 	/System/Library/Frameworks/IOKit.framework/Versions/A/IOKit
0x00000000039ce000 	/usr/lib/libDiagnosticMessagesClient.dylib
0x00000000039ce000 	/System/Library/Frameworks/CoreServices.framework/Versions/A/CoreServices
0x00000000039ce000 	/System/Library/PrivateFrameworks/PerformanceAnalysis.framework/Versions/A/PerformanceAnalysis
0x00000000039ce000 	/System/Library/PrivateFrameworks/GenerationalStorage.framework/Versions/A/GenerationalStorage
0x00000000039ce000 	/System/Library/Frameworks/OpenGL.framework/Versions/A/OpenGL
0x00000000039ce000 	/System/Library/Frameworks/CoreImage.framework/Versions/A/CoreImage
0x00000000039ce000 	/System/Library/Frameworks/CoreText.framework/Versions/A/CoreText
0x00000000039ce000 	/System/Library/Frameworks/ImageIO.framework/Versions/A/ImageIO
0x00000000039ce000 	/System/Library/PrivateFrameworks/Backup.framework/Versions/A/Backup
0x00000000039ce000 	/usr/lib/libarchive.2.dylib
0x00000000039ce000 	/System/Library/Frameworks/CFNetwork.framework/Versions/A/CFNetwork
0x00000000039ce000 	/System/Library/Frameworks/SystemConfiguration.framework/Versions/A/SystemConfiguration
0x00000000039ce000 	/usr/lib/libCRFSuite.dylib
0x00000000039ce000 	/usr/lib/libc++.1.dylib
0x00000000039ce000 	/usr/lib/libc++abi.dylib
0x00000000039ce000 	/usr/lib/system/libcache.dylib
0x00000000039ce000 	/usr/lib/system/libcommonCrypto.dylib
0x00000000039ce000 	/usr/lib/system/libcompiler_rt.dylib
0x00000000039ce000 	/usr/lib/system/libcopyfile.dylib
0x00000000039ce000 	/usr/lib/system/libcorecrypto.dylib
0x00000000039ce000 	/usr/lib/system/libdispatch.dylib
0x00000000039ce000 	/usr/lib/system/libdyld.dylib
0x00000000039ce000 	/usr/lib/system/libkeymgr.dylib
0x00000000039ce000 	/usr/lib/system/liblaunch.dylib
0x00000000039ce000 	/usr/lib/system/libmacho.dylib
0x00000000039ce000 	/usr/lib/system/libquarantine.dylib
0x00000000039ce000 	/usr/lib/system/libremovefile.dylib
0x00000000039ce000 	/usr/lib/system/libsystem_asl.dylib
0x00000000039ce000 	/usr/lib/system/libsystem_blocks.dylib
0x00000000039ce000 	/usr/lib/system/libsystem_c.dylib
0x00000000039ce000 	/usr/lib/system/libsystem_configuration.dylib
0x00000000039ce000 	/usr/lib/system/libsystem_coreservices.dylib
0x00000000039ce000 	/usr/lib/system/libsystem_coretls.dylib
0x00000000039ce000 	/usr/lib/system/libsystem_dnssd.dylib
0x00000000039ce000 	/usr/lib/system/libsystem_info.dylib
0x00000000039ce000 	/usr/lib/system/libsystem_kernel.dylib
0x00000000039ce000 	/usr/lib/system/libsystem_m.dylib
0x00000000039ce000 	/usr/lib/system/libsystem_malloc.dylib
0x00000000039ce000 	/usr/lib/system/libsystem_network.dylib
0x00000000039ce000 	/usr/lib/system/libsystem_networkextension.dylib
0x00000000039ce000 	/usr/lib/system/libsystem_notify.dylib
0x00000000039ce000 	/usr/lib/system/libsystem_platform.dylib
0x00000000039ce000 	/usr/lib/system/libsystem_pthread.dylib
0x00000000039ce000 	/usr/lib/system/libsystem_sandbox.dylib
0x00000000039ce000 	/usr/lib/system/libsystem_secinit.dylib
0x00000000039ce000 	/usr/lib/system/libsystem_symptoms.dylib
0x00000000039ce000 	/usr/lib/system/libsystem_trace.dylib
0x00000000039ce000 	/usr/lib/system/libunwind.dylib
0x00000000039ce000 	/usr/lib/system/libxpc.dylib
0x00000000039ce000 	/usr/lib/libbsm.0.dylib
0x00000000039ce000 	/usr/lib/system/libkxld.dylib
0x00000000039ce000 	/usr/lib/libcoretls.dylib
0x00000000039ce000 	/usr/lib/libcoretls_cfhelpers.dylib
0x00000000039ce000 	/usr/lib/libOpenScriptingUtil.dylib
0x00000000039ce000 	/usr/lib/libpam.2.dylib
0x00000000039ce000 	/usr/lib/libsqlite3.dylib
0x00000000039ce000 	/usr/lib/libxar.1.dylib
0x00000000039ce000 	/usr/lib/libbz2.1.0.dylib
0x00000000039ce000 	/usr/lib/liblzma.5.dylib
0x00000000039ce000 	/usr/lib/libnetwork.dylib
0x00000000039ce000 	/usr/lib/libpcap.A.dylib
0x00000000039ce000 	/System/Library/Frameworks/CoreServices.framework/Versions/A/Frameworks/FSEvents.framework/Versions/A/FSEvents
0x00000000039ce000 	/System/Library/Frameworks/CoreServices.framework/Versions/A/Frameworks/CarbonCore.framework/Versions/A/CarbonCore
0x00000000039ce000 	/System/Library/Frameworks/CoreServices.framework/Versions/A/Frameworks/Metadata.framework/Versions/A/Metadata
0x00000000039ce000 	/System/Library/Frameworks/CoreServices.framework/Versions/A/Frameworks/OSServices.framework/Versions/A/OSServices
0x00000000039ce000 	/System/Library/Frameworks/CoreServices.framework/Versions/A/Frameworks/SearchKit.framework/Versions/A/SearchKit
0x00000000039ce000 	/System/Library/Frameworks/CoreServices.framework/Versions/A/Frameworks/AE.framework/Versions/A/AE
0x00000000039ce000 	/System/Library/Frameworks/CoreServices.framework/Versions/A/Frameworks/LaunchServices.framework/Versions/A/LaunchServices
0x00000000039ce000 	/System/Library/Frameworks/CoreServices.framework/Versions/A/Frameworks/DictionaryServices.framework/Versions/A/DictionaryServices
0x00000000039ce000 	/System/Library/Frameworks/CoreServices.framework/Versions/A/Frameworks/SharedFileList.framework/Versions/A/SharedFileList
0x00000000039ce000 	/System/Library/Frameworks/NetFS.framework/Versions/A/NetFS
0x00000000039ce000 	/System/Library/PrivateFrameworks/NetAuth.framework/Versions/A/NetAuth
0x00000000039ce000 	/System/Library/PrivateFrameworks/login.framework/Versions/A/Frameworks/loginsupport.framework/Versions/A/loginsupport
0x00000000039ce000 	/System/Library/PrivateFrameworks/TCC.framework/Versions/A/TCC
0x00000000039ce000 	/usr/lib/libmecabra.dylib
0x00000000039ce000 	/System/Library/Frameworks/ApplicationServices.framework/Versions/A/Frameworks/ATS.framework/Versions/A/ATS
0x00000000039ce000 	/System/Library/Frameworks/ApplicationServices.framework/Versions/A/Frameworks/ColorSync.framework/Versions/A/ColorSync
0x00000000039ce000 	/System/Library/Frameworks/ApplicationServices.framework/Versions/A/Frameworks/HIServices.framework/Versions/A/HIServices
0x00000000039ce000 	/System/Library/Frameworks/ApplicationServices.framework/Versions/A/Frameworks/LangAnalysis.framework/Versions/A/LangAnalysis
0x00000000039ce000 	/System/Library/Frameworks/ApplicationServices.framework/Versions/A/Frameworks/PrintCore.framework/Versions/A/PrintCore
0x00000000039ce000 	/System/Library/Frameworks/ApplicationServices.framework/Versions/A/Frameworks/QD.framework/Versions/A/QD
0x00000000039ce000 	/System/Library/Frameworks/ApplicationServices.framework/Versions/A/Frameworks/SpeechSynthesis.framework/Versions/A/SpeechSynthesis
0x00000000039ce000 	/System/Library/Frameworks/Accelerate.framework/Versions/A/Frameworks/vImage.framework/Versions/A/vImage
0x00000000039ce000 	/System/Library/Frameworks/Accelerate.framework/Versions/A/Frameworks/vecLib.framework/Versions/A/vecLib
0x00000000039ce000 	/System/Library/Frameworks/Accelerate.framework/Versions/A/Frameworks/vecLib.framework/Versions/A/libvDSP.dylib
0x00000000039ce000 	/System/Library/Frameworks/Accelerate.framework/Versions/A/Frameworks/vecLib.framework/Versions/A/libBNNS.dylib
0x00000000039ce000 	/System/Library/Frameworks/Accelerate.framework/Versions/A/Frameworks/vecLib.framework/Versions/A/libQuadrature.dylib
0x00000000039ce000 	/System/Library/Frameworks/Accelerate.framework/Versions/A/Frameworks/vecLib.framework/Versions/A/libvMisc.dylib
0x00000000039ce000 	/System/Library/Frameworks/Accelerate.framework/Versions/A/Frameworks/vecLib.framework/Versions/A/libLAPACK.dylib
0x00000000039ce000 	/System/Library/Frameworks/Accelerate.framework/Versions/A/Frameworks/vecLib.framework/Versions/A/libBLAS.dylib
0x00000000039ce000 	/System/Library/Frameworks/Accelerate.framework/Versions/A/Frameworks/vecLib.framework/Versions/A/libLinearAlgebra.dylib
0x00000000039ce000 	/System/Library/Frameworks/Accelerate.framework/Versions/A/Frameworks/vecLib.framework/Versions/A/libSparseBLAS.dylib
0x00000000039ce000 	/System/Library/Frameworks/ApplicationServices.framework/Versions/A/Frameworks/ATS.framework/Versions/A/Resources/libFontParser.dylib
0x00000000039ce000 	/System/Library/Frameworks/ApplicationServices.framework/Versions/A/Frameworks/ATS.framework/Versions/A/Resources/libFontRegistry.dylib
0x00000000039ce000 	/System/Library/Frameworks/ImageIO.framework/Versions/A/Resources/libJPEG.dylib
0x00000000039ce000 	/System/Library/Frameworks/ImageIO.framework/Versions/A/Resources/libTIFF.dylib
0x00000000039ce000 	/System/Library/Frameworks/ImageIO.framework/Versions/A/Resources/libPng.dylib
0x00000000039ce000 	/System/Library/Frameworks/ImageIO.framework/Versions/A/Resources/libGIF.dylib
0x00000000039ce000 	/System/Library/Frameworks/ImageIO.framework/Versions/A/Resources/libJP2.dylib
0x00000000039ce000 	/System/Library/Frameworks/ImageIO.framework/Versions/A/Resources/libRadiance.dylib
0x00000000039ce000 	/usr/lib/libcompression.dylib
0x00000000039ce000 	/System/Library/PrivateFrameworks/AppleJPEG.framework/Versions/A/AppleJPEG
0x00000000039ce000 	/usr/lib/libcups.2.dylib
0x00000000039ce000 	/System/Library/Frameworks/Kerberos.framework/Versions/A/Kerberos
0x00000000039ce000 	/System/Library/Frameworks/GSS.framework/Versions/A/GSS
0x00000000039ce000 	/usr/lib/libresolv.9.dylib
0x00000000039ce000 	/usr/lib/libiconv.2.dylib
0x00000000039ce000 	/System/Library/PrivateFrameworks/Heimdal.framework/Versions/A/Heimdal
0x00000000039ce000 	/usr/lib/libheimdal-asn1.dylib
0x00000000039ce000 	/System/Library/Frameworks/OpenDirectory.framework/Versions/A/OpenDirectory
0x00000000039ce000 	/System/Library/PrivateFrameworks/CommonAuth.framework/Versions/A/CommonAuth
0x00000000039ce000 	/System/Library/Frameworks/OpenDirectory.framework/Versions/A/Frameworks/CFOpenDirectory.framework/Versions/A/CFOpenDirectory
0x00000000039ce000 	/System/Library/Frameworks/SecurityFoundation.framework/Versions/A/SecurityFoundation
0x00000000039ce000 	/System/Library/PrivateFrameworks/LanguageModeling.framework/Versions/A/LanguageModeling
0x00000000039ce000 	/usr/lib/libmarisa.dylib
0x00000000039ce000 	/usr/lib/libChineseTokenizer.dylib
0x00000000039ce000 	/usr/lib/libcmph.dylib
0x00000000039ce000 	/System/Library/PrivateFrameworks/CoreEmoji.framework/Versions/A/CoreEmoji
0x00000000039ce000 	/System/Library/Frameworks/ServiceManagement.framework/Versions/A/ServiceManagement
0x00000000039ce000 	/usr/lib/libxslt.1.dylib
0x00000000039ce000 	/System/Library/Frameworks/Carbon.framework/Versions/A/Frameworks/Ink.framework/Versions/A/Ink
0x00000000039ce000 	/System/Library/PrivateFrameworks/TextureIO.framework/Versions/A/TextureIO
0x00000000039ce000 	/System/Library/Frameworks/Metal.framework/Versions/A/Metal
0x00000000039ce000 	/usr/lib/libate.dylib
0x00000000039ce000 	/System/Library/PrivateFrameworks/GPUCompiler.framework/libmetal_timestamp.dylib
0x00000000039ce000 	/System/Library/Frameworks/OpenGL.framework/Versions/A/Libraries/libCoreFSCache.dylib
0x00000000039ce000 	/System/Library/PrivateFrameworks/IOAccelerator.framework/Versions/A/IOAccelerator
0x00000000039ce000 	/System/Library/Frameworks/CoreVideo.framework/Versions/A/CoreVideo
0x00000000039ce000 	/usr/lib/libFosl_dynamic.dylib
0x00000000039ce000 	/System/Library/PrivateFrameworks/MetalPerformanceShaders.framework/Versions/A/MetalPerformanceShaders
0x00000000039ce000 	/System/Library/PrivateFrameworks/FaceCore.framework/Versions/A/FaceCore
0x00000000039ce000 	/System/Library/Frameworks/OpenCL.framework/Versions/A/OpenCL
0x00000000039ce000 	/System/Library/Frameworks/OpenGL.framework/Versions/A/Libraries/libGLU.dylib
0x00000000039ce000 	/System/Library/Frameworks/OpenGL.framework/Versions/A/Libraries/libGFXShared.dylib
0x00000000039ce000 	/System/Library/Frameworks/OpenGL.framework/Versions/A/Libraries/libGL.dylib
0x00000000039ce000 	/System/Library/Frameworks/OpenGL.framework/Versions/A/Libraries/libGLImage.dylib
0x00000000039ce000 	/System/Library/Frameworks/OpenGL.framework/Versions/A/Libraries/libCVMSPluginSupport.dylib
0x00000000039ce000 	/System/Library/Frameworks/OpenGL.framework/Versions/A/Libraries/libCoreVMClient.dylib
0x00000000039ce000 	/System/Library/PrivateFrameworks/CrashReporterSupport.framework/Versions/A/CrashReporterSupport
0x00000000039ce000 	/System/Library/PrivateFrameworks/Sharing.framework/Versions/A/Sharing
0x00000000039ce000 	/System/Library/PrivateFrameworks/IconServices.framework/Versions/A/IconServices
0x00000000039ce000 	/System/Library/PrivateFrameworks/ProtocolBuffer.framework/Versions/A/ProtocolBuffer
0x00000000039ce000 	/System/Library/PrivateFrameworks/Apple80211.framework/Versions/A/Apple80211
0x00000000039ce000 	/System/Library/Frameworks/CoreWLAN.framework/Versions/A/CoreWLAN
0x00000000039ce000 	/System/Library/PrivateFrameworks/CoreUtils.framework/Versions/A/CoreUtils
0x00000000039ce000 	/System/Library/Frameworks/IOBluetooth.framework/Versions/A/IOBluetooth
0x00000000039ce000 	/System/Library/PrivateFrameworks/CoreWiFi.framework/Versions/A/CoreWiFi
0x00000000039ce000 	/System/Library/Frameworks/CoreBluetooth.framework/Versions/A/CoreBluetooth
0x00000000039ce000 	/System/Library/Frameworks/CoreDisplay.framework/Versions/A/CoreDisplay
0x00000000039ce000 	/System/Library/PrivateFrameworks/IOPresentment.framework/Versions/A/IOPresentment
0x00000000039ce000 	/System/Library/PrivateFrameworks/DSExternalDisplay.framework/Versions/A/DSExternalDisplay
0x00000000039ce000 	/System/Library/PrivateFrameworks/DebugSymbols.framework/Versions/A/DebugSymbols
0x00000000039ce000 	/System/Library/PrivateFrameworks/CoreSymbolication.framework/Versions/A/CoreSymbolication
0x00000000039ce000 	/System/Library/PrivateFrameworks/Symbolication.framework/Versions/A/Symbolication
0x00000000039ce000 	/System/Library/PrivateFrameworks/AppleFSCompression.framework/Versions/A/AppleFSCompression
0x00000000039ce000 	/System/Library/PrivateFrameworks/SpeechRecognitionCore.framework/Versions/A/SpeechRecognitionCore
0x00000000039ce000 	/System/Library/PrivateFrameworks/ChunkingLibrary.framework/Versions/A/ChunkingLibrary
0x0000000100e00000 	/Library/Java/JavaVirtualMachines/jdk1.8.0_121.jdk/Contents/Home/jre/lib/server/libjvm.dylib
0x0000000101da2000 	/usr/lib/libstdc++.6.dylib
0x000000010056b000 	/Library/Java/JavaVirtualMachines/jdk1.8.0_121.jdk/Contents/Home/jre/lib/libverify.dylib
0x0000000100579000 	/Library/Java/JavaVirtualMachines/jdk1.8.0_121.jdk/Contents/Home/jre/lib/libjava.dylib
0x00000001005b8000 	/Library/Java/JavaVirtualMachines/jdk1.8.0_121.jdk/Contents/Home/jre/lib/libzip.dylib
0x00000001005e1000 	/System/Library/Frameworks/JavaVM.framework/Frameworks/JavaRuntimeSupport.framework/JavaRuntimeSupport
0x0000000105249000 	/System/Library/Frameworks/JavaVM.framework/Versions/A/Frameworks/JavaNativeFoundation.framework/Versions/A/JavaNativeFoundation
0x000000010525e000 	/System/Library/Frameworks/JavaVM.framework/Versions/A/JavaVM
0x00000000039ce000 	/System/Library/Frameworks/Carbon.framework/Versions/A/Carbon
0x000000010526b000 	/System/Library/PrivateFrameworks/JavaLaunching.framework/Versions/A/JavaLaunching
0x00000000039ce000 	/System/Library/Frameworks/Carbon.framework/Versions/A/Frameworks/CommonPanels.framework/Versions/A/CommonPanels
0x00000000039ce000 	/System/Library/Frameworks/Carbon.framework/Versions/A/Frameworks/Help.framework/Versions/A/Help
0x00000000039ce000 	/System/Library/Frameworks/Carbon.framework/Versions/A/Frameworks/ImageCapture.framework/Versions/A/ImageCapture
0x00000000039ce000 	/System/Library/Frameworks/Carbon.framework/Versions/A/Frameworks/OpenScripting.framework/Versions/A/OpenScripting
0x00000000039ce000 	/System/Library/Frameworks/Carbon.framework/Versions/A/Frameworks/Print.framework/Versions/A/Print
0x00000000039ce000 	/System/Library/Frameworks/Carbon.framework/Versions/A/Frameworks/SecurityHI.framework/Versions/A/SecurityHI
0x0000000106c0c000 	/Library/Java/JavaVirtualMachines/jdk1.8.0_121.jdk/Contents/Home/jre/lib/libprism_es2.dylib
0x0000000106c72000 	/System/Library/Frameworks/OpenGL.framework/Resources/GLEngine.bundle/GLEngine
0x00000000039ce000 	/System/Library/Frameworks/OpenGL.framework/Versions/A/Libraries/libGLProgrammability.dylib
0x0000000106e57000 	/System/Library/Extensions/AppleIntelSKLGraphicsGLDriver.bundle/Contents/MacOS/AppleIntelSKLGraphicsGLDriver
0x00000000039ce000 	/System/Library/PrivateFrameworks/GPUSupport.framework/Versions/A/Libraries/libGPUSupportMercury.dylib
0x0000000107be6000 	/System/Library/Frameworks/OpenGL.framework/Resources//GLRendererFloat.bundle/GLRendererFloat
0x00000000039ce000 	/System/Library/Frameworks/OpenCL.framework/Versions/A/Libraries/libcldcpuengine.dylib
0x00000000039ce000 	/usr/lib/libcrypto.0.9.8.dylib
0x00000000039ce000 	/System/Library/PrivateFrameworks/TrustEvaluationAgent.framework/Versions/A/TrustEvaluationAgent
0x0000000108009000 	/Library/Java/JavaVirtualMachines/jdk1.8.0_121.jdk/Contents/Home/jre/lib/libglass.dylib
0x00000000039ce000 	/System/Library/PrivateFrameworks/CoreServicesInternal.framework/Versions/A/CoreServicesInternal
0x00000000039ce000 	/System/Library/CoreServices/RawCamera.bundle/Contents/MacOS/RawCamera
0x00000001084c5000 	/System/Library/Frameworks/Accelerate.framework/Frameworks/vImage.framework/Versions/A/Libraries/libCGInterfaces.dylib
0x00000000039ce000 	/System/Library/PrivateFrameworks/FamilyControls.framework/Versions/A/FamilyControls
0x00000000039ce000 	/System/Library/PrivateFrameworks/CommerceKit.framework/Versions/A/Frameworks/CommerceCore.framework/Versions/A/CommerceCore
0x00000000039ce000 	/System/Library/PrivateFrameworks/SystemAdministration.framework/Versions/A/SystemAdministration
0x00000000039ce000 	/System/Library/PrivateFrameworks/AppContainer.framework/Versions/A/AppContainer
0x00000000039ce000 	/System/Library/PrivateFrameworks/SecCodeWrapper.framework/Versions/A/SecCodeWrapper
0x00000000039ce000 	/System/Library/Frameworks/DirectoryService.framework/Versions/A/DirectoryService
0x00000000039ce000 	/System/Library/PrivateFrameworks/DiskImages.framework/Versions/A/DiskImages
0x00000000039ce000 	/System/Library/PrivateFrameworks/LoginUIKit.framework/Versions/A/Frameworks/LoginUICore.framework/Versions/A/LoginUICore
0x00000000039ce000 	/usr/lib/libCoreStorage.dylib
0x00000000039ce000 	/usr/lib/libcsfde.dylib
0x00000000039ce000 	/usr/lib/libodfde.dylib
0x00000000039ce000 	/System/Library/Frameworks/DiscRecording.framework/Versions/A/DiscRecording
0x00000000039ce000 	/usr/lib/libcurl.4.dylib
0x00000000039ce000 	/System/Library/PrivateFrameworks/MediaKit.framework/Versions/A/MediaKit
0x00000000039ce000 	/System/Library/PrivateFrameworks/ProtectedCloudStorage.framework/Versions/A/ProtectedCloudStorage
0x00000000039ce000 	/System/Library/PrivateFrameworks/EFILogin.framework/Versions/A/EFILogin
0x00000000039ce000 	/usr/lib/libutil.dylib
0x00000000039ce000 	/System/Library/Frameworks/LDAP.framework/Versions/A/LDAP
0x00000000039ce000 	/usr/lib/libsasl2.2.dylib
0x00000000039ce000 	/System/Library/PrivateFrameworks/CoreDaemon.framework/Versions/B/CoreDaemon
0x00000000039ce000 	/System/Library/PrivateFrameworks/AppleSRP.framework/Versions/A/AppleSRP
0x00000000039ce000 	/System/Library/PrivateFrameworks/APFS.framework/Versions/A/APFS
0x000000010849f000 	/Library/Java/JavaVirtualMachines/jdk1.8.0_121.jdk/Contents/Home/jre/lib/libjavafx_font.dylib
0x00000000039ce000 	/System/Library/Frameworks/ApplicationServices.framework/Versions/A/Frameworks/ATS.framework/Versions/A/Resources/libTrueTypeScaler.dylib
0x0000000125a0a000 	/System/Library/Extensions/AppleIntelSKLGraphicsMTLDriver.bundle/Contents/MacOS/AppleIntelSKLGraphicsMTLDriver
0x00000000039ce000 	/System/Library/PrivateFrameworks/ViewBridge.framework/Versions/A/ViewBridge
0x00000000039ce000 	/System/Library/PrivateFrameworks/XPCService.framework/Versions/A/XPCService
0x00000000039ce000 	/System/Library/PrivateFrameworks/AppSandbox.framework/Versions/A/AppSandbox
0x00000000039ce000 	/usr/lib/libsandbox.1.dylib
0x00000000039ce000 	/usr/lib/libMatch.1.dylib

VM Arguments:
jvm_args: -Dfile.encoding=UTF-8 
java_command: /Users/holt/GitHub/CS4330/RandomGrid/dist/run761074180/RandomGrid.jar
java_class_path (initial): /Users/holt/GitHub/CS4330/RandomGrid/dist/run761074180/RandomGrid.jar
Launcher Type: SUN_STANDARD

Environment Variables:
PATH=/usr/bin:/bin:/usr/sbin:/sbin
LD_LIBRARY_PATH=/Library/Java/JavaVirtualMachines/jdk1.8.0_121.jdk/Contents/Home/jre/lib/amd64:/Library/Java/JavaVirtualMachines/jdk1.8.0_121.jdk/Contents/Home/jre/lib/i386:
SHELL=/bin/bash

Signal Handlers:
SIGSEGV: [libjvm.dylib+0x5b1141], sa_mask[0]=11111111011111110111111111111111, sa_flags=SA_ONSTACK|SA_RESTART|SA_SIGINFO
SIGBUS: [libjvm.dylib+0x5b1141], sa_mask[0]=11111111011111110111111111111111, sa_flags=SA_RESTART|SA_SIGINFO
SIGFPE: [libjvm.dylib+0x487bc4], sa_mask[0]=11111111011111110111111111111111, sa_flags=SA_RESTART|SA_SIGINFO
SIGPIPE: [libjvm.dylib+0x487bc4], sa_mask[0]=11111111011111110111111111111111, sa_flags=SA_RESTART|SA_SIGINFO
SIGXFSZ: [libjvm.dylib+0x487bc4], sa_mask[0]=11111111011111110111111111111111, sa_flags=SA_RESTART|SA_SIGINFO
SIGILL: [libjvm.dylib+0x487bc4], sa_mask[0]=11111111011111110111111111111111, sa_flags=SA_RESTART|SA_SIGINFO
SIGUSR1: SIG_DFL, sa_mask[0]=00000000000000000000000000000000, sa_flags=none
SIGUSR2: [libjvm.dylib+0x4876e2], sa_mask[0]=00100000000000000000000000000000, sa_flags=SA_RESTART|SA_SIGINFO
SIGHUP: [libjvm.dylib+0x485cb9], sa_mask[0]=11111111011111110111111111111111, sa_flags=SA_RESTART|SA_SIGINFO
SIGINT: SIG_IGN, sa_mask[0]=00000000000000000000000000000000, sa_flags=none
SIGTERM: [libjvm.dylib+0x485cb9], sa_mask[0]=11111111011111110111111111111111, sa_flags=SA_RESTART|SA_SIGINFO
SIGQUIT: [libjvm.dylib+0x485cb9], sa_mask[0]=11111111011111110111111111111111, sa_flags=SA_RESTART|SA_SIGINFO


---------------  S Y S T E M  ---------------

OS:Bsduname:Darwin 16.5.0 Darwin Kernel Version 16.5.0: Mon Jan 16 17:15:31 PST 2017; root:xnu-3789.50.189~27/RELEASE_X86_64 x86_64
rlimit: STACK 8192k, CORE 0k, NPROC 709, NOFILE 10240, AS infinity
load average:2.71 4.21 4.08

CPU:total 4 (2 cores per cpu, 2 threads per core) family 6 model 78 stepping 3, cmov, cx8, fxsr, mmx, sse, sse2, sse3, ssse3, sse4.1, sse4.2, popcnt, avx, avx2, aes, clmul, erms, 3dnowpref, lzcnt, ht, tsc, tscinvbit, bmi1, bmi2, adx

Memory: 4k page, physical 16777216k(2645448k free)

/proc/meminfo:


vm_info: Java HotSpot(TM) 64-Bit Server VM (25.121-b13) for bsd-amd64 JRE (1.8.0_121-b13), built on Dec 12 2016 20:39:32 by "java_re" with gcc 4.2.1 (Based on Apple Inc. build 5658) (LLVM build 2336.11.00)

time: Sat Jan 28 18:58:59 2017
elapsed time: 6 seconds (0d 0h 0m 6s)

