#
# A fatal error has been detected by the Java Runtime Environment:
#
#  SIGSEGV (0xb) at pc=0x00000001297dab02, pid=2201, tid=0x0000000000004d03
#
# JRE version: Java(TM) SE Runtime Environment (8.0_121-b13) (build 1.8.0_121-b13)
# Java VM: Java HotSpot(TM) 64-Bit Server VM (25.121-b13 mixed mode bsd-amd64 compressed oops)
# Problematic frame:
# C  [AppleIntelSKLGraphicsGLDriver+0x902b02]  glrBindContextReadFramebuffer+0xb8
#
# Failed to write core dump. Core dumps have been disabled. To enable core dumping, try "ulimit -c unlimited" before starting Java again
#
# If you would like to submit a bug report, please visit:
#   http://bugreport.java.com/bugreport/crash.jsp
# The crash happened outside the Java Virtual Machine in native code.
# See problematic frame for where to report the bug.
#

---------------  T H R E A D  ---------------

Current thread (0x00007fa117893800):  JavaThread "QuantumRenderer-0" daemon [_thread_in_native, id=19715, stack(0x0000700002421000,0x0000700002521000)]

siginfo: si_signo: 11 (SIGSEGV), si_code: 0 (unknown), si_addr: 0x0000000000000000

Registers:
RAX=0xb000000000000000, RBX=0x00007fa118957e00, RCX=0x00007fa1177d4280, RDX=0x0000000000000000
RSP=0x0000700002520200, RBP=0x0000700002520240, RSI=0x00007fa11c048c10, RDI=0x00007fa118957e00
R8 =0x0000000000000000, R9 =0x0000000000000000, R10=0x0000000000000000, R11=0x0000000000000320
R12=0x00007fa11a80b014, R13=0x00007fa11c048c10, R14=0x00007fa118957e00, R15=0x00007fa118962df0
RIP=0x00000001297dab02, EFLAGS=0x0000000000010202, ERR=0x0000000000000000
  TRAPNO=0x000000000000000d

Top of Stack: (sp=0x0000700002520200)
0x0000700002520200:   0000000000000001 0000000000000000
0x0000700002520210:   0000000000000000 00007fa118957e00
0x0000700002520220:   00007fa11a80b014 00007fa119807d98
0x0000700002520230:   00007fa11c048c10 0000000000000000
0x0000700002520240:   0000700002520260 00007fffd50d5d5f
0x0000700002520250:   00007fa11a800000 0000000000000000
0x0000700002520260:   00007000025202a0 0000000128dff038
0x0000700002520270:   0000000000000502 00007fa11a800000
0x0000700002520280:   0000000000000000 0000000000000000
0x0000700002520290:   00000000000004ca 0000000000004000
0x00007000025202a0:   0000700002520360 0000000128d49b33
0x00007000025202b0:   00007fa1175ced40 00007fa117720460
0x00007000025202c0:   0000700002520300 00007fffd50d5ce1
0x00007000025202d0:   00007fa11a000420 0000000000000000
0x00007000025202e0:   0000700002520340 0000000000000014
0x00007000025202f0:   00007fa11a800000 0000000000000001
0x0000700002520300:   0000700002520330 0000000128dd0c1a
0x0000700002520310:   cffe93ef4b0c00f9 00007fa1176b6190
0x0000700002520320:   0000032000000000 0000000000000000
0x0000700002520330:   00007fa119807b90 00007fa119126e00
0x0000700002520340:   000000000000000c 0000000000000014
0x0000700002520350:   0000000000004000 0000000000002601
0x0000700002520360:   00007000025203b0 00007fffcb81c05d
0x0000700002520370:   0000000000000000 00000000000004ca
0x0000700002520380:   0000700000000320 0000000100004000
0x0000700002520390:   0000000100002601 00007fa1176b6190
0x00007000025203a0:   00007fa1176b5400 0000000000000008
0x00007000025203b0:   0000700002520410 000000012a0969d2
0x00007000025203c0:   00000000000004ca 00007fff00000320
0x00007000025203d0:   0000700000004000 00007fff00002601
0x00007000025203e0:   00007fa1181e5000 00007fa1176b6150
0x00007000025203f0:   00007fffdc13bb00 0000000116e09b20 

Instructions: (pc=0x00000001297dab02)
0x00000001297daae2:   c7 45 c8 00 00 00 00 4d 85 ed 74 74 49 8b 4e 38
0x00000001297daaf2:   31 c0 48 85 c9 41 b8 00 00 00 00 74 2d 48 8b 01
0x00000001297dab02:   0f b7 80 b0 00 00 00 8d 88 20 73 ff ff 31 d2 85
0x00000001297dab12:   c0 48 0f 45 d1 49 8b 4d 08 48 8b 04 d1 4c 8b 41 

Register to memory mapping:

RAX=0xb000000000000000 is an unknown value
RBX=0x00007fa118957e00 is an unknown value
RCX=0x00007fa1177d4280 is an unknown value
RDX=0x0000000000000000 is an unknown value
RSP=0x0000700002520200 is pointing into the stack for thread: 0x00007fa117893800
RBP=0x0000700002520240 is pointing into the stack for thread: 0x00007fa117893800
RSI=0x00007fa11c048c10 is an unknown value
RDI=0x00007fa118957e00 is an unknown value
R8 =0x0000000000000000 is an unknown value
R9 =0x0000000000000000 is an unknown value
R10=0x0000000000000000 is an unknown value
R11=0x0000000000000320 is an unknown value
R12=0x00007fa11a80b014 is an unknown value
R13=0x00007fa11c048c10 is an unknown value
R14=0x00007fa118957e00 is an unknown value
R15=0x00007fa118962df0 is an unknown value


Stack: [0x0000700002421000,0x0000700002521000],  sp=0x0000700002520200,  free space=1020k
Native frames: (J=compiled Java code, j=interpreted, Vv=VM code, C=native code)
C  [AppleIntelSKLGraphicsGLDriver+0x902b02]  glrBindContextReadFramebuffer+0xb8
C  [libGPUSupportMercury.dylib+0x4d5f]  gldUpdateReadFramebuffer+0x61
C  [GLEngine+0x10c038]  gleUpdateReadFramebufferState+0x1a9
C  [GLEngine+0x56b33]  glBlitFramebufferEXT_Exec+0xa7
C  [libGL.dylib+0x605d]  glBlitFramebuffer+0x58
C  [libglass.dylib+0xc9d2]  -[GlassFrameBufferObject blitFromFBO:]+0xb2
C  [libglass.dylib+0x1249e]  -[GlassOffscreen blitFromOffscreen:]+0x3e
C  [libglass.dylib+0xf355]  -[GlassLayer3D flush]+0x35
C  [libglass.dylib+0x1b201]  Java_com_sun_glass_ui_mac_MacView__1end+0xb1
j  com.sun.glass.ui.mac.MacView._end(J)V+0
j  com.sun.glass.ui.View.unlock()V+9
j  com.sun.prism.PresentableState.unlock()V+11
j  com.sun.javafx.tk.quantum.PresentingPainter.run()V+479
j  java.util.concurrent.Executors$RunnableAdapter.call()Ljava/lang/Object;+4
j  java.util.concurrent.FutureTask.runAndReset()Z+47
j  com.sun.javafx.tk.RenderJob.run()V+1
j  java.util.concurrent.ThreadPoolExecutor.runWorker(Ljava/util/concurrent/ThreadPoolExecutor$Worker;)V+95
j  java.util.concurrent.ThreadPoolExecutor$Worker.run()V+5
j  com.sun.javafx.tk.quantum.QuantumRenderer$PipelineRunnable.run()V+8
j  java.lang.Thread.run()V+11
v  ~StubRoutines::call_stub
V  [libjvm.dylib+0x2ed9d6]
V  [libjvm.dylib+0x2ee164]
V  [libjvm.dylib+0x2ee310]
V  [libjvm.dylib+0x348a5d]
V  [libjvm.dylib+0x56ab0f]
V  [libjvm.dylib+0x56c1fc]
V  [libjvm.dylib+0x48a5b2]
C  [libsystem_pthread.dylib+0x3aab]  _pthread_body+0xb4
C  [libsystem_pthread.dylib+0x39f7]  _pthread_body+0x0
C  [libsystem_pthread.dylib+0x31fd]  thread_start+0xd
C  0x0000000000000000

Java frames: (J=compiled Java code, j=interpreted, Vv=VM code)
j  com.sun.glass.ui.mac.MacView._end(J)V+0
j  com.sun.glass.ui.View.unlock()V+9
j  com.sun.prism.PresentableState.unlock()V+11
j  com.sun.javafx.tk.quantum.PresentingPainter.run()V+479
j  java.util.concurrent.Executors$RunnableAdapter.call()Ljava/lang/Object;+4
j  java.util.concurrent.FutureTask.runAndReset()Z+47
j  com.sun.javafx.tk.RenderJob.run()V+1
j  java.util.concurrent.ThreadPoolExecutor.runWorker(Ljava/util/concurrent/ThreadPoolExecutor$Worker;)V+95
j  java.util.concurrent.ThreadPoolExecutor$Worker.run()V+5
j  com.sun.javafx.tk.quantum.QuantumRenderer$PipelineRunnable.run()V+8
j  java.lang.Thread.run()V+11
v  ~StubRoutines::call_stub

---------------  P R O C E S S  ---------------

Java Threads: ( => current thread )
  0x00007fa11918a800 JavaThread "Prism Font Disposer" daemon [_thread_blocked, id=54851, stack(0x0000700002830000,0x0000700002930000)]
  0x00007fa1178b2000 JavaThread "JavaFX-Launcher" [_thread_blocked, id=52995, stack(0x000070000272d000,0x000070000282d000)]
  0x00007fa11914f000 JavaThread "Thread-3" daemon [_thread_in_native, id=36867, stack(0x0000700002627000,0x00007000026a7000)]
  0x00007fa118982800 JavaThread "JavaFX Application Thread" [_thread_blocked, id=775, stack(0x00007fff53f50000,0x00007fff54750000)]
  0x00007fa11789f800 JavaThread "Thread-1" daemon [_thread_blocked, id=25095, stack(0x0000700002524000,0x0000700002624000)]
=>0x00007fa117893800 JavaThread "QuantumRenderer-0" daemon [_thread_in_native, id=19715, stack(0x0000700002421000,0x0000700002521000)]
  0x00007fa117812800 JavaThread "Service Thread" daemon [_thread_blocked, id=18691, stack(0x000070000221b000,0x000070000231b000)]
  0x00007fa11880e000 JavaThread "C1 CompilerThread2" daemon [_thread_blocked, id=18179, stack(0x0000700002118000,0x0000700002218000)]
  0x00007fa11908a000 JavaThread "C2 CompilerThread1" daemon [_thread_in_native, id=17667, stack(0x0000700002015000,0x0000700002115000)]
  0x00007fa119088000 JavaThread "C2 CompilerThread0" daemon [_thread_in_native, id=17155, stack(0x0000700001f12000,0x0000700002012000)]
  0x00007fa119033000 JavaThread "Signal Dispatcher" daemon [_thread_blocked, id=16643, stack(0x0000700001e0f000,0x0000700001f0f000)]
  0x00007fa118803800 JavaThread "Finalizer" daemon [_thread_blocked, id=12547, stack(0x0000700001d0c000,0x0000700001e0c000)]
  0x00007fa118015000 JavaThread "Reference Handler" daemon [_thread_blocked, id=12035, stack(0x0000700001c09000,0x0000700001d09000)]
  0x00007fa119001800 JavaThread "main" [_thread_blocked, id=3587, stack(0x000070000146e000,0x000070000156e000)]

Other Threads:
  0x00007fa118010800 VMThread [stack: 0x0000700001b06000,0x0000700001c06000] [id=11523]
  0x00007fa11801f000 WatcherThread [stack: 0x000070000231e000,0x000070000241e000] [id=19203]

VM state:not at safepoint (normal execution)

VM Mutex/Monitor currently owned by a thread: None

Heap:
 PSYoungGen      total 76288K, used 38477K [0x000000076ab00000, 0x0000000770000000, 0x00000007c0000000)
  eden space 65536K, 58% used [0x000000076ab00000,0x000000076d093620,0x000000076eb00000)
  from space 10752K, 0% used [0x000000076f580000,0x000000076f580000,0x0000000770000000)
  to   space 10752K, 0% used [0x000000076eb00000,0x000000076eb00000,0x000000076f580000)
 ParOldGen       total 175104K, used 0K [0x00000006c0000000, 0x00000006cab00000, 0x000000076ab00000)
  object space 175104K, 0% used [0x00000006c0000000,0x00000006c0000000,0x00000006cab00000)
 Metaspace       used 15122K, capacity 15770K, committed 15872K, reserved 1062912K
  class space    used 2109K, capacity 2271K, committed 2304K, reserved 1048576K

Card table byte_map: [0x000000010d3c0000,0x000000010dbc1000] byte_map_base: 0x0000000109dc0000

Marking Bits: (ParMarkBitMap*) 0x000000010be51d30
 Begin Bits: [0x000000010e117000, 0x0000000112117000)
 End Bits:   [0x0000000112117000, 0x0000000116117000)

Polling page: 0x000000010c5ff000

CodeCache: size=245760Kb used=5542Kb max_used=5558Kb free=240217Kb
 bounds [0x0000000118102000, 0x0000000118682000, 0x0000000127102000]
 total_blobs=2280 nmethods=1661 adapters=532
 compilation: enabled

Compilation events (10 events):
Event: 9.406 Thread 0x00007fa11880e000 nmethod 1697 0x00000001186410d0 code [0x0000000118641360, 0x0000000118642628]
Event: 9.407 Thread 0x00007fa11880e000 1699       3       javafx.scene.layout.GridPane::isFillWidth (10 bytes)
Event: 9.407 Thread 0x00007fa11880e000 nmethod 1699 0x0000000118643250 code [0x0000000118643440, 0x0000000118643eb8]
Event: 9.407 Thread 0x00007fa11880e000 1717       3       javafx.scene.Node::impl_isDirty (21 bytes)
Event: 9.408 Thread 0x00007fa11880e000 nmethod 1717 0x0000000118644390 code [0x0000000118644500, 0x00000001186447b0]
Event: 9.408 Thread 0x00007fa11880e000 1724       2       javafx.scene.Node::updateLocalToParentTransform (442 bytes)
Event: 9.415 Thread 0x00007fa11880e000 nmethod 1724 0x0000000118644890 code [0x0000000118644f00, 0x0000000118646a18]
Event: 9.415 Thread 0x00007fa11880e000 1716 % !   3       javafx.scene.layout.GridPane::layoutChildren @ 428 (832 bytes)
Event: 9.438 Thread 0x00007fa11880e000 nmethod 1716% 0x0000000118648d50 code [0x0000000118649a60, 0x0000000118655898]
Event: 9.438 Thread 0x00007fa11880e000 1741       2       java.util.Arrays::equals (60 bytes)

GC Heap History (0 events):
No events

Deoptimization events (10 events):
Event: 2.468 Thread 0x00007fa117893800 Uncommon trap: reason=unstable_if action=reinterpret pc=0x00000001185c93e0 method=com.sun.javafx.geom.transform.AffineBase.updateState2D()V @ 95
Event: 8.276 Thread 0x00007fa118982800 Uncommon trap: reason=unstable_if action=reinterpret pc=0x0000000118603aac method=java.lang.Double.isNaN(D)Z @ 3
Event: 8.956 Thread 0x00007fa118982800 Uncommon trap: reason=unstable_if action=reinterpret pc=0x000000011861e59c method=javafx.scene.Node.impl_intersectsBounds(Lcom/sun/javafx/geom/PickRay;)D @ 131
Event: 9.392 Thread 0x00007fa118982800 Uncommon trap: reason=unstable_if action=reinterpret pc=0x0000000118516be8 method=javafx.scene.Node.hasProperties()Z @ 4
Event: 9.407 Thread 0x00007fa118982800 Uncommon trap: reason=unstable_if action=reinterpret pc=0x0000000118531e20 method=javafx.scene.Node.impl_isDirty(Lcom/sun/javafx/scene/DirtyBits;)Z @ 12
Event: 9.407 Thread 0x00007fa118982800 Uncommon trap: reason=class_check action=maybe_recompile pc=0x0000000118589ebc method=javafx.scene.Node.updateLocalToParentTransform()V @ 11
Event: 9.407 Thread 0x00007fa118982800 Uncommon trap: reason=class_check action=maybe_recompile pc=0x0000000118589ebc method=javafx.scene.Node.updateLocalToParentTransform()V @ 11
Event: 9.407 Thread 0x00007fa118982800 Uncommon trap: reason=class_check action=maybe_recompile pc=0x0000000118589ebc method=javafx.scene.Node.updateLocalToParentTransform()V @ 11
Event: 9.407 Thread 0x00007fa118982800 Uncommon trap: reason=class_check action=maybe_recompile pc=0x0000000118589ebc method=javafx.scene.Node.updateLocalToParentTransform()V @ 11
Event: 9.419 Thread 0x00007fa117893800 Uncommon trap: reason=unstable_if action=reinterpret pc=0x00000001185d73cc method=java.util.Arrays.equals([F[F)Z @ 32

Internal exceptions (10 events):
Event: 0.798 Thread 0x00007fa118982800 Exception <a 'java/lang/NullPointerException'> (0x000000076bae6cf0) thrown at [/Users/java_re/workspace/8-2-build-macosx-x86_64/jdk8u121/8372/hotspot/src/share/vm/prims/jvm.cpp, line 1394]
Event: 0.957 Thread 0x00007fa118982800 Exception <a 'java/lang/ArrayIndexOutOfBoundsException'> (0x000000076bf1f488) thrown at [/Users/java_re/workspace/8-2-build-macosx-x86_64/jdk8u121/8372/hotspot/src/share/vm/runtime/sharedRuntime.cpp, line 605]
Event: 0.957 Thread 0x00007fa118982800 Exception <a 'java/lang/ArrayIndexOutOfBoundsException'> (0x000000076bf1ffd0) thrown at [/Users/java_re/workspace/8-2-build-macosx-x86_64/jdk8u121/8372/hotspot/src/share/vm/runtime/sharedRuntime.cpp, line 605]
Event: 0.957 Thread 0x00007fa118982800 Exception <a 'java/lang/ArrayIndexOutOfBoundsException'> (0x000000076bf21378) thrown at [/Users/java_re/workspace/8-2-build-macosx-x86_64/jdk8u121/8372/hotspot/src/share/vm/runtime/sharedRuntime.cpp, line 605]
Event: 0.958 Thread 0x00007fa118982800 Exception <a 'java/lang/ArrayIndexOutOfBoundsException'> (0x000000076bf25178) thrown at [/Users/java_re/workspace/8-2-build-macosx-x86_64/jdk8u121/8372/hotspot/src/share/vm/runtime/sharedRuntime.cpp, line 605]
Event: 0.961 Thread 0x00007fa118982800 Exception <a 'java/lang/ArrayIndexOutOfBoundsException'> (0x000000076bf2d1e8) thrown at [/Users/java_re/workspace/8-2-build-macosx-x86_64/jdk8u121/8372/hotspot/src/share/vm/runtime/sharedRuntime.cpp, line 605]
Event: 0.986 Thread 0x00007fa118982800 Exception <a 'java/lang/ArrayIndexOutOfBoundsException'> (0x000000076c00b0a8) thrown at [/Users/java_re/workspace/8-2-build-macosx-x86_64/jdk8u121/8372/hotspot/src/share/vm/runtime/sharedRuntime.cpp, line 605]
Event: 0.991 Thread 0x00007fa118982800 Exception <a 'java/lang/ArrayIndexOutOfBoundsException'> (0x000000076c04e058) thrown at [/Users/java_re/workspace/8-2-build-macosx-x86_64/jdk8u121/8372/hotspot/src/share/vm/runtime/sharedRuntime.cpp, line 605]
Event: 1.053 Thread 0x00007fa118982800 Implicit null exception at 0x0000000118371835 to 0x0000000118371a31
Event: 9.392 Thread 0x00007fa118982800 Implicit null exception at 0x0000000118516898 to 0x0000000118516bd1

Events (10 events):
Event: 9.407 Thread 0x00007fa118982800 DEOPT UNPACKING pc=0x0000000118107229 sp=0x00007fff54749140 mode 2
Event: 9.417 loading class com/sun/javafx/tk/quantum/QuantumToolkit
Event: 9.417 loading class com/sun/javafx/tk/quantum/QuantumToolkit done
Event: 9.417 loading class com/sun/javafx/tk/quantum/QuantumToolkit
Event: 9.417 loading class com/sun/javafx/tk/quantum/QuantumToolkit done
Event: 9.418 loading class com/sun/javafx/tk/RenderJob
Event: 9.418 loading class com/sun/javafx/tk/RenderJob done
Event: 9.419 Thread 0x00007fa117893800 Uncommon trap: trap_request=0xffffff65 fr.pc=0x00000001185d73cc
Event: 9.419 Thread 0x00007fa117893800 DEOPT PACKING pc=0x00000001185d73cc sp=0x000070000251eb10
Event: 9.419 Thread 0x00007fa117893800 DEOPT UNPACKING pc=0x0000000118107229 sp=0x000070000251eac0 mode 2


Dynamic libraries:
0x0000000051daa000 	/System/Library/Frameworks/Cocoa.framework/Versions/A/Cocoa
0x0000000051daa000 	/System/Library/Frameworks/Security.framework/Versions/A/Security
0x0000000051daa000 	/System/Library/Frameworks/ApplicationServices.framework/Versions/A/ApplicationServices
0x0000000051daa000 	/usr/lib/libz.1.dylib
0x0000000051daa000 	/usr/lib/libSystem.B.dylib
0x0000000051daa000 	/usr/lib/libobjc.A.dylib
0x0000000051daa000 	/System/Library/Frameworks/CoreFoundation.framework/Versions/A/CoreFoundation
0x0000000051daa000 	/System/Library/Frameworks/Foundation.framework/Versions/C/Foundation
0x0000000051daa000 	/System/Library/Frameworks/AppKit.framework/Versions/C/AppKit
0x0000000051daa000 	/System/Library/Frameworks/CoreData.framework/Versions/A/CoreData
0x0000000051daa000 	/System/Library/PrivateFrameworks/RemoteViewServices.framework/Versions/A/RemoteViewServices
0x0000000051daa000 	/System/Library/PrivateFrameworks/UIFoundation.framework/Versions/A/UIFoundation
0x0000000051daa000 	/System/Library/PrivateFrameworks/DFRFoundation.framework/Versions/A/DFRFoundation
0x0000000051daa000 	/usr/lib/libenergytrace.dylib
0x0000000051daa000 	/System/Library/PrivateFrameworks/SkyLight.framework/Versions/A/SkyLight
0x0000000051daa000 	/System/Library/Frameworks/CoreGraphics.framework/Versions/A/CoreGraphics
0x0000000051daa000 	/usr/lib/libScreenReader.dylib
0x0000000051daa000 	/System/Library/Frameworks/Accelerate.framework/Versions/A/Accelerate
0x0000000051daa000 	/System/Library/Frameworks/IOSurface.framework/Versions/A/IOSurface
0x0000000051daa000 	/System/Library/Frameworks/AudioToolbox.framework/Versions/A/AudioToolbox
0x0000000051daa000 	/System/Library/Frameworks/AudioUnit.framework/Versions/A/AudioUnit
0x0000000051daa000 	/System/Library/PrivateFrameworks/DataDetectorsCore.framework/Versions/A/DataDetectorsCore
0x0000000051daa000 	/System/Library/PrivateFrameworks/DesktopServicesPriv.framework/Versions/A/DesktopServicesPriv
0x0000000051daa000 	/System/Library/Frameworks/Carbon.framework/Versions/A/Frameworks/HIToolbox.framework/Versions/A/HIToolbox
0x0000000051daa000 	/usr/lib/libicucore.A.dylib
0x0000000051daa000 	/System/Library/Frameworks/QuartzCore.framework/Versions/A/QuartzCore
0x0000000051daa000 	/System/Library/Frameworks/Carbon.framework/Versions/A/Frameworks/SpeechRecognition.framework/Versions/A/SpeechRecognition
0x0000000051daa000 	/usr/lib/libauto.dylib
0x0000000051daa000 	/usr/lib/libxml2.2.dylib
0x0000000051daa000 	/System/Library/PrivateFrameworks/CoreUI.framework/Versions/A/CoreUI
0x0000000051daa000 	/System/Library/Frameworks/CoreAudio.framework/Versions/A/CoreAudio
0x0000000051daa000 	/System/Library/Frameworks/DiskArbitration.framework/Versions/A/DiskArbitration
0x0000000051daa000 	/usr/lib/liblangid.dylib
0x0000000051daa000 	/System/Library/PrivateFrameworks/MultitouchSupport.framework/Versions/A/MultitouchSupport
0x0000000051daa000 	/System/Library/Frameworks/IOKit.framework/Versions/A/IOKit
0x0000000051daa000 	/usr/lib/libDiagnosticMessagesClient.dylib
0x0000000051daa000 	/System/Library/Frameworks/CoreServices.framework/Versions/A/CoreServices
0x0000000051daa000 	/System/Library/PrivateFrameworks/PerformanceAnalysis.framework/Versions/A/PerformanceAnalysis
0x0000000051daa000 	/System/Library/PrivateFrameworks/GenerationalStorage.framework/Versions/A/GenerationalStorage
0x0000000051daa000 	/System/Library/Frameworks/OpenGL.framework/Versions/A/OpenGL
0x0000000051daa000 	/System/Library/Frameworks/CoreImage.framework/Versions/A/CoreImage
0x0000000051daa000 	/System/Library/Frameworks/CoreText.framework/Versions/A/CoreText
0x0000000051daa000 	/System/Library/Frameworks/ImageIO.framework/Versions/A/ImageIO
0x0000000051daa000 	/System/Library/PrivateFrameworks/Backup.framework/Versions/A/Backup
0x0000000051daa000 	/usr/lib/libarchive.2.dylib
0x0000000051daa000 	/System/Library/Frameworks/CFNetwork.framework/Versions/A/CFNetwork
0x0000000051daa000 	/System/Library/Frameworks/SystemConfiguration.framework/Versions/A/SystemConfiguration
0x0000000051daa000 	/usr/lib/libCRFSuite.dylib
0x0000000051daa000 	/usr/lib/libc++.1.dylib
0x0000000051daa000 	/usr/lib/libc++abi.dylib
0x0000000051daa000 	/usr/lib/system/libcache.dylib
0x0000000051daa000 	/usr/lib/system/libcommonCrypto.dylib
0x0000000051daa000 	/usr/lib/system/libcompiler_rt.dylib
0x0000000051daa000 	/usr/lib/system/libcopyfile.dylib
0x0000000051daa000 	/usr/lib/system/libcorecrypto.dylib
0x0000000051daa000 	/usr/lib/system/libdispatch.dylib
0x0000000051daa000 	/usr/lib/system/libdyld.dylib
0x0000000051daa000 	/usr/lib/system/libkeymgr.dylib
0x0000000051daa000 	/usr/lib/system/liblaunch.dylib
0x0000000051daa000 	/usr/lib/system/libmacho.dylib
0x0000000051daa000 	/usr/lib/system/libquarantine.dylib
0x0000000051daa000 	/usr/lib/system/libremovefile.dylib
0x0000000051daa000 	/usr/lib/system/libsystem_asl.dylib
0x0000000051daa000 	/usr/lib/system/libsystem_blocks.dylib
0x0000000051daa000 	/usr/lib/system/libsystem_c.dylib
0x0000000051daa000 	/usr/lib/system/libsystem_configuration.dylib
0x0000000051daa000 	/usr/lib/system/libsystem_coreservices.dylib
0x0000000051daa000 	/usr/lib/system/libsystem_coretls.dylib
0x0000000051daa000 	/usr/lib/system/libsystem_dnssd.dylib
0x0000000051daa000 	/usr/lib/system/libsystem_info.dylib
0x0000000051daa000 	/usr/lib/system/libsystem_kernel.dylib
0x0000000051daa000 	/usr/lib/system/libsystem_m.dylib
0x0000000051daa000 	/usr/lib/system/libsystem_malloc.dylib
0x0000000051daa000 	/usr/lib/system/libsystem_network.dylib
0x0000000051daa000 	/usr/lib/system/libsystem_networkextension.dylib
0x0000000051daa000 	/usr/lib/system/libsystem_notify.dylib
0x0000000051daa000 	/usr/lib/system/libsystem_platform.dylib
0x0000000051daa000 	/usr/lib/system/libsystem_pthread.dylib
0x0000000051daa000 	/usr/lib/system/libsystem_sandbox.dylib
0x0000000051daa000 	/usr/lib/system/libsystem_secinit.dylib
0x0000000051daa000 	/usr/lib/system/libsystem_symptoms.dylib
0x0000000051daa000 	/usr/lib/system/libsystem_trace.dylib
0x0000000051daa000 	/usr/lib/system/libunwind.dylib
0x0000000051daa000 	/usr/lib/system/libxpc.dylib
0x0000000051daa000 	/usr/lib/libbsm.0.dylib
0x0000000051daa000 	/usr/lib/system/libkxld.dylib
0x0000000051daa000 	/usr/lib/libcoretls.dylib
0x0000000051daa000 	/usr/lib/libcoretls_cfhelpers.dylib
0x0000000051daa000 	/usr/lib/libOpenScriptingUtil.dylib
0x0000000051daa000 	/usr/lib/libpam.2.dylib
0x0000000051daa000 	/usr/lib/libsqlite3.dylib
0x0000000051daa000 	/usr/lib/libxar.1.dylib
0x0000000051daa000 	/usr/lib/libbz2.1.0.dylib
0x0000000051daa000 	/usr/lib/liblzma.5.dylib
0x0000000051daa000 	/usr/lib/libnetwork.dylib
0x0000000051daa000 	/usr/lib/libpcap.A.dylib
0x0000000051daa000 	/System/Library/Frameworks/CoreServices.framework/Versions/A/Frameworks/FSEvents.framework/Versions/A/FSEvents
0x0000000051daa000 	/System/Library/Frameworks/CoreServices.framework/Versions/A/Frameworks/CarbonCore.framework/Versions/A/CarbonCore
0x0000000051daa000 	/System/Library/Frameworks/CoreServices.framework/Versions/A/Frameworks/Metadata.framework/Versions/A/Metadata
0x0000000051daa000 	/System/Library/Frameworks/CoreServices.framework/Versions/A/Frameworks/OSServices.framework/Versions/A/OSServices
0x0000000051daa000 	/System/Library/Frameworks/CoreServices.framework/Versions/A/Frameworks/SearchKit.framework/Versions/A/SearchKit
0x0000000051daa000 	/System/Library/Frameworks/CoreServices.framework/Versions/A/Frameworks/AE.framework/Versions/A/AE
0x0000000051daa000 	/System/Library/Frameworks/CoreServices.framework/Versions/A/Frameworks/LaunchServices.framework/Versions/A/LaunchServices
0x0000000051daa000 	/System/Library/Frameworks/CoreServices.framework/Versions/A/Frameworks/DictionaryServices.framework/Versions/A/DictionaryServices
0x0000000051daa000 	/System/Library/Frameworks/CoreServices.framework/Versions/A/Frameworks/SharedFileList.framework/Versions/A/SharedFileList
0x0000000051daa000 	/System/Library/Frameworks/NetFS.framework/Versions/A/NetFS
0x0000000051daa000 	/System/Library/PrivateFrameworks/NetAuth.framework/Versions/A/NetAuth
0x0000000051daa000 	/System/Library/PrivateFrameworks/login.framework/Versions/A/Frameworks/loginsupport.framework/Versions/A/loginsupport
0x0000000051daa000 	/System/Library/PrivateFrameworks/TCC.framework/Versions/A/TCC
0x0000000051daa000 	/usr/lib/libmecabra.dylib
0x0000000051daa000 	/System/Library/Frameworks/ApplicationServices.framework/Versions/A/Frameworks/ATS.framework/Versions/A/ATS
0x0000000051daa000 	/System/Library/Frameworks/ApplicationServices.framework/Versions/A/Frameworks/ColorSync.framework/Versions/A/ColorSync
0x0000000051daa000 	/System/Library/Frameworks/ApplicationServices.framework/Versions/A/Frameworks/HIServices.framework/Versions/A/HIServices
0x0000000051daa000 	/System/Library/Frameworks/ApplicationServices.framework/Versions/A/Frameworks/LangAnalysis.framework/Versions/A/LangAnalysis
0x0000000051daa000 	/System/Library/Frameworks/ApplicationServices.framework/Versions/A/Frameworks/PrintCore.framework/Versions/A/PrintCore
0x0000000051daa000 	/System/Library/Frameworks/ApplicationServices.framework/Versions/A/Frameworks/QD.framework/Versions/A/QD
0x0000000051daa000 	/System/Library/Frameworks/ApplicationServices.framework/Versions/A/Frameworks/SpeechSynthesis.framework/Versions/A/SpeechSynthesis
0x0000000051daa000 	/System/Library/Frameworks/Accelerate.framework/Versions/A/Frameworks/vImage.framework/Versions/A/vImage
0x0000000051daa000 	/System/Library/Frameworks/Accelerate.framework/Versions/A/Frameworks/vecLib.framework/Versions/A/vecLib
0x0000000051daa000 	/System/Library/Frameworks/Accelerate.framework/Versions/A/Frameworks/vecLib.framework/Versions/A/libvDSP.dylib
0x0000000051daa000 	/System/Library/Frameworks/Accelerate.framework/Versions/A/Frameworks/vecLib.framework/Versions/A/libBNNS.dylib
0x0000000051daa000 	/System/Library/Frameworks/Accelerate.framework/Versions/A/Frameworks/vecLib.framework/Versions/A/libQuadrature.dylib
0x0000000051daa000 	/System/Library/Frameworks/Accelerate.framework/Versions/A/Frameworks/vecLib.framework/Versions/A/libvMisc.dylib
0x0000000051daa000 	/System/Library/Frameworks/Accelerate.framework/Versions/A/Frameworks/vecLib.framework/Versions/A/libLAPACK.dylib
0x0000000051daa000 	/System/Library/Frameworks/Accelerate.framework/Versions/A/Frameworks/vecLib.framework/Versions/A/libBLAS.dylib
0x0000000051daa000 	/System/Library/Frameworks/Accelerate.framework/Versions/A/Frameworks/vecLib.framework/Versions/A/libLinearAlgebra.dylib
0x0000000051daa000 	/System/Library/Frameworks/Accelerate.framework/Versions/A/Frameworks/vecLib.framework/Versions/A/libSparseBLAS.dylib
0x0000000051daa000 	/System/Library/Frameworks/ApplicationServices.framework/Versions/A/Frameworks/ATS.framework/Versions/A/Resources/libFontParser.dylib
0x0000000051daa000 	/System/Library/Frameworks/ApplicationServices.framework/Versions/A/Frameworks/ATS.framework/Versions/A/Resources/libFontRegistry.dylib
0x0000000051daa000 	/System/Library/Frameworks/ImageIO.framework/Versions/A/Resources/libJPEG.dylib
0x0000000051daa000 	/System/Library/Frameworks/ImageIO.framework/Versions/A/Resources/libTIFF.dylib
0x0000000051daa000 	/System/Library/Frameworks/ImageIO.framework/Versions/A/Resources/libPng.dylib
0x0000000051daa000 	/System/Library/Frameworks/ImageIO.framework/Versions/A/Resources/libGIF.dylib
0x0000000051daa000 	/System/Library/Frameworks/ImageIO.framework/Versions/A/Resources/libJP2.dylib
0x0000000051daa000 	/System/Library/Frameworks/ImageIO.framework/Versions/A/Resources/libRadiance.dylib
0x0000000051daa000 	/usr/lib/libcompression.dylib
0x0000000051daa000 	/System/Library/PrivateFrameworks/AppleJPEG.framework/Versions/A/AppleJPEG
0x0000000051daa000 	/usr/lib/libcups.2.dylib
0x0000000051daa000 	/System/Library/Frameworks/Kerberos.framework/Versions/A/Kerberos
0x0000000051daa000 	/System/Library/Frameworks/GSS.framework/Versions/A/GSS
0x0000000051daa000 	/usr/lib/libresolv.9.dylib
0x0000000051daa000 	/usr/lib/libiconv.2.dylib
0x0000000051daa000 	/System/Library/PrivateFrameworks/Heimdal.framework/Versions/A/Heimdal
0x0000000051daa000 	/usr/lib/libheimdal-asn1.dylib
0x0000000051daa000 	/System/Library/Frameworks/OpenDirectory.framework/Versions/A/OpenDirectory
0x0000000051daa000 	/System/Library/PrivateFrameworks/CommonAuth.framework/Versions/A/CommonAuth
0x0000000051daa000 	/System/Library/Frameworks/OpenDirectory.framework/Versions/A/Frameworks/CFOpenDirectory.framework/Versions/A/CFOpenDirectory
0x0000000051daa000 	/System/Library/Frameworks/SecurityFoundation.framework/Versions/A/SecurityFoundation
0x0000000051daa000 	/System/Library/PrivateFrameworks/LanguageModeling.framework/Versions/A/LanguageModeling
0x0000000051daa000 	/usr/lib/libmarisa.dylib
0x0000000051daa000 	/usr/lib/libChineseTokenizer.dylib
0x0000000051daa000 	/usr/lib/libcmph.dylib
0x0000000051daa000 	/System/Library/PrivateFrameworks/CoreEmoji.framework/Versions/A/CoreEmoji
0x0000000051daa000 	/System/Library/Frameworks/ServiceManagement.framework/Versions/A/ServiceManagement
0x0000000051daa000 	/usr/lib/libxslt.1.dylib
0x0000000051daa000 	/System/Library/Frameworks/Carbon.framework/Versions/A/Frameworks/Ink.framework/Versions/A/Ink
0x0000000051daa000 	/System/Library/PrivateFrameworks/TextureIO.framework/Versions/A/TextureIO
0x0000000051daa000 	/System/Library/Frameworks/Metal.framework/Versions/A/Metal
0x0000000051daa000 	/usr/lib/libate.dylib
0x0000000051daa000 	/System/Library/PrivateFrameworks/GPUCompiler.framework/libmetal_timestamp.dylib
0x0000000051daa000 	/System/Library/Frameworks/OpenGL.framework/Versions/A/Libraries/libCoreFSCache.dylib
0x0000000051daa000 	/System/Library/PrivateFrameworks/IOAccelerator.framework/Versions/A/IOAccelerator
0x0000000051daa000 	/System/Library/Frameworks/CoreVideo.framework/Versions/A/CoreVideo
0x0000000051daa000 	/usr/lib/libFosl_dynamic.dylib
0x0000000051daa000 	/System/Library/PrivateFrameworks/MetalPerformanceShaders.framework/Versions/A/MetalPerformanceShaders
0x0000000051daa000 	/System/Library/PrivateFrameworks/FaceCore.framework/Versions/A/FaceCore
0x0000000051daa000 	/System/Library/Frameworks/OpenCL.framework/Versions/A/OpenCL
0x0000000051daa000 	/System/Library/Frameworks/OpenGL.framework/Versions/A/Libraries/libGLU.dylib
0x0000000051daa000 	/System/Library/Frameworks/OpenGL.framework/Versions/A/Libraries/libGFXShared.dylib
0x0000000051daa000 	/System/Library/Frameworks/OpenGL.framework/Versions/A/Libraries/libGL.dylib
0x0000000051daa000 	/System/Library/Frameworks/OpenGL.framework/Versions/A/Libraries/libGLImage.dylib
0x0000000051daa000 	/System/Library/Frameworks/OpenGL.framework/Versions/A/Libraries/libCVMSPluginSupport.dylib
0x0000000051daa000 	/System/Library/Frameworks/OpenGL.framework/Versions/A/Libraries/libCoreVMClient.dylib
0x0000000051daa000 	/System/Library/PrivateFrameworks/CrashReporterSupport.framework/Versions/A/CrashReporterSupport
0x0000000051daa000 	/System/Library/PrivateFrameworks/Sharing.framework/Versions/A/Sharing
0x0000000051daa000 	/System/Library/PrivateFrameworks/IconServices.framework/Versions/A/IconServices
0x0000000051daa000 	/System/Library/PrivateFrameworks/ProtocolBuffer.framework/Versions/A/ProtocolBuffer
0x0000000051daa000 	/System/Library/PrivateFrameworks/Apple80211.framework/Versions/A/Apple80211
0x0000000051daa000 	/System/Library/Frameworks/CoreWLAN.framework/Versions/A/CoreWLAN
0x0000000051daa000 	/System/Library/PrivateFrameworks/CoreUtils.framework/Versions/A/CoreUtils
0x0000000051daa000 	/System/Library/Frameworks/IOBluetooth.framework/Versions/A/IOBluetooth
0x0000000051daa000 	/System/Library/PrivateFrameworks/CoreWiFi.framework/Versions/A/CoreWiFi
0x0000000051daa000 	/System/Library/Frameworks/CoreBluetooth.framework/Versions/A/CoreBluetooth
0x0000000051daa000 	/System/Library/Frameworks/CoreDisplay.framework/Versions/A/CoreDisplay
0x0000000051daa000 	/System/Library/PrivateFrameworks/IOPresentment.framework/Versions/A/IOPresentment
0x0000000051daa000 	/System/Library/PrivateFrameworks/DSExternalDisplay.framework/Versions/A/DSExternalDisplay
0x0000000051daa000 	/System/Library/PrivateFrameworks/DebugSymbols.framework/Versions/A/DebugSymbols
0x0000000051daa000 	/System/Library/PrivateFrameworks/CoreSymbolication.framework/Versions/A/CoreSymbolication
0x0000000051daa000 	/System/Library/PrivateFrameworks/Symbolication.framework/Versions/A/Symbolication
0x0000000051daa000 	/System/Library/PrivateFrameworks/AppleFSCompression.framework/Versions/A/AppleFSCompression
0x0000000051daa000 	/System/Library/PrivateFrameworks/SpeechRecognitionCore.framework/Versions/A/SpeechRecognitionCore
0x0000000051daa000 	/System/Library/PrivateFrameworks/ChunkingLibrary.framework/Versions/A/ChunkingLibrary
0x000000010b561000 	/Library/Java/JavaVirtualMachines/jdk1.8.0_121.jdk/Contents/Home/jre/lib/server/libjvm.dylib
0x000000010c503000 	/usr/lib/libstdc++.6.dylib
0x000000010c5bc000 	/Library/Java/JavaVirtualMachines/jdk1.8.0_121.jdk/Contents/Home/jre/lib/libverify.dylib
0x000000010c5ca000 	/Library/Java/JavaVirtualMachines/jdk1.8.0_121.jdk/Contents/Home/jre/lib/libjava.dylib
0x000000010c609000 	/Library/Java/JavaVirtualMachines/jdk1.8.0_121.jdk/Contents/Home/jre/lib/libzip.dylib
0x000000010c7e4000 	/System/Library/Frameworks/JavaVM.framework/Frameworks/JavaRuntimeSupport.framework/JavaRuntimeSupport
0x000000011803c000 	/System/Library/Frameworks/JavaVM.framework/Versions/A/Frameworks/JavaNativeFoundation.framework/Versions/A/JavaNativeFoundation
0x0000000118051000 	/System/Library/Frameworks/JavaVM.framework/Versions/A/JavaVM
0x0000000051daa000 	/System/Library/Frameworks/Carbon.framework/Versions/A/Carbon
0x000000011805e000 	/System/Library/PrivateFrameworks/JavaLaunching.framework/Versions/A/JavaLaunching
0x0000000051daa000 	/System/Library/Frameworks/Carbon.framework/Versions/A/Frameworks/CommonPanels.framework/Versions/A/CommonPanels
0x0000000051daa000 	/System/Library/Frameworks/Carbon.framework/Versions/A/Frameworks/Help.framework/Versions/A/Help
0x0000000051daa000 	/System/Library/Frameworks/Carbon.framework/Versions/A/Frameworks/ImageCapture.framework/Versions/A/ImageCapture
0x0000000051daa000 	/System/Library/Frameworks/Carbon.framework/Versions/A/Frameworks/OpenScripting.framework/Versions/A/OpenScripting
0x0000000051daa000 	/System/Library/Frameworks/Carbon.framework/Versions/A/Frameworks/Print.framework/Versions/A/Print
0x0000000051daa000 	/System/Library/Frameworks/Carbon.framework/Versions/A/Frameworks/SecurityHI.framework/Versions/A/SecurityHI
0x0000000128c91000 	/Library/Java/JavaVirtualMachines/jdk1.8.0_121.jdk/Contents/Home/jre/lib/libprism_es2.dylib
0x0000000128cf3000 	/System/Library/Frameworks/OpenGL.framework/Resources/GLEngine.bundle/GLEngine
0x0000000051daa000 	/System/Library/Frameworks/OpenGL.framework/Versions/A/Libraries/libGLProgrammability.dylib
0x0000000128ed8000 	/System/Library/Extensions/AppleIntelSKLGraphicsGLDriver.bundle/Contents/MacOS/AppleIntelSKLGraphicsGLDriver
0x0000000051daa000 	/System/Library/PrivateFrameworks/GPUSupport.framework/Versions/A/Libraries/libGPUSupportMercury.dylib
0x0000000129c67000 	/System/Library/Frameworks/OpenGL.framework/Resources//GLRendererFloat.bundle/GLRendererFloat
0x0000000051daa000 	/System/Library/Frameworks/OpenCL.framework/Versions/A/Libraries/libcldcpuengine.dylib
0x0000000051daa000 	/usr/lib/libcrypto.0.9.8.dylib
0x0000000051daa000 	/System/Library/PrivateFrameworks/TrustEvaluationAgent.framework/Versions/A/TrustEvaluationAgent
0x000000012a08a000 	/Library/Java/JavaVirtualMachines/jdk1.8.0_121.jdk/Contents/Home/jre/lib/libglass.dylib
0x0000000051daa000 	/System/Library/PrivateFrameworks/CoreServicesInternal.framework/Versions/A/CoreServicesInternal
0x0000000051daa000 	/System/Library/CoreServices/RawCamera.bundle/Contents/MacOS/RawCamera
0x000000012a10c000 	/System/Library/Frameworks/Accelerate.framework/Frameworks/vImage.framework/Versions/A/Libraries/libCGInterfaces.dylib
0x0000000051daa000 	/System/Library/PrivateFrameworks/FamilyControls.framework/Versions/A/FamilyControls
0x0000000051daa000 	/System/Library/PrivateFrameworks/CommerceKit.framework/Versions/A/Frameworks/CommerceCore.framework/Versions/A/CommerceCore
0x0000000051daa000 	/System/Library/PrivateFrameworks/SystemAdministration.framework/Versions/A/SystemAdministration
0x0000000051daa000 	/System/Library/PrivateFrameworks/AppContainer.framework/Versions/A/AppContainer
0x0000000051daa000 	/System/Library/PrivateFrameworks/SecCodeWrapper.framework/Versions/A/SecCodeWrapper
0x0000000051daa000 	/System/Library/Frameworks/DirectoryService.framework/Versions/A/DirectoryService
0x0000000051daa000 	/System/Library/PrivateFrameworks/DiskImages.framework/Versions/A/DiskImages
0x0000000051daa000 	/System/Library/PrivateFrameworks/LoginUIKit.framework/Versions/A/Frameworks/LoginUICore.framework/Versions/A/LoginUICore
0x0000000051daa000 	/usr/lib/libCoreStorage.dylib
0x0000000051daa000 	/usr/lib/libcsfde.dylib
0x0000000051daa000 	/usr/lib/libodfde.dylib
0x0000000051daa000 	/System/Library/Frameworks/DiscRecording.framework/Versions/A/DiscRecording
0x0000000051daa000 	/usr/lib/libcurl.4.dylib
0x0000000051daa000 	/System/Library/PrivateFrameworks/MediaKit.framework/Versions/A/MediaKit
0x0000000051daa000 	/System/Library/PrivateFrameworks/ProtectedCloudStorage.framework/Versions/A/ProtectedCloudStorage
0x0000000051daa000 	/System/Library/PrivateFrameworks/EFILogin.framework/Versions/A/EFILogin
0x0000000051daa000 	/usr/lib/libutil.dylib
0x0000000051daa000 	/System/Library/Frameworks/LDAP.framework/Versions/A/LDAP
0x0000000051daa000 	/usr/lib/libsasl2.2.dylib
0x0000000051daa000 	/System/Library/PrivateFrameworks/CoreDaemon.framework/Versions/B/CoreDaemon
0x0000000051daa000 	/System/Library/PrivateFrameworks/AppleSRP.framework/Versions/A/AppleSRP
0x0000000051daa000 	/System/Library/PrivateFrameworks/APFS.framework/Versions/A/APFS
0x000000012d362000 	/Library/Java/JavaVirtualMachines/jdk1.8.0_121.jdk/Contents/Home/jre/lib/libjavafx_font.dylib
0x0000000051daa000 	/System/Library/Frameworks/ApplicationServices.framework/Versions/A/Frameworks/ATS.framework/Versions/A/Resources/libTrueTypeScaler.dylib
0x00000001301da000 	/System/Library/Extensions/AppleIntelSKLGraphicsMTLDriver.bundle/Contents/MacOS/AppleIntelSKLGraphicsMTLDriver
0x0000000051daa000 	/System/Library/PrivateFrameworks/ViewBridge.framework/Versions/A/ViewBridge
0x0000000051daa000 	/System/Library/PrivateFrameworks/XPCService.framework/Versions/A/XPCService
0x0000000051daa000 	/System/Library/PrivateFrameworks/AppSandbox.framework/Versions/A/AppSandbox
0x0000000051daa000 	/usr/lib/libsandbox.1.dylib
0x0000000051daa000 	/usr/lib/libMatch.1.dylib

VM Arguments:
jvm_args: -Dfile.encoding=UTF-8 
java_command: /Users/holt/GitHub/CS4330/RandomGrid/dist/run808440931/RandomGrid.jar
java_class_path (initial): /Users/holt/GitHub/CS4330/RandomGrid/dist/run808440931/RandomGrid.jar
Launcher Type: SUN_STANDARD

Environment Variables:
PATH=/usr/bin:/bin:/usr/sbin:/sbin
LD_LIBRARY_PATH=/Library/Java/JavaVirtualMachines/jdk1.8.0_121.jdk/Contents/Home/jre/lib/amd64:/Library/Java/JavaVirtualMachines/jdk1.8.0_121.jdk/Contents/Home/jre/lib/i386:
SHELL=/bin/bash

Signal Handlers:
SIGSEGV: [libjvm.dylib+0x5b1141], sa_mask[0]=11111111011111110111111111111111, sa_flags=SA_ONSTACK|SA_RESTART|SA_SIGINFO
SIGBUS: [libjvm.dylib+0x5b1141], sa_mask[0]=11111111011111110111111111111111, sa_flags=SA_RESTART|SA_SIGINFO
SIGFPE: [libjvm.dylib+0x487bc4], sa_mask[0]=11111111011111110111111111111111, sa_flags=SA_RESTART|SA_SIGINFO
SIGPIPE: [libjvm.dylib+0x487bc4], sa_mask[0]=11111111011111110111111111111111, sa_flags=SA_RESTART|SA_SIGINFO
SIGXFSZ: [libjvm.dylib+0x487bc4], sa_mask[0]=11111111011111110111111111111111, sa_flags=SA_RESTART|SA_SIGINFO
SIGILL: [libjvm.dylib+0x487bc4], sa_mask[0]=11111111011111110111111111111111, sa_flags=SA_RESTART|SA_SIGINFO
SIGUSR1: SIG_DFL, sa_mask[0]=00000000000000000000000000000000, sa_flags=none
SIGUSR2: [libjvm.dylib+0x4876e2], sa_mask[0]=00100000000000000000000000000000, sa_flags=SA_RESTART|SA_SIGINFO
SIGHUP: [libjvm.dylib+0x485cb9], sa_mask[0]=11111111011111110111111111111111, sa_flags=SA_RESTART|SA_SIGINFO
SIGINT: SIG_IGN, sa_mask[0]=00000000000000000000000000000000, sa_flags=none
SIGTERM: [libjvm.dylib+0x485cb9], sa_mask[0]=11111111011111110111111111111111, sa_flags=SA_RESTART|SA_SIGINFO
SIGQUIT: [libjvm.dylib+0x485cb9], sa_mask[0]=11111111011111110111111111111111, sa_flags=SA_RESTART|SA_SIGINFO


---------------  S Y S T E M  ---------------

OS:Bsduname:Darwin 16.5.0 Darwin Kernel Version 16.5.0: Mon Jan 16 17:15:31 PST 2017; root:xnu-3789.50.189~27/RELEASE_X86_64 x86_64
rlimit: STACK 8192k, CORE 0k, NPROC 709, NOFILE 10240, AS infinity
load average:3.06 1.85 1.74

CPU:total 4 (2 cores per cpu, 2 threads per core) family 6 model 78 stepping 3, cmov, cx8, fxsr, mmx, sse, sse2, sse3, ssse3, sse4.1, sse4.2, popcnt, avx, avx2, aes, clmul, erms, 3dnowpref, lzcnt, ht, tsc, tscinvbit, bmi1, bmi2, adx

Memory: 4k page, physical 16777216k(232840k free)

/proc/meminfo:


vm_info: Java HotSpot(TM) 64-Bit Server VM (25.121-b13) for bsd-amd64 JRE (1.8.0_121-b13), built on Dec 12 2016 20:39:32 by "java_re" with gcc 4.2.1 (Based on Apple Inc. build 5658) (LLVM build 2336.11.00)

time: Mon Jan 30 15:04:46 2017
elapsed time: 9 seconds (0d 0h 0m 9s)

