#
# A fatal error has been detected by the Java Runtime Environment:
#
#  SIGSEGV (0xb) at pc=0x0000000126571b02, pid=1582, tid=0x0000000000004d03
#
# JRE version: Java(TM) SE Runtime Environment (8.0_121-b13) (build 1.8.0_121-b13)
# Java VM: Java HotSpot(TM) 64-Bit Server VM (25.121-b13 mixed mode bsd-amd64 compressed oops)
# Problematic frame:
# C  [AppleIntelSKLGraphicsGLDriver+0x902b02]  glrBindContextReadFramebuffer+0xb8
#
# Failed to write core dump. Core dumps have been disabled. To enable core dumping, try "ulimit -c unlimited" before starting Java again
#
# If you would like to submit a bug report, please visit:
#   http://bugreport.java.com/bugreport/crash.jsp
# The crash happened outside the Java Virtual Machine in native code.
# See problematic frame for where to report the bug.
#

---------------  T H R E A D  ---------------

Current thread (0x00007ff4b208c000):  JavaThread "QuantumRenderer-0" daemon [_thread_in_native, id=19715, stack(0x000070000c19c000,0x000070000c29c000)]

siginfo: si_signo: 11 (SIGSEGV), si_code: 1 (SEGV_MAPERR), si_addr: 0xffffffff000000bb

Registers:
RAX=0xffffffff0000000b, RBX=0x00007ff4b28e2000, RCX=0x00007ff4b0ec3c70, RDX=0x0000000000000000
RSP=0x000070000c29b200, RBP=0x000070000c29b240, RSI=0x00007ff4b0f9fbe0, RDI=0x00007ff4b28e2000
R8 =0x0000000000000000, R9 =0x0000000000000000, R10=0x0000000000000000, R11=0x0000000000000320
R12=0x00007ff4b380c414, R13=0x00007ff4b0f9fbe0, R14=0x00007ff4b28e2000, R15=0x00007ff4b28ecff0
RIP=0x0000000126571b02, EFLAGS=0x0000000000010202, ERR=0x0000000000000004
  TRAPNO=0x000000000000000e

Top of Stack: (sp=0x000070000c29b200)
0x000070000c29b200:   0000000000000000 0000000000000000
0x000070000c29b210:   a4b828a700000000 00007ff4b28e2000
0x000070000c29b220:   00007ff4b380c414 00007ff4b5200478
0x000070000c29b230:   00007ff4b0f9fbe0 0000000000000000
0x000070000c29b240:   000070000c29b260 00007fffad90cd5f
0x000070000c29b250:   00007ff4b3801400 0000000000000000
0x000070000c29b260:   000070000c29b2a0 0000000125b96038
0x000070000c29b270:   0000000000000502 00007ff4b3801400
0x000070000c29b280:   0000000000000000 0000000000000000
0x000070000c29b290:   00000000000004b0 0000000000004000
0x000070000c29b2a0:   000070000c29b360 0000000125ae0b33
0x000070000c29b2b0:   0000000126e2d920 0000000000000000
0x000070000c29b2c0:   000070000c29b2e0 00007fffb4974677
0x000070000c29b2d0:   0000000000004d03 0000000126e66cc8
0x000070000c29b2e0:   000070000c29b340 00007fffb4973c0b
0x000070000c29b2f0:   0000000000004d03 0000000126e66cc8
0x000070000c29b300:   0000000126e66cc8 00007ff4b0ce5db0
0x000070000c29b310:   0000000000000000 0000000000008ca9
0x000070000c29b320:   0000032000000000 0000000000000000
0x000070000c29b330:   000007fffa000000 00007ff4b1a1a200
0x000070000c29b340:   000000000000000c 0000000000000014
0x000070000c29b350:   0000000000004000 0000000000002601
0x000070000c29b360:   000070000c29b3b0 00007fffa405305d
0x000070000c29b370:   0000000000000000 00000000000004b0
0x000070000c29b380:   0000700000000320 0000000100004000
0x000070000c29b390:   0000000100002601 00007ff4b0ce5db0
0x000070000c29b3a0:   00007ff4b0ce5c70 0000000000000008
0x000070000c29b3b0:   000070000c29b410 0000000126e2d9d2
0x000070000c29b3c0:   00000000000004b0 0000000000000320
0x000070000c29b3d0:   4683f40000004000 4683f40000002601
0x000070000c29b3e0:   0000000044160000 00007ff4b0ce5d70
0x000070000c29b3f0:   00007fffb4972b00 0000000122edeb20 

Instructions: (pc=0x0000000126571b02)
0x0000000126571ae2:   c7 45 c8 00 00 00 00 4d 85 ed 74 74 49 8b 4e 38
0x0000000126571af2:   31 c0 48 85 c9 41 b8 00 00 00 00 74 2d 48 8b 01
0x0000000126571b02:   0f b7 80 b0 00 00 00 8d 88 20 73 ff ff 31 d2 85
0x0000000126571b12:   c0 48 0f 45 d1 49 8b 4d 08 48 8b 04 d1 4c 8b 41 

Register to memory mapping:

RAX=0xffffffff0000000b is an unknown value
RBX=0x00007ff4b28e2000 is an unknown value
RCX=0x00007ff4b0ec3c70 is an unknown value
RDX=0x0000000000000000 is an unknown value
RSP=0x000070000c29b200 is pointing into the stack for thread: 0x00007ff4b208c000
RBP=0x000070000c29b240 is pointing into the stack for thread: 0x00007ff4b208c000
RSI=0x00007ff4b0f9fbe0 is an unknown value
RDI=0x00007ff4b28e2000 is an unknown value
R8 =0x0000000000000000 is an unknown value
R9 =0x0000000000000000 is an unknown value
R10=0x0000000000000000 is an unknown value
R11=0x0000000000000320 is an unknown value
R12=0x00007ff4b380c414 is an unknown value
R13=0x00007ff4b0f9fbe0 is an unknown value
R14=0x00007ff4b28e2000 is an unknown value
R15=0x00007ff4b28ecff0 is an unknown value


Stack: [0x000070000c19c000,0x000070000c29c000],  sp=0x000070000c29b200,  free space=1020k
Native frames: (J=compiled Java code, j=interpreted, Vv=VM code, C=native code)
C  [AppleIntelSKLGraphicsGLDriver+0x902b02]  glrBindContextReadFramebuffer+0xb8
C  [libGPUSupportMercury.dylib+0x4d5f]  gldUpdateReadFramebuffer+0x61
C  [GLEngine+0x10c038]  gleUpdateReadFramebufferState+0x1a9
C  [GLEngine+0x56b33]  glBlitFramebufferEXT_Exec+0xa7
C  [libGL.dylib+0x605d]  glBlitFramebuffer+0x58
C  [libglass.dylib+0xc9d2]  -[GlassFrameBufferObject blitFromFBO:]+0xb2
C  [libglass.dylib+0x1249e]  -[GlassOffscreen blitFromOffscreen:]+0x3e
C  [libglass.dylib+0xf355]  -[GlassLayer3D flush]+0x35
C  [libglass.dylib+0x1b201]  Java_com_sun_glass_ui_mac_MacView__1end+0xb1
j  com.sun.glass.ui.mac.MacView._end(J)V+0
j  com.sun.glass.ui.View.unlock()V+9
j  com.sun.prism.PresentableState.unlock()V+11
j  com.sun.javafx.tk.quantum.PresentingPainter.run()V+479
j  java.util.concurrent.Executors$RunnableAdapter.call()Ljava/lang/Object;+4
j  java.util.concurrent.FutureTask.runAndReset()Z+47
j  com.sun.javafx.tk.RenderJob.run()V+1
j  java.util.concurrent.ThreadPoolExecutor.runWorker(Ljava/util/concurrent/ThreadPoolExecutor$Worker;)V+95
j  java.util.concurrent.ThreadPoolExecutor$Worker.run()V+5
j  com.sun.javafx.tk.quantum.QuantumRenderer$PipelineRunnable.run()V+8
j  java.lang.Thread.run()V+11
v  ~StubRoutines::call_stub
V  [libjvm.dylib+0x2ed9d6]
V  [libjvm.dylib+0x2ee164]
V  [libjvm.dylib+0x2ee310]
V  [libjvm.dylib+0x348a5d]
V  [libjvm.dylib+0x56ab0f]
V  [libjvm.dylib+0x56c1fc]
V  [libjvm.dylib+0x48a5b2]
C  [libsystem_pthread.dylib+0x3aab]  _pthread_body+0xb4
C  [libsystem_pthread.dylib+0x39f7]  _pthread_body+0x0
C  [libsystem_pthread.dylib+0x31fd]  thread_start+0xd
C  0x0000000000000000

Java frames: (J=compiled Java code, j=interpreted, Vv=VM code)
j  com.sun.glass.ui.mac.MacView._end(J)V+0
j  com.sun.glass.ui.View.unlock()V+9
j  com.sun.prism.PresentableState.unlock()V+11
j  com.sun.javafx.tk.quantum.PresentingPainter.run()V+479
j  java.util.concurrent.Executors$RunnableAdapter.call()Ljava/lang/Object;+4
j  java.util.concurrent.FutureTask.runAndReset()Z+47
j  com.sun.javafx.tk.RenderJob.run()V+1
j  java.util.concurrent.ThreadPoolExecutor.runWorker(Ljava/util/concurrent/ThreadPoolExecutor$Worker;)V+95
j  java.util.concurrent.ThreadPoolExecutor$Worker.run()V+5
j  com.sun.javafx.tk.quantum.QuantumRenderer$PipelineRunnable.run()V+8
j  java.lang.Thread.run()V+11
v  ~StubRoutines::call_stub

---------------  P R O C E S S  ---------------

Java Threads: ( => current thread )
  0x00007ff4b11ef000 JavaThread "Prism Font Disposer" daemon [_thread_blocked, id=55619, stack(0x000070000c5ab000,0x000070000c6ab000)]
  0x00007ff4b115a800 JavaThread "JavaFX-Launcher" [_thread_blocked, id=53763, stack(0x000070000c4a8000,0x000070000c5a8000)]
  0x00007ff4b20b7000 JavaThread "Thread-3" daemon [_thread_in_native, id=37635, stack(0x000070000c3a2000,0x000070000c422000)]
  0x00007ff4b20a3000 JavaThread "JavaFX Application Thread" [_thread_in_native, id=775, stack(0x00007fff571b9000,0x00007fff579b9000)]
  0x00007ff4b20a0800 JavaThread "Thread-1" daemon [_thread_blocked, id=25095, stack(0x000070000c29f000,0x000070000c39f000)]
=>0x00007ff4b208c000 JavaThread "QuantumRenderer-0" daemon [_thread_in_native, id=19715, stack(0x000070000c19c000,0x000070000c29c000)]
  0x00007ff4b1021000 JavaThread "Service Thread" daemon [_thread_blocked, id=18691, stack(0x000070000bf96000,0x000070000c096000)]
  0x00007ff4b1842800 JavaThread "C1 CompilerThread2" daemon [_thread_blocked, id=18179, stack(0x000070000be93000,0x000070000bf93000)]
  0x00007ff4b1842000 JavaThread "C2 CompilerThread1" daemon [_thread_in_native, id=17667, stack(0x000070000bd90000,0x000070000be90000)]
  0x00007ff4b1812800 JavaThread "C2 CompilerThread0" daemon [_thread_in_native, id=17155, stack(0x000070000bc8d000,0x000070000bd8d000)]
  0x00007ff4b1020000 JavaThread "Signal Dispatcher" daemon [_thread_blocked, id=16643, stack(0x000070000bb8a000,0x000070000bc8a000)]
  0x00007ff4b282b000 JavaThread "Finalizer" daemon [_thread_blocked, id=12291, stack(0x000070000ba04000,0x000070000bb04000)]
  0x00007ff4b1820800 JavaThread "Reference Handler" daemon [_thread_blocked, id=11779, stack(0x000070000b901000,0x000070000ba01000)]
  0x00007ff4b2002800 JavaThread "main" [_thread_blocked, id=3587, stack(0x000070000b1e9000,0x000070000b2e9000)]

Other Threads:
  0x00007ff4b181b800 VMThread [stack: 0x000070000b7fe000,0x000070000b8fe000] [id=11267]
  0x00007ff4b180c800 WatcherThread [stack: 0x000070000c099000,0x000070000c199000] [id=19203]

VM state:not at safepoint (normal execution)

VM Mutex/Monitor currently owned by a thread: None

Heap:
 PSYoungGen      total 76288K, used 46437K [0x000000076ab00000, 0x0000000770000000, 0x00000007c0000000)
  eden space 65536K, 70% used [0x000000076ab00000,0x000000076d8597b0,0x000000076eb00000)
  from space 10752K, 0% used [0x000000076f580000,0x000000076f580000,0x0000000770000000)
  to   space 10752K, 0% used [0x000000076eb00000,0x000000076eb00000,0x000000076f580000)
 ParOldGen       total 175104K, used 0K [0x00000006c0000000, 0x00000006cab00000, 0x000000076ab00000)
  object space 175104K, 0% used [0x00000006c0000000,0x00000006c0000000,0x00000006cab00000)
 Metaspace       used 16126K, capacity 16842K, committed 17152K, reserved 1064960K
  class space    used 2298K, capacity 2469K, committed 2560K, reserved 1048576K

Card table byte_map: [0x0000000109fc0000,0x000000010a7c1000] byte_map_base: 0x00000001069c0000

Marking Bits: (ParMarkBitMap*) 0x0000000108be8d30
 Begin Bits: [0x000000011a1ec000, 0x000000011e1ec000)
 End Bits:   [0x000000011e1ec000, 0x00000001221ec000)

Polling page: 0x0000000109396000

CodeCache: size=245760Kb used=6698Kb max_used=6698Kb free=239061Kb
 bounds [0x000000010b1ec000, 0x000000010b87c000, 0x000000011a1ec000]
 total_blobs=2737 nmethods=2109 adapters=540
 compilation: enabled

Compilation events (10 events):
Event: 10.583 Thread 0x00007ff4b1842800 2092       2       javafx.scene.Node::maxWidth (6 bytes)
Event: 10.583 Thread 0x00007ff4b1842800 nmethod 2092 0x000000010b8793d0 code [0x000000010b879540, 0x000000010b8796c8]
Event: 10.583 Thread 0x00007ff4b1842800 2061       3       java.util.ArrayList$Itr::<init> (6 bytes)
Event: 10.583 Thread 0x00007ff4b1842800 nmethod 2061 0x000000010b879750 code [0x000000010b8798c0, 0x000000010b879b10]
Event: 10.583 Thread 0x00007ff4b1842800 2062       3       java.util.ArrayList$Itr::<init> (26 bytes)
Event: 10.583 Thread 0x00007ff4b1842800 nmethod 2062 0x000000010b879c50 code [0x000000010b879dc0, 0x000000010b879fb0]
Event: 10.583 Thread 0x00007ff4b1842800 2168       1       com.sun.prism.impl.BaseTexture::getWrapMode (5 bytes)
Event: 10.583 Thread 0x00007ff4b1842800 nmethod 2168 0x000000010b873050 code [0x000000010b8731a0, 0x000000010b8732b0]
Event: 10.584 Thread 0x00007ff4b1842800 2169       3       com.sun.javafx.sg.prism.NGGroup::renderForcedContent (47 bytes)
Event: 10.584 Thread 0x00007ff4b1842800 nmethod 2169 0x000000010b87a090 code [0x000000010b87a240, 0x000000010b87a7e8]

GC Heap History (0 events):
No events

Deoptimization events (10 events):
Event: 8.774 Thread 0x00007ff4b20a3000 Uncommon trap: reason=unstable_if action=reinterpret pc=0x000000010b647a9c method=java.lang.Math.round(D)J @ 48
Event: 8.787 Thread 0x00007ff4b20a3000 Uncommon trap: reason=unstable_if action=reinterpret pc=0x000000010b4c2a84 method=jdk.internal.org.objectweb.asm.Type.getArgumentsAndReturnSizes(Ljava/lang/String;)I @ 47
Event: 8.794 Thread 0x00007ff4b20a3000 Uncommon trap: reason=unstable_if action=reinterpret pc=0x000000010b6454b4 method=javafx.scene.Node.hasProperties()Z @ 16
Event: 8.795 Thread 0x00007ff4b20a3000 Uncommon trap: reason=unstable_if action=reinterpret pc=0x000000010b74486c method=javafx.scene.Node.updateBounds()V @ 116
Event: 8.801 Thread 0x00007ff4b20a3000 Uncommon trap: reason=unstable_if action=reinterpret pc=0x000000010b65abb8 method=com.sun.javafx.sg.prism.NGNode.invalidateOpaqueRegion()V @ 9
Event: 8.806 Thread 0x00007ff4b208c000 Uncommon trap: reason=null_assert action=make_not_entrant pc=0x000000010b748460 method=com.sun.javafx.sg.prism.NGNode.doRender(Lcom/sun/prism/Graphics;)V @ 305
Event: 8.824 Thread 0x00007ff4b208c000 Uncommon trap: reason=unstable_if action=reinterpret pc=0x000000010b7425f0 method=com.sun.javafx.sg.prism.NGNode.render(Lcom/sun/prism/Graphics;)V @ 19
Event: 9.295 Thread 0x00007ff4b20a3000 Uncommon trap: reason=unstable_if action=reinterpret pc=0x000000010b71714c method=javafx.scene.Node.getLocalBounds(Lcom/sun/javafx/geom/BaseBounds;Lcom/sun/javafx/geom/transform/BaseTransform;)Lcom/sun/javafx/geom/BaseBounds; @ 4
Event: 9.336 Thread 0x00007ff4b208c000 Uncommon trap: reason=unstable_if action=reinterpret pc=0x000000010b7d420c method=com.sun.javafx.sg.prism.NGNode.computeNodeRenderRoot(Lcom/sun/javafx/sg/prism/NodePath;Lcom/sun/javafx/geom/RectBounds;ILcom/sun/javafx/geom/transform/BaseTransform;Lcom/sun
Event: 10.568 Thread 0x00007ff4b208c000 Uncommon trap: reason=unstable_if action=reinterpret pc=0x000000010b7543c4 method=com.sun.javafx.sg.prism.NGNode.markCullRegions(Lcom/sun/javafx/geom/DirtyRegionContainer;ILcom/sun/javafx/geom/transform/BaseTransform;Lcom/sun/javafx/geom/transform/General

Internal exceptions (10 events):
Event: 1.113 Thread 0x00007ff4b20a3000 Exception <a 'java/lang/ArrayIndexOutOfBoundsException'> (0x000000076bf1ba28) thrown at [/Users/java_re/workspace/8-2-build-macosx-x86_64/jdk8u121/8372/hotspot/src/share/vm/runtime/sharedRuntime.cpp, line 605]
Event: 1.114 Thread 0x00007ff4b20a3000 Exception <a 'java/lang/ArrayIndexOutOfBoundsException'> (0x000000076bf1c570) thrown at [/Users/java_re/workspace/8-2-build-macosx-x86_64/jdk8u121/8372/hotspot/src/share/vm/runtime/sharedRuntime.cpp, line 605]
Event: 1.115 Thread 0x00007ff4b20a3000 Exception <a 'java/lang/ArrayIndexOutOfBoundsException'> (0x000000076bf1d918) thrown at [/Users/java_re/workspace/8-2-build-macosx-x86_64/jdk8u121/8372/hotspot/src/share/vm/runtime/sharedRuntime.cpp, line 605]
Event: 1.118 Thread 0x00007ff4b20a3000 Exception <a 'java/lang/ArrayIndexOutOfBoundsException'> (0x000000076bf21718) thrown at [/Users/java_re/workspace/8-2-build-macosx-x86_64/jdk8u121/8372/hotspot/src/share/vm/runtime/sharedRuntime.cpp, line 605]
Event: 1.126 Thread 0x00007ff4b20a3000 Exception <a 'java/lang/ArrayIndexOutOfBoundsException'> (0x000000076bf29788) thrown at [/Users/java_re/workspace/8-2-build-macosx-x86_64/jdk8u121/8372/hotspot/src/share/vm/runtime/sharedRuntime.cpp, line 605]
Event: 1.172 Thread 0x00007ff4b20a3000 Exception <a 'java/lang/ArrayIndexOutOfBoundsException'> (0x000000076c007648) thrown at [/Users/java_re/workspace/8-2-build-macosx-x86_64/jdk8u121/8372/hotspot/src/share/vm/runtime/sharedRuntime.cpp, line 605]
Event: 1.178 Thread 0x00007ff4b20a3000 Exception <a 'java/lang/ArrayIndexOutOfBoundsException'> (0x000000076c04a5f8) thrown at [/Users/java_re/workspace/8-2-build-macosx-x86_64/jdk8u121/8372/hotspot/src/share/vm/runtime/sharedRuntime.cpp, line 605]
Event: 1.254 Thread 0x00007ff4b20a3000 Implicit null exception at 0x000000010b4424f5 to 0x000000010b4426f1
Event: 2.668 Thread 0x00007ff4b20a3000 Implicit null exception at 0x000000010b61b418 to 0x000000010b61b751
Event: 2.668 Thread 0x00007ff4b20a3000 Implicit null exception at 0x000000010b63af50 to 0x000000010b63afe5

Events (10 events):
Event: 10.471 loading class com/sun/prism/GraphicsResource done
Event: 10.471 loading class com/sun/prism/GraphicsResource
Event: 10.471 loading class com/sun/prism/GraphicsResource done
Event: 10.471 loading class com/sun/javafx/tk/quantum/ViewScene
Event: 10.471 loading class com/sun/javafx/tk/quantum/ViewScene done
Event: 10.472 loading class com/sun/javafx/tk/quantum/WindowStage
Event: 10.472 loading class com/sun/javafx/tk/quantum/WindowStage done
Event: 10.568 Thread 0x00007ff4b208c000 Uncommon trap: trap_request=0xffffff65 fr.pc=0x000000010b7543c4
Event: 10.568 Thread 0x00007ff4b208c000 DEOPT PACKING pc=0x000000010b7543c4 sp=0x000070000c29b190
Event: 10.568 Thread 0x00007ff4b208c000 DEOPT UNPACKING pc=0x000000010b1f1229 sp=0x000070000c29b160 mode 2


Dynamic libraries:
0x000000002a5e1000 	/System/Library/Frameworks/Cocoa.framework/Versions/A/Cocoa
0x000000002a5e1000 	/System/Library/Frameworks/Security.framework/Versions/A/Security
0x000000002a5e1000 	/System/Library/Frameworks/ApplicationServices.framework/Versions/A/ApplicationServices
0x000000002a5e1000 	/usr/lib/libz.1.dylib
0x000000002a5e1000 	/usr/lib/libSystem.B.dylib
0x000000002a5e1000 	/usr/lib/libobjc.A.dylib
0x000000002a5e1000 	/System/Library/Frameworks/CoreFoundation.framework/Versions/A/CoreFoundation
0x000000002a5e1000 	/System/Library/Frameworks/Foundation.framework/Versions/C/Foundation
0x000000002a5e1000 	/System/Library/Frameworks/AppKit.framework/Versions/C/AppKit
0x000000002a5e1000 	/System/Library/Frameworks/CoreData.framework/Versions/A/CoreData
0x000000002a5e1000 	/System/Library/PrivateFrameworks/RemoteViewServices.framework/Versions/A/RemoteViewServices
0x000000002a5e1000 	/System/Library/PrivateFrameworks/UIFoundation.framework/Versions/A/UIFoundation
0x000000002a5e1000 	/System/Library/PrivateFrameworks/DFRFoundation.framework/Versions/A/DFRFoundation
0x000000002a5e1000 	/usr/lib/libenergytrace.dylib
0x000000002a5e1000 	/System/Library/PrivateFrameworks/SkyLight.framework/Versions/A/SkyLight
0x000000002a5e1000 	/System/Library/Frameworks/CoreGraphics.framework/Versions/A/CoreGraphics
0x000000002a5e1000 	/usr/lib/libScreenReader.dylib
0x000000002a5e1000 	/System/Library/Frameworks/Accelerate.framework/Versions/A/Accelerate
0x000000002a5e1000 	/System/Library/Frameworks/IOSurface.framework/Versions/A/IOSurface
0x000000002a5e1000 	/System/Library/Frameworks/AudioToolbox.framework/Versions/A/AudioToolbox
0x000000002a5e1000 	/System/Library/Frameworks/AudioUnit.framework/Versions/A/AudioUnit
0x000000002a5e1000 	/System/Library/PrivateFrameworks/DataDetectorsCore.framework/Versions/A/DataDetectorsCore
0x000000002a5e1000 	/System/Library/PrivateFrameworks/DesktopServicesPriv.framework/Versions/A/DesktopServicesPriv
0x000000002a5e1000 	/System/Library/Frameworks/Carbon.framework/Versions/A/Frameworks/HIToolbox.framework/Versions/A/HIToolbox
0x000000002a5e1000 	/usr/lib/libicucore.A.dylib
0x000000002a5e1000 	/System/Library/Frameworks/QuartzCore.framework/Versions/A/QuartzCore
0x000000002a5e1000 	/System/Library/Frameworks/Carbon.framework/Versions/A/Frameworks/SpeechRecognition.framework/Versions/A/SpeechRecognition
0x000000002a5e1000 	/usr/lib/libauto.dylib
0x000000002a5e1000 	/usr/lib/libxml2.2.dylib
0x000000002a5e1000 	/System/Library/PrivateFrameworks/CoreUI.framework/Versions/A/CoreUI
0x000000002a5e1000 	/System/Library/Frameworks/CoreAudio.framework/Versions/A/CoreAudio
0x000000002a5e1000 	/System/Library/Frameworks/DiskArbitration.framework/Versions/A/DiskArbitration
0x000000002a5e1000 	/usr/lib/liblangid.dylib
0x000000002a5e1000 	/System/Library/PrivateFrameworks/MultitouchSupport.framework/Versions/A/MultitouchSupport
0x000000002a5e1000 	/System/Library/Frameworks/IOKit.framework/Versions/A/IOKit
0x000000002a5e1000 	/usr/lib/libDiagnosticMessagesClient.dylib
0x000000002a5e1000 	/System/Library/Frameworks/CoreServices.framework/Versions/A/CoreServices
0x000000002a5e1000 	/System/Library/PrivateFrameworks/PerformanceAnalysis.framework/Versions/A/PerformanceAnalysis
0x000000002a5e1000 	/System/Library/PrivateFrameworks/GenerationalStorage.framework/Versions/A/GenerationalStorage
0x000000002a5e1000 	/System/Library/Frameworks/OpenGL.framework/Versions/A/OpenGL
0x000000002a5e1000 	/System/Library/Frameworks/CoreImage.framework/Versions/A/CoreImage
0x000000002a5e1000 	/System/Library/Frameworks/CoreText.framework/Versions/A/CoreText
0x000000002a5e1000 	/System/Library/Frameworks/ImageIO.framework/Versions/A/ImageIO
0x000000002a5e1000 	/System/Library/PrivateFrameworks/Backup.framework/Versions/A/Backup
0x000000002a5e1000 	/usr/lib/libarchive.2.dylib
0x000000002a5e1000 	/System/Library/Frameworks/CFNetwork.framework/Versions/A/CFNetwork
0x000000002a5e1000 	/System/Library/Frameworks/SystemConfiguration.framework/Versions/A/SystemConfiguration
0x000000002a5e1000 	/usr/lib/libCRFSuite.dylib
0x000000002a5e1000 	/usr/lib/libc++.1.dylib
0x000000002a5e1000 	/usr/lib/libc++abi.dylib
0x000000002a5e1000 	/usr/lib/system/libcache.dylib
0x000000002a5e1000 	/usr/lib/system/libcommonCrypto.dylib
0x000000002a5e1000 	/usr/lib/system/libcompiler_rt.dylib
0x000000002a5e1000 	/usr/lib/system/libcopyfile.dylib
0x000000002a5e1000 	/usr/lib/system/libcorecrypto.dylib
0x000000002a5e1000 	/usr/lib/system/libdispatch.dylib
0x000000002a5e1000 	/usr/lib/system/libdyld.dylib
0x000000002a5e1000 	/usr/lib/system/libkeymgr.dylib
0x000000002a5e1000 	/usr/lib/system/liblaunch.dylib
0x000000002a5e1000 	/usr/lib/system/libmacho.dylib
0x000000002a5e1000 	/usr/lib/system/libquarantine.dylib
0x000000002a5e1000 	/usr/lib/system/libremovefile.dylib
0x000000002a5e1000 	/usr/lib/system/libsystem_asl.dylib
0x000000002a5e1000 	/usr/lib/system/libsystem_blocks.dylib
0x000000002a5e1000 	/usr/lib/system/libsystem_c.dylib
0x000000002a5e1000 	/usr/lib/system/libsystem_configuration.dylib
0x000000002a5e1000 	/usr/lib/system/libsystem_coreservices.dylib
0x000000002a5e1000 	/usr/lib/system/libsystem_coretls.dylib
0x000000002a5e1000 	/usr/lib/system/libsystem_dnssd.dylib
0x000000002a5e1000 	/usr/lib/system/libsystem_info.dylib
0x000000002a5e1000 	/usr/lib/system/libsystem_kernel.dylib
0x000000002a5e1000 	/usr/lib/system/libsystem_m.dylib
0x000000002a5e1000 	/usr/lib/system/libsystem_malloc.dylib
0x000000002a5e1000 	/usr/lib/system/libsystem_network.dylib
0x000000002a5e1000 	/usr/lib/system/libsystem_networkextension.dylib
0x000000002a5e1000 	/usr/lib/system/libsystem_notify.dylib
0x000000002a5e1000 	/usr/lib/system/libsystem_platform.dylib
0x000000002a5e1000 	/usr/lib/system/libsystem_pthread.dylib
0x000000002a5e1000 	/usr/lib/system/libsystem_sandbox.dylib
0x000000002a5e1000 	/usr/lib/system/libsystem_secinit.dylib
0x000000002a5e1000 	/usr/lib/system/libsystem_symptoms.dylib
0x000000002a5e1000 	/usr/lib/system/libsystem_trace.dylib
0x000000002a5e1000 	/usr/lib/system/libunwind.dylib
0x000000002a5e1000 	/usr/lib/system/libxpc.dylib
0x000000002a5e1000 	/usr/lib/libbsm.0.dylib
0x000000002a5e1000 	/usr/lib/system/libkxld.dylib
0x000000002a5e1000 	/usr/lib/libcoretls.dylib
0x000000002a5e1000 	/usr/lib/libcoretls_cfhelpers.dylib
0x000000002a5e1000 	/usr/lib/libOpenScriptingUtil.dylib
0x000000002a5e1000 	/usr/lib/libpam.2.dylib
0x000000002a5e1000 	/usr/lib/libsqlite3.dylib
0x000000002a5e1000 	/usr/lib/libxar.1.dylib
0x000000002a5e1000 	/usr/lib/libbz2.1.0.dylib
0x000000002a5e1000 	/usr/lib/liblzma.5.dylib
0x000000002a5e1000 	/usr/lib/libnetwork.dylib
0x000000002a5e1000 	/usr/lib/libpcap.A.dylib
0x000000002a5e1000 	/System/Library/Frameworks/CoreServices.framework/Versions/A/Frameworks/FSEvents.framework/Versions/A/FSEvents
0x000000002a5e1000 	/System/Library/Frameworks/CoreServices.framework/Versions/A/Frameworks/CarbonCore.framework/Versions/A/CarbonCore
0x000000002a5e1000 	/System/Library/Frameworks/CoreServices.framework/Versions/A/Frameworks/Metadata.framework/Versions/A/Metadata
0x000000002a5e1000 	/System/Library/Frameworks/CoreServices.framework/Versions/A/Frameworks/OSServices.framework/Versions/A/OSServices
0x000000002a5e1000 	/System/Library/Frameworks/CoreServices.framework/Versions/A/Frameworks/SearchKit.framework/Versions/A/SearchKit
0x000000002a5e1000 	/System/Library/Frameworks/CoreServices.framework/Versions/A/Frameworks/AE.framework/Versions/A/AE
0x000000002a5e1000 	/System/Library/Frameworks/CoreServices.framework/Versions/A/Frameworks/LaunchServices.framework/Versions/A/LaunchServices
0x000000002a5e1000 	/System/Library/Frameworks/CoreServices.framework/Versions/A/Frameworks/DictionaryServices.framework/Versions/A/DictionaryServices
0x000000002a5e1000 	/System/Library/Frameworks/CoreServices.framework/Versions/A/Frameworks/SharedFileList.framework/Versions/A/SharedFileList
0x000000002a5e1000 	/System/Library/Frameworks/NetFS.framework/Versions/A/NetFS
0x000000002a5e1000 	/System/Library/PrivateFrameworks/NetAuth.framework/Versions/A/NetAuth
0x000000002a5e1000 	/System/Library/PrivateFrameworks/login.framework/Versions/A/Frameworks/loginsupport.framework/Versions/A/loginsupport
0x000000002a5e1000 	/System/Library/PrivateFrameworks/TCC.framework/Versions/A/TCC
0x000000002a5e1000 	/usr/lib/libmecabra.dylib
0x000000002a5e1000 	/System/Library/Frameworks/ApplicationServices.framework/Versions/A/Frameworks/ATS.framework/Versions/A/ATS
0x000000002a5e1000 	/System/Library/Frameworks/ApplicationServices.framework/Versions/A/Frameworks/ColorSync.framework/Versions/A/ColorSync
0x000000002a5e1000 	/System/Library/Frameworks/ApplicationServices.framework/Versions/A/Frameworks/HIServices.framework/Versions/A/HIServices
0x000000002a5e1000 	/System/Library/Frameworks/ApplicationServices.framework/Versions/A/Frameworks/LangAnalysis.framework/Versions/A/LangAnalysis
0x000000002a5e1000 	/System/Library/Frameworks/ApplicationServices.framework/Versions/A/Frameworks/PrintCore.framework/Versions/A/PrintCore
0x000000002a5e1000 	/System/Library/Frameworks/ApplicationServices.framework/Versions/A/Frameworks/QD.framework/Versions/A/QD
0x000000002a5e1000 	/System/Library/Frameworks/ApplicationServices.framework/Versions/A/Frameworks/SpeechSynthesis.framework/Versions/A/SpeechSynthesis
0x000000002a5e1000 	/System/Library/Frameworks/Accelerate.framework/Versions/A/Frameworks/vImage.framework/Versions/A/vImage
0x000000002a5e1000 	/System/Library/Frameworks/Accelerate.framework/Versions/A/Frameworks/vecLib.framework/Versions/A/vecLib
0x000000002a5e1000 	/System/Library/Frameworks/Accelerate.framework/Versions/A/Frameworks/vecLib.framework/Versions/A/libvDSP.dylib
0x000000002a5e1000 	/System/Library/Frameworks/Accelerate.framework/Versions/A/Frameworks/vecLib.framework/Versions/A/libBNNS.dylib
0x000000002a5e1000 	/System/Library/Frameworks/Accelerate.framework/Versions/A/Frameworks/vecLib.framework/Versions/A/libQuadrature.dylib
0x000000002a5e1000 	/System/Library/Frameworks/Accelerate.framework/Versions/A/Frameworks/vecLib.framework/Versions/A/libvMisc.dylib
0x000000002a5e1000 	/System/Library/Frameworks/Accelerate.framework/Versions/A/Frameworks/vecLib.framework/Versions/A/libLAPACK.dylib
0x000000002a5e1000 	/System/Library/Frameworks/Accelerate.framework/Versions/A/Frameworks/vecLib.framework/Versions/A/libBLAS.dylib
0x000000002a5e1000 	/System/Library/Frameworks/Accelerate.framework/Versions/A/Frameworks/vecLib.framework/Versions/A/libLinearAlgebra.dylib
0x000000002a5e1000 	/System/Library/Frameworks/Accelerate.framework/Versions/A/Frameworks/vecLib.framework/Versions/A/libSparseBLAS.dylib
0x000000002a5e1000 	/System/Library/Frameworks/ApplicationServices.framework/Versions/A/Frameworks/ATS.framework/Versions/A/Resources/libFontParser.dylib
0x000000002a5e1000 	/System/Library/Frameworks/ApplicationServices.framework/Versions/A/Frameworks/ATS.framework/Versions/A/Resources/libFontRegistry.dylib
0x000000002a5e1000 	/System/Library/Frameworks/ImageIO.framework/Versions/A/Resources/libJPEG.dylib
0x000000002a5e1000 	/System/Library/Frameworks/ImageIO.framework/Versions/A/Resources/libTIFF.dylib
0x000000002a5e1000 	/System/Library/Frameworks/ImageIO.framework/Versions/A/Resources/libPng.dylib
0x000000002a5e1000 	/System/Library/Frameworks/ImageIO.framework/Versions/A/Resources/libGIF.dylib
0x000000002a5e1000 	/System/Library/Frameworks/ImageIO.framework/Versions/A/Resources/libJP2.dylib
0x000000002a5e1000 	/System/Library/Frameworks/ImageIO.framework/Versions/A/Resources/libRadiance.dylib
0x000000002a5e1000 	/usr/lib/libcompression.dylib
0x000000002a5e1000 	/System/Library/PrivateFrameworks/AppleJPEG.framework/Versions/A/AppleJPEG
0x000000002a5e1000 	/usr/lib/libcups.2.dylib
0x000000002a5e1000 	/System/Library/Frameworks/Kerberos.framework/Versions/A/Kerberos
0x000000002a5e1000 	/System/Library/Frameworks/GSS.framework/Versions/A/GSS
0x000000002a5e1000 	/usr/lib/libresolv.9.dylib
0x000000002a5e1000 	/usr/lib/libiconv.2.dylib
0x000000002a5e1000 	/System/Library/PrivateFrameworks/Heimdal.framework/Versions/A/Heimdal
0x000000002a5e1000 	/usr/lib/libheimdal-asn1.dylib
0x000000002a5e1000 	/System/Library/Frameworks/OpenDirectory.framework/Versions/A/OpenDirectory
0x000000002a5e1000 	/System/Library/PrivateFrameworks/CommonAuth.framework/Versions/A/CommonAuth
0x000000002a5e1000 	/System/Library/Frameworks/OpenDirectory.framework/Versions/A/Frameworks/CFOpenDirectory.framework/Versions/A/CFOpenDirectory
0x000000002a5e1000 	/System/Library/Frameworks/SecurityFoundation.framework/Versions/A/SecurityFoundation
0x000000002a5e1000 	/System/Library/PrivateFrameworks/LanguageModeling.framework/Versions/A/LanguageModeling
0x000000002a5e1000 	/usr/lib/libmarisa.dylib
0x000000002a5e1000 	/usr/lib/libChineseTokenizer.dylib
0x000000002a5e1000 	/usr/lib/libcmph.dylib
0x000000002a5e1000 	/System/Library/PrivateFrameworks/CoreEmoji.framework/Versions/A/CoreEmoji
0x000000002a5e1000 	/System/Library/Frameworks/ServiceManagement.framework/Versions/A/ServiceManagement
0x000000002a5e1000 	/usr/lib/libxslt.1.dylib
0x000000002a5e1000 	/System/Library/Frameworks/Carbon.framework/Versions/A/Frameworks/Ink.framework/Versions/A/Ink
0x000000002a5e1000 	/System/Library/PrivateFrameworks/TextureIO.framework/Versions/A/TextureIO
0x000000002a5e1000 	/System/Library/Frameworks/Metal.framework/Versions/A/Metal
0x000000002a5e1000 	/usr/lib/libate.dylib
0x000000002a5e1000 	/System/Library/PrivateFrameworks/GPUCompiler.framework/libmetal_timestamp.dylib
0x000000002a5e1000 	/System/Library/Frameworks/OpenGL.framework/Versions/A/Libraries/libCoreFSCache.dylib
0x000000002a5e1000 	/System/Library/PrivateFrameworks/IOAccelerator.framework/Versions/A/IOAccelerator
0x000000002a5e1000 	/System/Library/Frameworks/CoreVideo.framework/Versions/A/CoreVideo
0x000000002a5e1000 	/usr/lib/libFosl_dynamic.dylib
0x000000002a5e1000 	/System/Library/PrivateFrameworks/MetalPerformanceShaders.framework/Versions/A/MetalPerformanceShaders
0x000000002a5e1000 	/System/Library/PrivateFrameworks/FaceCore.framework/Versions/A/FaceCore
0x000000002a5e1000 	/System/Library/Frameworks/OpenCL.framework/Versions/A/OpenCL
0x000000002a5e1000 	/System/Library/Frameworks/OpenGL.framework/Versions/A/Libraries/libGLU.dylib
0x000000002a5e1000 	/System/Library/Frameworks/OpenGL.framework/Versions/A/Libraries/libGFXShared.dylib
0x000000002a5e1000 	/System/Library/Frameworks/OpenGL.framework/Versions/A/Libraries/libGL.dylib
0x000000002a5e1000 	/System/Library/Frameworks/OpenGL.framework/Versions/A/Libraries/libGLImage.dylib
0x000000002a5e1000 	/System/Library/Frameworks/OpenGL.framework/Versions/A/Libraries/libCVMSPluginSupport.dylib
0x000000002a5e1000 	/System/Library/Frameworks/OpenGL.framework/Versions/A/Libraries/libCoreVMClient.dylib
0x000000002a5e1000 	/System/Library/PrivateFrameworks/CrashReporterSupport.framework/Versions/A/CrashReporterSupport
0x000000002a5e1000 	/System/Library/PrivateFrameworks/Sharing.framework/Versions/A/Sharing
0x000000002a5e1000 	/System/Library/PrivateFrameworks/IconServices.framework/Versions/A/IconServices
0x000000002a5e1000 	/System/Library/PrivateFrameworks/ProtocolBuffer.framework/Versions/A/ProtocolBuffer
0x000000002a5e1000 	/System/Library/PrivateFrameworks/Apple80211.framework/Versions/A/Apple80211
0x000000002a5e1000 	/System/Library/Frameworks/CoreWLAN.framework/Versions/A/CoreWLAN
0x000000002a5e1000 	/System/Library/PrivateFrameworks/CoreUtils.framework/Versions/A/CoreUtils
0x000000002a5e1000 	/System/Library/Frameworks/IOBluetooth.framework/Versions/A/IOBluetooth
0x000000002a5e1000 	/System/Library/PrivateFrameworks/CoreWiFi.framework/Versions/A/CoreWiFi
0x000000002a5e1000 	/System/Library/Frameworks/CoreBluetooth.framework/Versions/A/CoreBluetooth
0x000000002a5e1000 	/System/Library/Frameworks/CoreDisplay.framework/Versions/A/CoreDisplay
0x000000002a5e1000 	/System/Library/PrivateFrameworks/IOPresentment.framework/Versions/A/IOPresentment
0x000000002a5e1000 	/System/Library/PrivateFrameworks/DSExternalDisplay.framework/Versions/A/DSExternalDisplay
0x000000002a5e1000 	/System/Library/PrivateFrameworks/DebugSymbols.framework/Versions/A/DebugSymbols
0x000000002a5e1000 	/System/Library/PrivateFrameworks/CoreSymbolication.framework/Versions/A/CoreSymbolication
0x000000002a5e1000 	/System/Library/PrivateFrameworks/Symbolication.framework/Versions/A/Symbolication
0x000000002a5e1000 	/System/Library/PrivateFrameworks/AppleFSCompression.framework/Versions/A/AppleFSCompression
0x000000002a5e1000 	/System/Library/PrivateFrameworks/SpeechRecognitionCore.framework/Versions/A/SpeechRecognitionCore
0x000000002a5e1000 	/System/Library/PrivateFrameworks/ChunkingLibrary.framework/Versions/A/ChunkingLibrary
0x00000001082f8000 	/Library/Java/JavaVirtualMachines/jdk1.8.0_121.jdk/Contents/Home/jre/lib/server/libjvm.dylib
0x000000010929a000 	/usr/lib/libstdc++.6.dylib
0x0000000109353000 	/Library/Java/JavaVirtualMachines/jdk1.8.0_121.jdk/Contents/Home/jre/lib/libverify.dylib
0x0000000109361000 	/Library/Java/JavaVirtualMachines/jdk1.8.0_121.jdk/Contents/Home/jre/lib/libjava.dylib
0x00000001093a0000 	/Library/Java/JavaVirtualMachines/jdk1.8.0_121.jdk/Contents/Home/jre/lib/libzip.dylib
0x000000012404c000 	/System/Library/Frameworks/JavaVM.framework/Frameworks/JavaRuntimeSupport.framework/JavaRuntimeSupport
0x0000000124066000 	/System/Library/Frameworks/JavaVM.framework/Versions/A/Frameworks/JavaNativeFoundation.framework/Versions/A/JavaNativeFoundation
0x000000012407b000 	/System/Library/Frameworks/JavaVM.framework/Versions/A/JavaVM
0x000000002a5e1000 	/System/Library/Frameworks/Carbon.framework/Versions/A/Carbon
0x0000000124088000 	/System/Library/PrivateFrameworks/JavaLaunching.framework/Versions/A/JavaLaunching
0x000000002a5e1000 	/System/Library/Frameworks/Carbon.framework/Versions/A/Frameworks/CommonPanels.framework/Versions/A/CommonPanels
0x000000002a5e1000 	/System/Library/Frameworks/Carbon.framework/Versions/A/Frameworks/Help.framework/Versions/A/Help
0x000000002a5e1000 	/System/Library/Frameworks/Carbon.framework/Versions/A/Frameworks/ImageCapture.framework/Versions/A/ImageCapture
0x000000002a5e1000 	/System/Library/Frameworks/Carbon.framework/Versions/A/Frameworks/OpenScripting.framework/Versions/A/OpenScripting
0x000000002a5e1000 	/System/Library/Frameworks/Carbon.framework/Versions/A/Frameworks/Print.framework/Versions/A/Print
0x000000002a5e1000 	/System/Library/Frameworks/Carbon.framework/Versions/A/Frameworks/SecurityHI.framework/Versions/A/SecurityHI
0x0000000125a27000 	/Library/Java/JavaVirtualMachines/jdk1.8.0_121.jdk/Contents/Home/jre/lib/libprism_es2.dylib
0x0000000125a8a000 	/System/Library/Frameworks/OpenGL.framework/Resources/GLEngine.bundle/GLEngine
0x000000002a5e1000 	/System/Library/Frameworks/OpenGL.framework/Versions/A/Libraries/libGLProgrammability.dylib
0x0000000125c6f000 	/System/Library/Extensions/AppleIntelSKLGraphicsGLDriver.bundle/Contents/MacOS/AppleIntelSKLGraphicsGLDriver
0x000000002a5e1000 	/System/Library/PrivateFrameworks/GPUSupport.framework/Versions/A/Libraries/libGPUSupportMercury.dylib
0x00000001269fe000 	/System/Library/Frameworks/OpenGL.framework/Resources//GLRendererFloat.bundle/GLRendererFloat
0x000000002a5e1000 	/System/Library/Frameworks/OpenCL.framework/Versions/A/Libraries/libcldcpuengine.dylib
0x000000002a5e1000 	/usr/lib/libcrypto.0.9.8.dylib
0x000000002a5e1000 	/System/Library/PrivateFrameworks/TrustEvaluationAgent.framework/Versions/A/TrustEvaluationAgent
0x0000000126e21000 	/Library/Java/JavaVirtualMachines/jdk1.8.0_121.jdk/Contents/Home/jre/lib/libglass.dylib
0x000000002a5e1000 	/System/Library/PrivateFrameworks/CoreServicesInternal.framework/Versions/A/CoreServicesInternal
0x000000002a5e1000 	/System/Library/CoreServices/RawCamera.bundle/Contents/MacOS/RawCamera
0x0000000127b01000 	/System/Library/Frameworks/Accelerate.framework/Frameworks/vImage.framework/Versions/A/Libraries/libCGInterfaces.dylib
0x000000002a5e1000 	/System/Library/PrivateFrameworks/FamilyControls.framework/Versions/A/FamilyControls
0x000000002a5e1000 	/System/Library/PrivateFrameworks/CommerceKit.framework/Versions/A/Frameworks/CommerceCore.framework/Versions/A/CommerceCore
0x000000002a5e1000 	/System/Library/PrivateFrameworks/SystemAdministration.framework/Versions/A/SystemAdministration
0x000000002a5e1000 	/System/Library/PrivateFrameworks/AppContainer.framework/Versions/A/AppContainer
0x000000002a5e1000 	/System/Library/PrivateFrameworks/SecCodeWrapper.framework/Versions/A/SecCodeWrapper
0x000000002a5e1000 	/System/Library/Frameworks/DirectoryService.framework/Versions/A/DirectoryService
0x000000002a5e1000 	/System/Library/PrivateFrameworks/DiskImages.framework/Versions/A/DiskImages
0x000000002a5e1000 	/System/Library/PrivateFrameworks/LoginUIKit.framework/Versions/A/Frameworks/LoginUICore.framework/Versions/A/LoginUICore
0x000000002a5e1000 	/usr/lib/libCoreStorage.dylib
0x000000002a5e1000 	/usr/lib/libcsfde.dylib
0x000000002a5e1000 	/usr/lib/libodfde.dylib
0x000000002a5e1000 	/System/Library/Frameworks/DiscRecording.framework/Versions/A/DiscRecording
0x000000002a5e1000 	/usr/lib/libcurl.4.dylib
0x000000002a5e1000 	/System/Library/PrivateFrameworks/MediaKit.framework/Versions/A/MediaKit
0x000000002a5e1000 	/System/Library/PrivateFrameworks/ProtectedCloudStorage.framework/Versions/A/ProtectedCloudStorage
0x000000002a5e1000 	/System/Library/PrivateFrameworks/EFILogin.framework/Versions/A/EFILogin
0x000000002a5e1000 	/usr/lib/libutil.dylib
0x000000002a5e1000 	/System/Library/Frameworks/LDAP.framework/Versions/A/LDAP
0x000000002a5e1000 	/usr/lib/libsasl2.2.dylib
0x000000002a5e1000 	/System/Library/PrivateFrameworks/CoreDaemon.framework/Versions/B/CoreDaemon
0x000000002a5e1000 	/System/Library/PrivateFrameworks/AppleSRP.framework/Versions/A/AppleSRP
0x000000002a5e1000 	/System/Library/PrivateFrameworks/APFS.framework/Versions/A/APFS
0x000000012a900000 	/Library/Java/JavaVirtualMachines/jdk1.8.0_121.jdk/Contents/Home/jre/lib/libjavafx_font.dylib
0x000000002a5e1000 	/System/Library/Frameworks/ApplicationServices.framework/Versions/A/Frameworks/ATS.framework/Versions/A/Resources/libTrueTypeScaler.dylib
0x000000012d79c000 	/System/Library/Extensions/AppleIntelSKLGraphicsMTLDriver.bundle/Contents/MacOS/AppleIntelSKLGraphicsMTLDriver
0x000000002a5e1000 	/System/Library/PrivateFrameworks/ViewBridge.framework/Versions/A/ViewBridge
0x000000002a5e1000 	/System/Library/PrivateFrameworks/XPCService.framework/Versions/A/XPCService
0x000000002a5e1000 	/System/Library/PrivateFrameworks/AppSandbox.framework/Versions/A/AppSandbox
0x000000002a5e1000 	/usr/lib/libsandbox.1.dylib
0x000000002a5e1000 	/usr/lib/libMatch.1.dylib

VM Arguments:
jvm_args: -Dfile.encoding=UTF-8 
java_command: /Users/holt/GitHub/CS4330/RandomGrid/dist/run1535107217/RandomGrid.jar
java_class_path (initial): /Users/holt/GitHub/CS4330/RandomGrid/dist/run1535107217/RandomGrid.jar
Launcher Type: SUN_STANDARD

Environment Variables:
PATH=/usr/bin:/bin:/usr/sbin:/sbin
LD_LIBRARY_PATH=/Library/Java/JavaVirtualMachines/jdk1.8.0_121.jdk/Contents/Home/jre/lib/amd64:/Library/Java/JavaVirtualMachines/jdk1.8.0_121.jdk/Contents/Home/jre/lib/i386:
SHELL=/bin/bash

Signal Handlers:
SIGSEGV: [libjvm.dylib+0x5b1141], sa_mask[0]=11111111011111110111111111111111, sa_flags=SA_ONSTACK|SA_RESTART|SA_SIGINFO
SIGBUS: [libjvm.dylib+0x5b1141], sa_mask[0]=11111111011111110111111111111111, sa_flags=SA_RESTART|SA_SIGINFO
SIGFPE: [libjvm.dylib+0x487bc4], sa_mask[0]=11111111011111110111111111111111, sa_flags=SA_RESTART|SA_SIGINFO
SIGPIPE: [libjvm.dylib+0x487bc4], sa_mask[0]=11111111011111110111111111111111, sa_flags=SA_RESTART|SA_SIGINFO
SIGXFSZ: [libjvm.dylib+0x487bc4], sa_mask[0]=11111111011111110111111111111111, sa_flags=SA_RESTART|SA_SIGINFO
SIGILL: [libjvm.dylib+0x487bc4], sa_mask[0]=11111111011111110111111111111111, sa_flags=SA_RESTART|SA_SIGINFO
SIGUSR1: SIG_DFL, sa_mask[0]=00000000000000000000000000000000, sa_flags=none
SIGUSR2: [libjvm.dylib+0x4876e2], sa_mask[0]=00100000000000000000000000000000, sa_flags=SA_RESTART|SA_SIGINFO
SIGHUP: [libjvm.dylib+0x485cb9], sa_mask[0]=11111111011111110111111111111111, sa_flags=SA_RESTART|SA_SIGINFO
SIGINT: SIG_IGN, sa_mask[0]=00000000000000000000000000000000, sa_flags=none
SIGTERM: [libjvm.dylib+0x485cb9], sa_mask[0]=11111111011111110111111111111111, sa_flags=SA_RESTART|SA_SIGINFO
SIGQUIT: [libjvm.dylib+0x485cb9], sa_mask[0]=11111111011111110111111111111111, sa_flags=SA_RESTART|SA_SIGINFO


---------------  S Y S T E M  ---------------

OS:Bsduname:Darwin 16.5.0 Darwin Kernel Version 16.5.0: Mon Jan 16 17:15:31 PST 2017; root:xnu-3789.50.189~27/RELEASE_X86_64 x86_64
rlimit: STACK 8192k, CORE 0k, NPROC 709, NOFILE 10240, AS infinity
load average:3.69 2.69 2.27

CPU:total 4 (2 cores per cpu, 2 threads per core) family 6 model 78 stepping 3, cmov, cx8, fxsr, mmx, sse, sse2, sse3, ssse3, sse4.1, sse4.2, popcnt, avx, avx2, aes, clmul, erms, 3dnowpref, lzcnt, ht, tsc, tscinvbit, bmi1, bmi2, adx

Memory: 4k page, physical 16777216k(4100000k free)

/proc/meminfo:


vm_info: Java HotSpot(TM) 64-Bit Server VM (25.121-b13) for bsd-amd64 JRE (1.8.0_121-b13), built on Dec 12 2016 20:39:32 by "java_re" with gcc 4.2.1 (Based on Apple Inc. build 5658) (LLVM build 2336.11.00)

time: Mon Jan 30 21:01:17 2017
elapsed time: 10 seconds (0d 0h 0m 10s)

