#
# A fatal error has been detected by the Java Runtime Environment:
#
#  SIGSEGV (0xb) at pc=0x00000001125abb02, pid=1621, tid=0x0000000000005203
#
# JRE version: Java(TM) SE Runtime Environment (8.0_121-b13) (build 1.8.0_121-b13)
# Java VM: Java HotSpot(TM) 64-Bit Server VM (25.121-b13 mixed mode bsd-amd64 compressed oops)
# Problematic frame:
# C  [AppleIntelSKLGraphicsGLDriver+0x902b02]  glrBindContextReadFramebuffer+0xb8
#
# Failed to write core dump. Core dumps have been disabled. To enable core dumping, try "ulimit -c unlimited" before starting Java again
#
# If you would like to submit a bug report, please visit:
#   http://bugreport.java.com/bugreport/crash.jsp
# The crash happened outside the Java Virtual Machine in native code.
# See problematic frame for where to report the bug.
#

---------------  T H R E A D  ---------------

Current thread (0x00007f9cc0048800):  JavaThread "QuantumRenderer-0" daemon [_thread_in_native, id=20995, stack(0x000070000168d000,0x000070000178d000)]

siginfo: si_signo: 11 (SIGSEGV), si_code: 0 (unknown), si_addr: 0x0000000000000000

Registers:
RAX=0x800007f9cbeff808, RBX=0x00007f9cc0095c00, RCX=0x00007f9cc422e800, RDX=0x0000000000000000
RSP=0x000070000178c200, RBP=0x000070000178c240, RSI=0x00007f9cc436e9b0, RDI=0x00007f9cc0095c00
R8 =0x0000000000000000, R9 =0x0000000000000000, R10=0x0000000000000000, R11=0x0000000000000320
R12=0x00007f9cc200b014, R13=0x00007f9cc436e9b0, R14=0x00007f9cc0095c00, R15=0x00007f9cc00a0bf0
RIP=0x00000001125abb02, EFLAGS=0x0000000000010206, ERR=0x0000000000000000
  TRAPNO=0x000000000000000d

Top of Stack: (sp=0x000070000178c200)
0x000070000178c200:   0000000000000001 0000000000000000
0x000070000178c210:   0000000000000000 00007f9cc0095c00
0x000070000178c220:   00007f9cc200b014 00007f9cc1004548
0x000070000178c230:   00007f9cc436e9b0 0000000000000000
0x000070000178c240:   000070000178c260 00007fffad90cd5f
0x000070000178c250:   00007f9cc2000000 0000000000000000
0x000070000178c260:   000070000178c2a0 0000000111bd0038
0x000070000178c270:   0000000000000502 00007f9cc2000000
0x000070000178c280:   0000000000000000 0000000000000000
0x000070000178c290:   00000000000004a2 0000000000004000
0x000070000178c2a0:   000070000178c360 0000000111b1ab33
0x000070000178c2b0:   00007f9cbeef7d70 00007f9cbef283e0
0x000070000178c2c0:   000070000178c300 00007fffad90cce1
0x000070000178c2d0:   00007f9cc1800420 0000000000000000
0x000070000178c2e0:   000070000178c340 0000000000000014
0x000070000178c2f0:   00007f9cc2000000 0000000000000001
0x000070000178c300:   000070000178c330 0000000111ba1c1a
0x000070000178c310:   beb2a8d5e0500005 00007f9cbed9bac0
0x000070000178c320:   0000032000000000 0000000000000000
0x000070000178c330:   00007f9cc1004340 00007f9cc0a86200
0x000070000178c340:   000000000000000c 0000000000000014
0x000070000178c350:   0000000000004000 0000000000002601
0x000070000178c360:   000070000178c3b0 00007fffa405305d
0x000070000178c370:   0000000000000000 00000000000004a2
0x000070000178c380:   0000700000000320 0000000100004000
0x000070000178c390:   0000000100002601 00007f9cbed9bac0
0x000070000178c3a0:   00007f9cbed9b980 0000000000000008
0x000070000178c3b0:   000070000178c410 0000000112e679d2
0x000070000178c3c0:   00000000000004a2 00007fff00000320
0x000070000178c3d0:   0000700000004000 00007fff00002601
0x000070000178c3e0:   00007f9cc00c3200 00007f9cbed9ba80
0x000070000178c3f0:   00007fffb4972b00 000000010eac97b8 

Instructions: (pc=0x00000001125abb02)
0x00000001125abae2:   c7 45 c8 00 00 00 00 4d 85 ed 74 74 49 8b 4e 38
0x00000001125abaf2:   31 c0 48 85 c9 41 b8 00 00 00 00 74 2d 48 8b 01
0x00000001125abb02:   0f b7 80 b0 00 00 00 8d 88 20 73 ff ff 31 d2 85
0x00000001125abb12:   c0 48 0f 45 d1 49 8b 4d 08 48 8b 04 d1 4c 8b 41 

Register to memory mapping:

RAX=0x800007f9cbeff808 is an unknown value
RBX=0x00007f9cc0095c00 is an unknown value
RCX=0x00007f9cc422e800 is an unknown value
RDX=0x0000000000000000 is an unknown value
RSP=0x000070000178c200 is pointing into the stack for thread: 0x00007f9cc0048800
RBP=0x000070000178c240 is pointing into the stack for thread: 0x00007f9cc0048800
RSI=0x00007f9cc436e9b0 is an unknown value
RDI=0x00007f9cc0095c00 is an unknown value
R8 =0x0000000000000000 is an unknown value
R9 =0x0000000000000000 is an unknown value
R10=0x0000000000000000 is an unknown value
R11=0x0000000000000320 is an unknown value
R12=0x00007f9cc200b014 is an unknown value
R13=0x00007f9cc436e9b0 is an unknown value
R14=0x00007f9cc0095c00 is an unknown value
R15=0x00007f9cc00a0bf0 is an unknown value


Stack: [0x000070000168d000,0x000070000178d000],  sp=0x000070000178c200,  free space=1020k
Native frames: (J=compiled Java code, j=interpreted, Vv=VM code, C=native code)
C  [AppleIntelSKLGraphicsGLDriver+0x902b02]  glrBindContextReadFramebuffer+0xb8
C  [libGPUSupportMercury.dylib+0x4d5f]  gldUpdateReadFramebuffer+0x61
C  [GLEngine+0x10c038]  gleUpdateReadFramebufferState+0x1a9
C  [GLEngine+0x56b33]  glBlitFramebufferEXT_Exec+0xa7
C  [libGL.dylib+0x605d]  glBlitFramebuffer+0x58
C  [libglass.dylib+0xc9d2]  -[GlassFrameBufferObject blitFromFBO:]+0xb2
C  [libglass.dylib+0x1249e]  -[GlassOffscreen blitFromOffscreen:]+0x3e
C  [libglass.dylib+0xf355]  -[GlassLayer3D flush]+0x35
C  [libglass.dylib+0x1b201]  Java_com_sun_glass_ui_mac_MacView__1end+0xb1
j  com.sun.glass.ui.mac.MacView._end(J)V+0
j  com.sun.glass.ui.View.unlock()V+9
j  com.sun.prism.PresentableState.unlock()V+11
j  com.sun.javafx.tk.quantum.PresentingPainter.run()V+479
j  java.util.concurrent.Executors$RunnableAdapter.call()Ljava/lang/Object;+4
j  java.util.concurrent.FutureTask.runAndReset()Z+47
j  com.sun.javafx.tk.RenderJob.run()V+1
j  java.util.concurrent.ThreadPoolExecutor.runWorker(Ljava/util/concurrent/ThreadPoolExecutor$Worker;)V+95
j  java.util.concurrent.ThreadPoolExecutor$Worker.run()V+5
j  com.sun.javafx.tk.quantum.QuantumRenderer$PipelineRunnable.run()V+8
j  java.lang.Thread.run()V+11
v  ~StubRoutines::call_stub
V  [libjvm.dylib+0x2ed9d6]  JavaCalls::call_helper(JavaValue*, methodHandle*, JavaCallArguments*, Thread*)+0x6ae
V  [libjvm.dylib+0x2ee164]  JavaCalls::call_virtual(JavaValue*, KlassHandle, Symbol*, Symbol*, JavaCallArguments*, Thread*)+0x164
V  [libjvm.dylib+0x2ee310]  JavaCalls::call_virtual(JavaValue*, Handle, KlassHandle, Symbol*, Symbol*, Thread*)+0x4a
V  [libjvm.dylib+0x348a5d]  thread_entry(JavaThread*, Thread*)+0x7c
V  [libjvm.dylib+0x56ab0f]  JavaThread::thread_main_inner()+0x9b
V  [libjvm.dylib+0x56c1fc]  JavaThread::run()+0x1c2
V  [libjvm.dylib+0x48a5b2]  java_start(Thread*)+0xf6
C  [libsystem_pthread.dylib+0x3aab]  _pthread_body+0xb4
C  [libsystem_pthread.dylib+0x39f7]  _pthread_body+0x0
C  [libsystem_pthread.dylib+0x31fd]  thread_start+0xd
C  0x0000000000000000

Java frames: (J=compiled Java code, j=interpreted, Vv=VM code)
j  com.sun.glass.ui.mac.MacView._end(J)V+0
j  com.sun.glass.ui.View.unlock()V+9
j  com.sun.prism.PresentableState.unlock()V+11
j  com.sun.javafx.tk.quantum.PresentingPainter.run()V+479
j  java.util.concurrent.Executors$RunnableAdapter.call()Ljava/lang/Object;+4
j  java.util.concurrent.FutureTask.runAndReset()Z+47
j  com.sun.javafx.tk.RenderJob.run()V+1
j  java.util.concurrent.ThreadPoolExecutor.runWorker(Ljava/util/concurrent/ThreadPoolExecutor$Worker;)V+95
j  java.util.concurrent.ThreadPoolExecutor$Worker.run()V+5
j  com.sun.javafx.tk.quantum.QuantumRenderer$PipelineRunnable.run()V+8
j  java.lang.Thread.run()V+11
v  ~StubRoutines::call_stub

---------------  P R O C E S S  ---------------

Java Threads: ( => current thread )
  0x00007f9cbf09f800 JavaThread "FX Access Thread (Visual Debugger)" daemon [_thread_blocked, id=59411, stack(0x0000700001ca5000,0x0000700001da5000)]
  0x00007f9cbf133000 JavaThread "Prism Font Disposer" daemon [_thread_blocked, id=57667, stack(0x0000700001b1f000,0x0000700001c1f000)]
  0x00007f9cc0acf800 JavaThread "JavaFX-Launcher" [_thread_blocked, id=55811, stack(0x0000700001a1c000,0x0000700001b1c000)]
  0x00007f9cc00c8000 JavaThread "Thread-3" daemon [_thread_in_native, id=39171, stack(0x0000700001893000,0x0000700001913000)]
  0x00007f9cbf080800 JavaThread "JavaFX Application Thread" [_thread_blocked, id=775, stack(0x00007fff5414a000,0x00007fff5494a000)]
  0x00007f9cbf8d9000 JavaThread "Thread-1" daemon [_thread_blocked, id=26631, stack(0x0000700001790000,0x0000700001890000)]
=>0x00007f9cc0048800 JavaThread "QuantumRenderer-0" daemon [_thread_in_native, id=20995, stack(0x000070000168d000,0x000070000178d000)]
  0x00007f9cbf828000 JavaThread "Service Thread" daemon [_thread_blocked, id=19971, stack(0x0000700001487000,0x0000700001587000)]
  0x00007f9cbf829000 JavaThread "C1 CompilerThread2" daemon [_thread_blocked, id=19459, stack(0x0000700001384000,0x0000700001484000)]
  0x00007f9cbf008800 JavaThread "C2 CompilerThread1" daemon [_thread_in_native, id=18947, stack(0x0000700001281000,0x0000700001381000)]
  0x00007f9cc085a000 JavaThread "C2 CompilerThread0" daemon [_thread_in_native, id=18435, stack(0x000070000117e000,0x000070000127e000)]
  0x00007f9cbf827000 JavaThread "JDWP Command Reader" daemon [_thread_in_native, id=17923, stack(0x000070000107b000,0x000070000117b000)]
  0x00007f9cc0002800 JavaThread "JDWP Event Helper Thread" daemon [_thread_blocked, id=17411, stack(0x0000700000f78000,0x0000700001078000)]
  0x00007f9cbf826800 JavaThread "JDWP Transport Listener: dt_socket" daemon [_thread_blocked, id=16899, stack(0x0000700000e75000,0x0000700000f75000)]
  0x00007f9cc0000000 JavaThread "Signal Dispatcher" daemon [_thread_blocked, id=16387, stack(0x0000700000d72000,0x0000700000e72000)]
  0x00007f9cbf812800 JavaThread "Finalizer" daemon [_thread_blocked, id=12291, stack(0x0000700000bec000,0x0000700000cec000)]
  0x00007f9cc0831800 JavaThread "Reference Handler" daemon [_thread_blocked, id=11779, stack(0x0000700000ae9000,0x0000700000be9000)]
  0x00007f9cc0801800 JavaThread "main" [_thread_blocked, id=6915, stack(0x00007000004d7000,0x00007000005d7000)]

Other Threads:
  0x00007f9cbf810000 VMThread [stack: 0x00007000009e6000,0x0000700000ae6000] [id=11267]
  0x00007f9cbf81b000 WatcherThread [stack: 0x000070000158a000,0x000070000168a000] [id=20483]

VM state:not at safepoint (normal execution)

VM Mutex/Monitor currently owned by a thread: None

Heap:
 PSYoungGen      total 76288K, used 41084K [0x000000076ab00000, 0x0000000770000000, 0x00000007c0000000)
  eden space 65536K, 62% used [0x000000076ab00000,0x000000076d31f208,0x000000076eb00000)
  from space 10752K, 0% used [0x000000076f580000,0x000000076f580000,0x0000000770000000)
  to   space 10752K, 0% used [0x000000076eb00000,0x000000076eb00000,0x000000076f580000)
 ParOldGen       total 175104K, used 0K [0x00000006c0000000, 0x00000006cab00000, 0x000000076ab00000)
  object space 175104K, 0% used [0x00000006c0000000,0x00000006c0000000,0x00000006cab00000)
 Metaspace       used 15295K, capacity 15902K, committed 16128K, reserved 1062912K
  class space    used 2119K, capacity 2255K, committed 2304K, reserved 1048576K

Card table byte_map: [0x000000010d02c000,0x000000010d82d000] byte_map_base: 0x0000000109a2c000

Marking Bits: (ParMarkBitMap*) 0x000000010c4f0d30
 Begin Bits: [0x00000001240fd000, 0x00000001280fd000)
 End Bits:   [0x00000001280fd000, 0x000000012c0fd000)

Polling page: 0x000000010b3aa000

CodeCache: size=245760Kb used=6087Kb max_used=6093Kb free=239672Kb
 bounds [0x00000001150fd000, 0x00000001156fd000, 0x00000001240fd000]
 total_blobs=2340 nmethods=1742 adapters=519
 compilation: enabled

Compilation events (10 events):
Event: 8.427 Thread 0x00007f9cc085a000 nmethod 1784 0x00000001156e9810 code [0x00000001156e9980, 0x00000001156e9a58]
Event: 8.427 Thread 0x00007f9cc085a000 1782       4       sun.util.logging.PlatformLogger::isLoggable (38 bytes)
Event: 8.429 Thread 0x00007f9cc085a000 nmethod 1782 0x00000001156eca90 code [0x00000001156ecc00, 0x00000001156ece18]
Event: 8.429 Thread 0x00007f9cc085a000 1792       4       com.sun.prism.impl.VertexBuffer::flush (32 bytes)
Event: 8.430 Thread 0x00007f9cc085a000 nmethod 1792 0x00000001156e9d10 code [0x00000001156e9e80, 0x00000001156ea0a8]
Event: 8.430 Thread 0x00007f9cc085a000 1791       4       com.sun.javafx.geom.transform.AffineBase::calculateType (598 bytes)
Event: 8.434 Thread 0x00007f9cc085a000 nmethod 1791 0x00000001156f4750 code [0x00000001156f4900, 0x00000001156f4c68]
Event: 8.434 Thread 0x00007f9cc085a000 1794       4       com.sun.javafx.sg.prism.NGNode::needsBlending (22 bytes)
Event: 8.434 Thread 0x00007f9cc085a000 nmethod 1794 0x00000001156ed650 code [0x00000001156ed7a0, 0x00000001156ed818]
Event: 8.434 Thread 0x00007f9cc085a000 1793       4       com.sun.javafx.sg.prism.NGNode::render (38 bytes)

GC Heap History (0 events):
No events

Deoptimization events (10 events):
Event: 8.258 Thread 0x00007f9cbf080800 Uncommon trap: reason=unstable_if action=reinterpret pc=0x000000011557c954 method=javafx.scene.Node.hasProperties()Z @ 16
Event: 8.272 Thread 0x00007f9cbf080800 Uncommon trap: reason=unstable_if action=reinterpret pc=0x000000011558d83c method=javafx.scene.Node.impl_isDirty(Lcom/sun/javafx/scene/DirtyBits;)Z @ 12
Event: 8.272 Thread 0x00007f9cbf080800 Uncommon trap: reason=class_check action=maybe_recompile pc=0x00000001155dfbd0 method=javafx.scene.Node.updateLocalToParentTransform()V @ 11
Event: 8.272 Thread 0x00007f9cbf080800 Uncommon trap: reason=class_check action=maybe_recompile pc=0x00000001155dfbd0 method=javafx.scene.Node.updateLocalToParentTransform()V @ 11
Event: 8.272 Thread 0x00007f9cbf080800 Uncommon trap: reason=class_check action=maybe_recompile pc=0x00000001155dfbd0 method=javafx.scene.Node.updateLocalToParentTransform()V @ 11
Event: 8.272 Thread 0x00007f9cbf080800 Uncommon trap: reason=class_check action=maybe_recompile pc=0x00000001155dfbd0 method=javafx.scene.Node.updateLocalToParentTransform()V @ 11
Event: 8.288 Thread 0x00007f9cc0048800 Uncommon trap: reason=unstable_if action=reinterpret pc=0x00000001156258cc method=java.util.Arrays.equals([F[F)Z @ 32
Event: 8.288 Thread 0x00007f9cc0048800 Uncommon trap: reason=unstable_if action=reinterpret pc=0x000000011562bbd8 method=java.lang.Math.round(F)I @ 23
Event: 8.331 Thread 0x00007f9cbf080800 Uncommon trap: reason=class_check action=maybe_recompile pc=0x000000011558af24 method=javafx.scene.Node$12.computeBounds()Ljavafx/geometry/Bounds; @ 4
Event: 8.373 Thread 0x00007f9cbf080800 Uncommon trap: reason=unstable_if action=reinterpret pc=0x000000011565c764 method=javafx.beans.property.DoublePropertyBase.markInvalid()V @ 4

Internal exceptions (10 events):
Event: 1.637 Thread 0x00007f9cbf080800 Exception <a 'java/lang/ArrayIndexOutOfBoundsException': 70> (0x000000076c0632b8) thrown at [/Users/java_re/workspace/8-2-build-macosx-x86_64/jdk8u121/8372/hotspot/src/share/vm/interpreter/interpreterRuntime.cpp, line 366]
Event: 1.639 Thread 0x00007f9cbf080800 Exception <a 'java/lang/ArrayIndexOutOfBoundsException': 18> (0x000000076c063e00) thrown at [/Users/java_re/workspace/8-2-build-macosx-x86_64/jdk8u121/8372/hotspot/src/share/vm/interpreter/interpreterRuntime.cpp, line 366]
Event: 1.640 Thread 0x00007f9cbf080800 Exception <a 'java/lang/ArrayIndexOutOfBoundsException': 86> (0x000000076c0651a8) thrown at [/Users/java_re/workspace/8-2-build-macosx-x86_64/jdk8u121/8372/hotspot/src/share/vm/interpreter/interpreterRuntime.cpp, line 366]
Event: 1.642 Thread 0x00007f9cbf080800 Exception <a 'java/lang/ArrayIndexOutOfBoundsException': 66> (0x000000076c068fa8) thrown at [/Users/java_re/workspace/8-2-build-macosx-x86_64/jdk8u121/8372/hotspot/src/share/vm/interpreter/interpreterRuntime.cpp, line 366]
Event: 1.647 Thread 0x00007f9cbf080800 Exception <a 'java/lang/ArrayIndexOutOfBoundsException'> (0x000000076c071018) thrown at [/Users/java_re/workspace/8-2-build-macosx-x86_64/jdk8u121/8372/hotspot/src/share/vm/runtime/sharedRuntime.cpp, line 605]
Event: 1.695 Thread 0x00007f9cbf080800 Exception <a 'java/lang/ArrayIndexOutOfBoundsException'> (0x000000076c14eef8) thrown at [/Users/java_re/workspace/8-2-build-macosx-x86_64/jdk8u121/8372/hotspot/src/share/vm/runtime/sharedRuntime.cpp, line 605]
Event: 1.705 Thread 0x00007f9cbf080800 Exception <a 'java/lang/ArrayIndexOutOfBoundsException'> (0x000000076c191e18) thrown at [/Users/java_re/workspace/8-2-build-macosx-x86_64/jdk8u121/8372/hotspot/src/share/vm/runtime/sharedRuntime.cpp, line 605]
Event: 1.797 Thread 0x00007f9cbf080800 Implicit null exception at 0x0000000115366234 to 0x00000001153664c1
Event: 3.745 Thread 0x00007f9cbf080800 Implicit null exception at 0x000000011554ee61 to 0x000000011554f44d
Event: 3.745 Thread 0x00007f9cbf080800 Implicit null exception at 0x000000011556ccf3 to 0x000000011556cdc9

Events (10 events):
Event: 8.288 Thread 0x00007f9cc0048800 DEOPT PACKING pc=0x000000011562bbd8 sp=0x000070000178a910
Event: 8.288 Thread 0x00007f9cc0048800 DEOPT UNPACKING pc=0x0000000115102229 sp=0x000070000178a8c8 mode 2
Event: 8.327 loading class com/sun/javafx/sg/prism/NGPerspectiveCamera
Event: 8.327 loading class com/sun/javafx/sg/prism/NGPerspectiveCamera done
Event: 8.331 Thread 0x00007f9cbf080800 Uncommon trap: trap_request=0xffffffde fr.pc=0x000000011558af24
Event: 8.331 Thread 0x00007f9cbf080800 DEOPT PACKING pc=0x000000011558af24 sp=0x00007fff54943da0
Event: 8.331 Thread 0x00007f9cbf080800 DEOPT UNPACKING pc=0x0000000115102229 sp=0x00007fff54943d18 mode 2
Event: 8.373 Thread 0x00007f9cbf080800 Uncommon trap: trap_request=0xffffff65 fr.pc=0x000000011565c764
Event: 8.373 Thread 0x00007f9cbf080800 DEOPT PACKING pc=0x000000011565c764 sp=0x00007fff54943ee0
Event: 8.373 Thread 0x00007f9cbf080800 DEOPT UNPACKING pc=0x0000000115102229 sp=0x00007fff54943e60 mode 2


Dynamic libraries:
0x000000002a5e1000 	/System/Library/Frameworks/Cocoa.framework/Versions/A/Cocoa
0x000000002a5e1000 	/System/Library/Frameworks/Security.framework/Versions/A/Security
0x000000002a5e1000 	/System/Library/Frameworks/ApplicationServices.framework/Versions/A/ApplicationServices
0x000000002a5e1000 	/usr/lib/libz.1.dylib
0x000000002a5e1000 	/usr/lib/libSystem.B.dylib
0x000000002a5e1000 	/usr/lib/libobjc.A.dylib
0x000000002a5e1000 	/System/Library/Frameworks/CoreFoundation.framework/Versions/A/CoreFoundation
0x000000002a5e1000 	/System/Library/Frameworks/Foundation.framework/Versions/C/Foundation
0x000000002a5e1000 	/System/Library/Frameworks/AppKit.framework/Versions/C/AppKit
0x000000002a5e1000 	/System/Library/Frameworks/CoreData.framework/Versions/A/CoreData
0x000000002a5e1000 	/System/Library/PrivateFrameworks/RemoteViewServices.framework/Versions/A/RemoteViewServices
0x000000002a5e1000 	/System/Library/PrivateFrameworks/UIFoundation.framework/Versions/A/UIFoundation
0x000000002a5e1000 	/System/Library/PrivateFrameworks/DFRFoundation.framework/Versions/A/DFRFoundation
0x000000002a5e1000 	/usr/lib/libenergytrace.dylib
0x000000002a5e1000 	/System/Library/PrivateFrameworks/SkyLight.framework/Versions/A/SkyLight
0x000000002a5e1000 	/System/Library/Frameworks/CoreGraphics.framework/Versions/A/CoreGraphics
0x000000002a5e1000 	/usr/lib/libScreenReader.dylib
0x000000002a5e1000 	/System/Library/Frameworks/Accelerate.framework/Versions/A/Accelerate
0x000000002a5e1000 	/System/Library/Frameworks/IOSurface.framework/Versions/A/IOSurface
0x000000002a5e1000 	/System/Library/Frameworks/AudioToolbox.framework/Versions/A/AudioToolbox
0x000000002a5e1000 	/System/Library/Frameworks/AudioUnit.framework/Versions/A/AudioUnit
0x000000002a5e1000 	/System/Library/PrivateFrameworks/DataDetectorsCore.framework/Versions/A/DataDetectorsCore
0x000000002a5e1000 	/System/Library/PrivateFrameworks/DesktopServicesPriv.framework/Versions/A/DesktopServicesPriv
0x000000002a5e1000 	/System/Library/Frameworks/Carbon.framework/Versions/A/Frameworks/HIToolbox.framework/Versions/A/HIToolbox
0x000000002a5e1000 	/usr/lib/libicucore.A.dylib
0x000000002a5e1000 	/System/Library/Frameworks/QuartzCore.framework/Versions/A/QuartzCore
0x000000002a5e1000 	/System/Library/Frameworks/Carbon.framework/Versions/A/Frameworks/SpeechRecognition.framework/Versions/A/SpeechRecognition
0x000000002a5e1000 	/usr/lib/libauto.dylib
0x000000002a5e1000 	/usr/lib/libxml2.2.dylib
0x000000002a5e1000 	/System/Library/PrivateFrameworks/CoreUI.framework/Versions/A/CoreUI
0x000000002a5e1000 	/System/Library/Frameworks/CoreAudio.framework/Versions/A/CoreAudio
0x000000002a5e1000 	/System/Library/Frameworks/DiskArbitration.framework/Versions/A/DiskArbitration
0x000000002a5e1000 	/usr/lib/liblangid.dylib
0x000000002a5e1000 	/System/Library/PrivateFrameworks/MultitouchSupport.framework/Versions/A/MultitouchSupport
0x000000002a5e1000 	/System/Library/Frameworks/IOKit.framework/Versions/A/IOKit
0x000000002a5e1000 	/usr/lib/libDiagnosticMessagesClient.dylib
0x000000002a5e1000 	/System/Library/Frameworks/CoreServices.framework/Versions/A/CoreServices
0x000000002a5e1000 	/System/Library/PrivateFrameworks/PerformanceAnalysis.framework/Versions/A/PerformanceAnalysis
0x000000002a5e1000 	/System/Library/PrivateFrameworks/GenerationalStorage.framework/Versions/A/GenerationalStorage
0x000000002a5e1000 	/System/Library/Frameworks/OpenGL.framework/Versions/A/OpenGL
0x000000002a5e1000 	/System/Library/Frameworks/CoreImage.framework/Versions/A/CoreImage
0x000000002a5e1000 	/System/Library/Frameworks/CoreText.framework/Versions/A/CoreText
0x000000002a5e1000 	/System/Library/Frameworks/ImageIO.framework/Versions/A/ImageIO
0x000000002a5e1000 	/System/Library/PrivateFrameworks/Backup.framework/Versions/A/Backup
0x000000002a5e1000 	/usr/lib/libarchive.2.dylib
0x000000002a5e1000 	/System/Library/Frameworks/CFNetwork.framework/Versions/A/CFNetwork
0x000000002a5e1000 	/System/Library/Frameworks/SystemConfiguration.framework/Versions/A/SystemConfiguration
0x000000002a5e1000 	/usr/lib/libCRFSuite.dylib
0x000000002a5e1000 	/usr/lib/libc++.1.dylib
0x000000002a5e1000 	/usr/lib/libc++abi.dylib
0x000000002a5e1000 	/usr/lib/system/libcache.dylib
0x000000002a5e1000 	/usr/lib/system/libcommonCrypto.dylib
0x000000002a5e1000 	/usr/lib/system/libcompiler_rt.dylib
0x000000002a5e1000 	/usr/lib/system/libcopyfile.dylib
0x000000002a5e1000 	/usr/lib/system/libcorecrypto.dylib
0x000000002a5e1000 	/usr/lib/system/libdispatch.dylib
0x000000002a5e1000 	/usr/lib/system/libdyld.dylib
0x000000002a5e1000 	/usr/lib/system/libkeymgr.dylib
0x000000002a5e1000 	/usr/lib/system/liblaunch.dylib
0x000000002a5e1000 	/usr/lib/system/libmacho.dylib
0x000000002a5e1000 	/usr/lib/system/libquarantine.dylib
0x000000002a5e1000 	/usr/lib/system/libremovefile.dylib
0x000000002a5e1000 	/usr/lib/system/libsystem_asl.dylib
0x000000002a5e1000 	/usr/lib/system/libsystem_blocks.dylib
0x000000002a5e1000 	/usr/lib/system/libsystem_c.dylib
0x000000002a5e1000 	/usr/lib/system/libsystem_configuration.dylib
0x000000002a5e1000 	/usr/lib/system/libsystem_coreservices.dylib
0x000000002a5e1000 	/usr/lib/system/libsystem_coretls.dylib
0x000000002a5e1000 	/usr/lib/system/libsystem_dnssd.dylib
0x000000002a5e1000 	/usr/lib/system/libsystem_info.dylib
0x000000002a5e1000 	/usr/lib/system/libsystem_kernel.dylib
0x000000002a5e1000 	/usr/lib/system/libsystem_m.dylib
0x000000002a5e1000 	/usr/lib/system/libsystem_malloc.dylib
0x000000002a5e1000 	/usr/lib/system/libsystem_network.dylib
0x000000002a5e1000 	/usr/lib/system/libsystem_networkextension.dylib
0x000000002a5e1000 	/usr/lib/system/libsystem_notify.dylib
0x000000002a5e1000 	/usr/lib/system/libsystem_platform.dylib
0x000000002a5e1000 	/usr/lib/system/libsystem_pthread.dylib
0x000000002a5e1000 	/usr/lib/system/libsystem_sandbox.dylib
0x000000002a5e1000 	/usr/lib/system/libsystem_secinit.dylib
0x000000002a5e1000 	/usr/lib/system/libsystem_symptoms.dylib
0x000000002a5e1000 	/usr/lib/system/libsystem_trace.dylib
0x000000002a5e1000 	/usr/lib/system/libunwind.dylib
0x000000002a5e1000 	/usr/lib/system/libxpc.dylib
0x000000002a5e1000 	/usr/lib/libbsm.0.dylib
0x000000002a5e1000 	/usr/lib/system/libkxld.dylib
0x000000002a5e1000 	/usr/lib/libcoretls.dylib
0x000000002a5e1000 	/usr/lib/libcoretls_cfhelpers.dylib
0x000000002a5e1000 	/usr/lib/libOpenScriptingUtil.dylib
0x000000002a5e1000 	/usr/lib/libpam.2.dylib
0x000000002a5e1000 	/usr/lib/libsqlite3.dylib
0x000000002a5e1000 	/usr/lib/libxar.1.dylib
0x000000002a5e1000 	/usr/lib/libbz2.1.0.dylib
0x000000002a5e1000 	/usr/lib/liblzma.5.dylib
0x000000002a5e1000 	/usr/lib/libnetwork.dylib
0x000000002a5e1000 	/usr/lib/libpcap.A.dylib
0x000000002a5e1000 	/System/Library/Frameworks/CoreServices.framework/Versions/A/Frameworks/FSEvents.framework/Versions/A/FSEvents
0x000000002a5e1000 	/System/Library/Frameworks/CoreServices.framework/Versions/A/Frameworks/CarbonCore.framework/Versions/A/CarbonCore
0x000000002a5e1000 	/System/Library/Frameworks/CoreServices.framework/Versions/A/Frameworks/Metadata.framework/Versions/A/Metadata
0x000000002a5e1000 	/System/Library/Frameworks/CoreServices.framework/Versions/A/Frameworks/OSServices.framework/Versions/A/OSServices
0x000000002a5e1000 	/System/Library/Frameworks/CoreServices.framework/Versions/A/Frameworks/SearchKit.framework/Versions/A/SearchKit
0x000000002a5e1000 	/System/Library/Frameworks/CoreServices.framework/Versions/A/Frameworks/AE.framework/Versions/A/AE
0x000000002a5e1000 	/System/Library/Frameworks/CoreServices.framework/Versions/A/Frameworks/LaunchServices.framework/Versions/A/LaunchServices
0x000000002a5e1000 	/System/Library/Frameworks/CoreServices.framework/Versions/A/Frameworks/DictionaryServices.framework/Versions/A/DictionaryServices
0x000000002a5e1000 	/System/Library/Frameworks/CoreServices.framework/Versions/A/Frameworks/SharedFileList.framework/Versions/A/SharedFileList
0x000000002a5e1000 	/System/Library/Frameworks/NetFS.framework/Versions/A/NetFS
0x000000002a5e1000 	/System/Library/PrivateFrameworks/NetAuth.framework/Versions/A/NetAuth
0x000000002a5e1000 	/System/Library/PrivateFrameworks/login.framework/Versions/A/Frameworks/loginsupport.framework/Versions/A/loginsupport
0x000000002a5e1000 	/System/Library/PrivateFrameworks/TCC.framework/Versions/A/TCC
0x000000002a5e1000 	/usr/lib/libmecabra.dylib
0x000000002a5e1000 	/System/Library/Frameworks/ApplicationServices.framework/Versions/A/Frameworks/ATS.framework/Versions/A/ATS
0x000000002a5e1000 	/System/Library/Frameworks/ApplicationServices.framework/Versions/A/Frameworks/ColorSync.framework/Versions/A/ColorSync
0x000000002a5e1000 	/System/Library/Frameworks/ApplicationServices.framework/Versions/A/Frameworks/HIServices.framework/Versions/A/HIServices
0x000000002a5e1000 	/System/Library/Frameworks/ApplicationServices.framework/Versions/A/Frameworks/LangAnalysis.framework/Versions/A/LangAnalysis
0x000000002a5e1000 	/System/Library/Frameworks/ApplicationServices.framework/Versions/A/Frameworks/PrintCore.framework/Versions/A/PrintCore
0x000000002a5e1000 	/System/Library/Frameworks/ApplicationServices.framework/Versions/A/Frameworks/QD.framework/Versions/A/QD
0x000000002a5e1000 	/System/Library/Frameworks/ApplicationServices.framework/Versions/A/Frameworks/SpeechSynthesis.framework/Versions/A/SpeechSynthesis
0x000000002a5e1000 	/System/Library/Frameworks/Accelerate.framework/Versions/A/Frameworks/vImage.framework/Versions/A/vImage
0x000000002a5e1000 	/System/Library/Frameworks/Accelerate.framework/Versions/A/Frameworks/vecLib.framework/Versions/A/vecLib
0x000000002a5e1000 	/System/Library/Frameworks/Accelerate.framework/Versions/A/Frameworks/vecLib.framework/Versions/A/libvDSP.dylib
0x000000002a5e1000 	/System/Library/Frameworks/Accelerate.framework/Versions/A/Frameworks/vecLib.framework/Versions/A/libBNNS.dylib
0x000000002a5e1000 	/System/Library/Frameworks/Accelerate.framework/Versions/A/Frameworks/vecLib.framework/Versions/A/libQuadrature.dylib
0x000000002a5e1000 	/System/Library/Frameworks/Accelerate.framework/Versions/A/Frameworks/vecLib.framework/Versions/A/libvMisc.dylib
0x000000002a5e1000 	/System/Library/Frameworks/Accelerate.framework/Versions/A/Frameworks/vecLib.framework/Versions/A/libLAPACK.dylib
0x000000002a5e1000 	/System/Library/Frameworks/Accelerate.framework/Versions/A/Frameworks/vecLib.framework/Versions/A/libBLAS.dylib
0x000000002a5e1000 	/System/Library/Frameworks/Accelerate.framework/Versions/A/Frameworks/vecLib.framework/Versions/A/libLinearAlgebra.dylib
0x000000002a5e1000 	/System/Library/Frameworks/Accelerate.framework/Versions/A/Frameworks/vecLib.framework/Versions/A/libSparseBLAS.dylib
0x000000002a5e1000 	/System/Library/Frameworks/ApplicationServices.framework/Versions/A/Frameworks/ATS.framework/Versions/A/Resources/libFontParser.dylib
0x000000002a5e1000 	/System/Library/Frameworks/ApplicationServices.framework/Versions/A/Frameworks/ATS.framework/Versions/A/Resources/libFontRegistry.dylib
0x000000002a5e1000 	/System/Library/Frameworks/ImageIO.framework/Versions/A/Resources/libJPEG.dylib
0x000000002a5e1000 	/System/Library/Frameworks/ImageIO.framework/Versions/A/Resources/libTIFF.dylib
0x000000002a5e1000 	/System/Library/Frameworks/ImageIO.framework/Versions/A/Resources/libPng.dylib
0x000000002a5e1000 	/System/Library/Frameworks/ImageIO.framework/Versions/A/Resources/libGIF.dylib
0x000000002a5e1000 	/System/Library/Frameworks/ImageIO.framework/Versions/A/Resources/libJP2.dylib
0x000000002a5e1000 	/System/Library/Frameworks/ImageIO.framework/Versions/A/Resources/libRadiance.dylib
0x000000002a5e1000 	/usr/lib/libcompression.dylib
0x000000002a5e1000 	/System/Library/PrivateFrameworks/AppleJPEG.framework/Versions/A/AppleJPEG
0x000000002a5e1000 	/usr/lib/libcups.2.dylib
0x000000002a5e1000 	/System/Library/Frameworks/Kerberos.framework/Versions/A/Kerberos
0x000000002a5e1000 	/System/Library/Frameworks/GSS.framework/Versions/A/GSS
0x000000002a5e1000 	/usr/lib/libresolv.9.dylib
0x000000002a5e1000 	/usr/lib/libiconv.2.dylib
0x000000002a5e1000 	/System/Library/PrivateFrameworks/Heimdal.framework/Versions/A/Heimdal
0x000000002a5e1000 	/usr/lib/libheimdal-asn1.dylib
0x000000002a5e1000 	/System/Library/Frameworks/OpenDirectory.framework/Versions/A/OpenDirectory
0x000000002a5e1000 	/System/Library/PrivateFrameworks/CommonAuth.framework/Versions/A/CommonAuth
0x000000002a5e1000 	/System/Library/Frameworks/OpenDirectory.framework/Versions/A/Frameworks/CFOpenDirectory.framework/Versions/A/CFOpenDirectory
0x000000002a5e1000 	/System/Library/Frameworks/SecurityFoundation.framework/Versions/A/SecurityFoundation
0x000000002a5e1000 	/System/Library/PrivateFrameworks/LanguageModeling.framework/Versions/A/LanguageModeling
0x000000002a5e1000 	/usr/lib/libmarisa.dylib
0x000000002a5e1000 	/usr/lib/libChineseTokenizer.dylib
0x000000002a5e1000 	/usr/lib/libcmph.dylib
0x000000002a5e1000 	/System/Library/PrivateFrameworks/CoreEmoji.framework/Versions/A/CoreEmoji
0x000000002a5e1000 	/System/Library/Frameworks/ServiceManagement.framework/Versions/A/ServiceManagement
0x000000002a5e1000 	/usr/lib/libxslt.1.dylib
0x000000002a5e1000 	/System/Library/Frameworks/Carbon.framework/Versions/A/Frameworks/Ink.framework/Versions/A/Ink
0x000000002a5e1000 	/System/Library/PrivateFrameworks/TextureIO.framework/Versions/A/TextureIO
0x000000002a5e1000 	/System/Library/Frameworks/Metal.framework/Versions/A/Metal
0x000000002a5e1000 	/usr/lib/libate.dylib
0x000000002a5e1000 	/System/Library/PrivateFrameworks/GPUCompiler.framework/libmetal_timestamp.dylib
0x000000002a5e1000 	/System/Library/Frameworks/OpenGL.framework/Versions/A/Libraries/libCoreFSCache.dylib
0x000000002a5e1000 	/System/Library/PrivateFrameworks/IOAccelerator.framework/Versions/A/IOAccelerator
0x000000002a5e1000 	/System/Library/Frameworks/CoreVideo.framework/Versions/A/CoreVideo
0x000000002a5e1000 	/usr/lib/libFosl_dynamic.dylib
0x000000002a5e1000 	/System/Library/PrivateFrameworks/MetalPerformanceShaders.framework/Versions/A/MetalPerformanceShaders
0x000000002a5e1000 	/System/Library/PrivateFrameworks/FaceCore.framework/Versions/A/FaceCore
0x000000002a5e1000 	/System/Library/Frameworks/OpenCL.framework/Versions/A/OpenCL
0x000000002a5e1000 	/System/Library/Frameworks/OpenGL.framework/Versions/A/Libraries/libGLU.dylib
0x000000002a5e1000 	/System/Library/Frameworks/OpenGL.framework/Versions/A/Libraries/libGFXShared.dylib
0x000000002a5e1000 	/System/Library/Frameworks/OpenGL.framework/Versions/A/Libraries/libGL.dylib
0x000000002a5e1000 	/System/Library/Frameworks/OpenGL.framework/Versions/A/Libraries/libGLImage.dylib
0x000000002a5e1000 	/System/Library/Frameworks/OpenGL.framework/Versions/A/Libraries/libCVMSPluginSupport.dylib
0x000000002a5e1000 	/System/Library/Frameworks/OpenGL.framework/Versions/A/Libraries/libCoreVMClient.dylib
0x000000002a5e1000 	/System/Library/PrivateFrameworks/CrashReporterSupport.framework/Versions/A/CrashReporterSupport
0x000000002a5e1000 	/System/Library/PrivateFrameworks/Sharing.framework/Versions/A/Sharing
0x000000002a5e1000 	/System/Library/PrivateFrameworks/IconServices.framework/Versions/A/IconServices
0x000000002a5e1000 	/System/Library/PrivateFrameworks/ProtocolBuffer.framework/Versions/A/ProtocolBuffer
0x000000002a5e1000 	/System/Library/PrivateFrameworks/Apple80211.framework/Versions/A/Apple80211
0x000000002a5e1000 	/System/Library/Frameworks/CoreWLAN.framework/Versions/A/CoreWLAN
0x000000002a5e1000 	/System/Library/PrivateFrameworks/CoreUtils.framework/Versions/A/CoreUtils
0x000000002a5e1000 	/System/Library/Frameworks/IOBluetooth.framework/Versions/A/IOBluetooth
0x000000002a5e1000 	/System/Library/PrivateFrameworks/CoreWiFi.framework/Versions/A/CoreWiFi
0x000000002a5e1000 	/System/Library/Frameworks/CoreBluetooth.framework/Versions/A/CoreBluetooth
0x000000002a5e1000 	/System/Library/Frameworks/CoreDisplay.framework/Versions/A/CoreDisplay
0x000000002a5e1000 	/System/Library/PrivateFrameworks/IOPresentment.framework/Versions/A/IOPresentment
0x000000002a5e1000 	/System/Library/PrivateFrameworks/DSExternalDisplay.framework/Versions/A/DSExternalDisplay
0x000000002a5e1000 	/System/Library/PrivateFrameworks/DebugSymbols.framework/Versions/A/DebugSymbols
0x000000002a5e1000 	/System/Library/PrivateFrameworks/CoreSymbolication.framework/Versions/A/CoreSymbolication
0x000000002a5e1000 	/System/Library/PrivateFrameworks/Symbolication.framework/Versions/A/Symbolication
0x000000002a5e1000 	/System/Library/PrivateFrameworks/AppleFSCompression.framework/Versions/A/AppleFSCompression
0x000000002a5e1000 	/System/Library/PrivateFrameworks/SpeechRecognitionCore.framework/Versions/A/SpeechRecognitionCore
0x000000002a5e1000 	/System/Library/PrivateFrameworks/ChunkingLibrary.framework/Versions/A/ChunkingLibrary
0x000000010bc00000 	/Library/Java/JavaVirtualMachines/jdk1.8.0_121.jdk/Contents/Home/jre/lib/server/libjvm.dylib
0x000000010cba2000 	/usr/lib/libstdc++.6.dylib
0x000000010b367000 	/Library/Java/JavaVirtualMachines/jdk1.8.0_121.jdk/Contents/Home/jre/lib/libverify.dylib
0x000000010b375000 	/Library/Java/JavaVirtualMachines/jdk1.8.0_121.jdk/Contents/Home/jre/lib/libjava.dylib
0x000000010b3ab000 	/Library/Java/JavaVirtualMachines/jdk1.8.0_121.jdk/Contents/Home/jre/lib/libjdwp.dylib
0x000000010b3f6000 	/Library/Java/JavaVirtualMachines/jdk1.8.0_121.jdk/Contents/Home/jre/lib/libnpt.dylib
0x000000010cc63000 	/Library/Java/JavaVirtualMachines/jdk1.8.0_121.jdk/Contents/Home/jre/lib/libzip.dylib
0x000000011007a000 	/System/Library/Frameworks/JavaVM.framework/Frameworks/JavaRuntimeSupport.framework/JavaRuntimeSupport
0x0000000110094000 	/System/Library/Frameworks/JavaVM.framework/Versions/A/Frameworks/JavaNativeFoundation.framework/Versions/A/JavaNativeFoundation
0x00000001100a9000 	/System/Library/Frameworks/JavaVM.framework/Versions/A/JavaVM
0x000000002a5e1000 	/System/Library/Frameworks/Carbon.framework/Versions/A/Carbon
0x00000001100b6000 	/System/Library/PrivateFrameworks/JavaLaunching.framework/Versions/A/JavaLaunching
0x000000002a5e1000 	/System/Library/Frameworks/Carbon.framework/Versions/A/Frameworks/CommonPanels.framework/Versions/A/CommonPanels
0x000000002a5e1000 	/System/Library/Frameworks/Carbon.framework/Versions/A/Frameworks/Help.framework/Versions/A/Help
0x000000002a5e1000 	/System/Library/Frameworks/Carbon.framework/Versions/A/Frameworks/ImageCapture.framework/Versions/A/ImageCapture
0x000000002a5e1000 	/System/Library/Frameworks/Carbon.framework/Versions/A/Frameworks/OpenScripting.framework/Versions/A/OpenScripting
0x000000002a5e1000 	/System/Library/Frameworks/Carbon.framework/Versions/A/Frameworks/Print.framework/Versions/A/Print
0x000000002a5e1000 	/System/Library/Frameworks/Carbon.framework/Versions/A/Frameworks/SecurityHI.framework/Versions/A/SecurityHI
0x00000001119bf000 	/Library/Java/JavaVirtualMachines/jdk1.8.0_121.jdk/Contents/Home/jre/lib/libdt_socket.dylib
0x0000000111a5e000 	/Library/Java/JavaVirtualMachines/jdk1.8.0_121.jdk/Contents/Home/jre/lib/libprism_es2.dylib
0x0000000111ac4000 	/System/Library/Frameworks/OpenGL.framework/Resources/GLEngine.bundle/GLEngine
0x000000002a5e1000 	/System/Library/Frameworks/OpenGL.framework/Versions/A/Libraries/libGLProgrammability.dylib
0x0000000111ca9000 	/System/Library/Extensions/AppleIntelSKLGraphicsGLDriver.bundle/Contents/MacOS/AppleIntelSKLGraphicsGLDriver
0x000000002a5e1000 	/System/Library/PrivateFrameworks/GPUSupport.framework/Versions/A/Libraries/libGPUSupportMercury.dylib
0x0000000112a38000 	/System/Library/Frameworks/OpenGL.framework/Resources//GLRendererFloat.bundle/GLRendererFloat
0x000000002a5e1000 	/System/Library/Frameworks/OpenCL.framework/Versions/A/Libraries/libcldcpuengine.dylib
0x000000002a5e1000 	/usr/lib/libcrypto.0.9.8.dylib
0x000000002a5e1000 	/System/Library/PrivateFrameworks/TrustEvaluationAgent.framework/Versions/A/TrustEvaluationAgent
0x0000000112e5b000 	/Library/Java/JavaVirtualMachines/jdk1.8.0_121.jdk/Contents/Home/jre/lib/libglass.dylib
0x000000002a5e1000 	/System/Library/PrivateFrameworks/CoreServicesInternal.framework/Versions/A/CoreServicesInternal
0x000000002a5e1000 	/System/Library/CoreServices/RawCamera.bundle/Contents/MacOS/RawCamera
0x0000000113b3b000 	/System/Library/Frameworks/Accelerate.framework/Frameworks/vImage.framework/Versions/A/Libraries/libCGInterfaces.dylib
0x000000002a5e1000 	/System/Library/PrivateFrameworks/FamilyControls.framework/Versions/A/FamilyControls
0x000000002a5e1000 	/System/Library/PrivateFrameworks/CommerceKit.framework/Versions/A/Frameworks/CommerceCore.framework/Versions/A/CommerceCore
0x000000002a5e1000 	/System/Library/PrivateFrameworks/SystemAdministration.framework/Versions/A/SystemAdministration
0x000000002a5e1000 	/System/Library/PrivateFrameworks/AppContainer.framework/Versions/A/AppContainer
0x000000002a5e1000 	/System/Library/PrivateFrameworks/SecCodeWrapper.framework/Versions/A/SecCodeWrapper
0x000000002a5e1000 	/System/Library/Frameworks/DirectoryService.framework/Versions/A/DirectoryService
0x000000002a5e1000 	/System/Library/PrivateFrameworks/DiskImages.framework/Versions/A/DiskImages
0x000000002a5e1000 	/System/Library/PrivateFrameworks/LoginUIKit.framework/Versions/A/Frameworks/LoginUICore.framework/Versions/A/LoginUICore
0x000000002a5e1000 	/usr/lib/libCoreStorage.dylib
0x000000002a5e1000 	/usr/lib/libcsfde.dylib
0x000000002a5e1000 	/usr/lib/libodfde.dylib
0x000000002a5e1000 	/System/Library/Frameworks/DiscRecording.framework/Versions/A/DiscRecording
0x000000002a5e1000 	/usr/lib/libcurl.4.dylib
0x000000002a5e1000 	/System/Library/PrivateFrameworks/MediaKit.framework/Versions/A/MediaKit
0x000000002a5e1000 	/System/Library/PrivateFrameworks/ProtectedCloudStorage.framework/Versions/A/ProtectedCloudStorage
0x000000002a5e1000 	/System/Library/PrivateFrameworks/EFILogin.framework/Versions/A/EFILogin
0x000000002a5e1000 	/usr/lib/libutil.dylib
0x000000002a5e1000 	/System/Library/Frameworks/LDAP.framework/Versions/A/LDAP
0x000000002a5e1000 	/usr/lib/libsasl2.2.dylib
0x000000002a5e1000 	/System/Library/PrivateFrameworks/CoreDaemon.framework/Versions/B/CoreDaemon
0x000000002a5e1000 	/System/Library/PrivateFrameworks/AppleSRP.framework/Versions/A/AppleSRP
0x000000002a5e1000 	/System/Library/PrivateFrameworks/APFS.framework/Versions/A/APFS
0x0000000114fdf000 	/Library/Java/JavaVirtualMachines/jdk1.8.0_121.jdk/Contents/Home/jre/lib/libjavafx_font.dylib
0x000000002a5e1000 	/System/Library/Frameworks/ApplicationServices.framework/Versions/A/Frameworks/ATS.framework/Versions/A/Resources/libTrueTypeScaler.dylib
0x000000013087d000 	/System/Library/Extensions/AppleIntelSKLGraphicsMTLDriver.bundle/Contents/MacOS/AppleIntelSKLGraphicsMTLDriver
0x000000002a5e1000 	/System/Library/PrivateFrameworks/ViewBridge.framework/Versions/A/ViewBridge
0x000000002a5e1000 	/System/Library/PrivateFrameworks/XPCService.framework/Versions/A/XPCService
0x000000002a5e1000 	/System/Library/PrivateFrameworks/AppSandbox.framework/Versions/A/AppSandbox
0x000000002a5e1000 	/usr/lib/libsandbox.1.dylib
0x000000002a5e1000 	/usr/lib/libMatch.1.dylib

VM Arguments:
jvm_args: -Xdebug -Xrunjdwp:transport=dt_socket,address=localhost:50849 -Dglass.disableGrab=true -Dfile.encoding=UTF-8 
java_command: /Users/holt/GitHub/CS4330/RandomGrid/dist/run104284544/RandomGrid.jar
java_class_path (initial): /Users/holt/GitHub/CS4330/RandomGrid/dist/run104284544/RandomGrid.jar
Launcher Type: SUN_STANDARD

Environment Variables:
PATH=/usr/bin:/bin:/usr/sbin:/sbin
LD_LIBRARY_PATH=/Library/Java/JavaVirtualMachines/jdk1.8.0_121.jdk/Contents/Home/jre/lib/amd64:/Library/Java/JavaVirtualMachines/jdk1.8.0_121.jdk/Contents/Home/jre/lib/i386:
SHELL=/bin/bash

Signal Handlers:
SIGSEGV: [libjvm.dylib+0x5b1141], sa_mask[0]=11111111011111110111111111111111, sa_flags=SA_ONSTACK|SA_RESTART|SA_SIGINFO
SIGBUS: [libjvm.dylib+0x5b1141], sa_mask[0]=11111111011111110111111111111111, sa_flags=SA_RESTART|SA_SIGINFO
SIGFPE: [libjvm.dylib+0x487bc4], sa_mask[0]=11111111011111110111111111111111, sa_flags=SA_RESTART|SA_SIGINFO
SIGPIPE: [libjvm.dylib+0x487bc4], sa_mask[0]=11111111011111110111111111111111, sa_flags=SA_RESTART|SA_SIGINFO
SIGXFSZ: [libjvm.dylib+0x487bc4], sa_mask[0]=11111111011111110111111111111111, sa_flags=SA_RESTART|SA_SIGINFO
SIGILL: [libjvm.dylib+0x487bc4], sa_mask[0]=11111111011111110111111111111111, sa_flags=SA_RESTART|SA_SIGINFO
SIGUSR1: SIG_DFL, sa_mask[0]=00000000000000000000000000000000, sa_flags=none
SIGUSR2: [libjvm.dylib+0x4876e2], sa_mask[0]=00100000000000000000000000000000, sa_flags=SA_RESTART|SA_SIGINFO
SIGHUP: [libjvm.dylib+0x485cb9], sa_mask[0]=11111111011111110111111111111111, sa_flags=SA_RESTART|SA_SIGINFO
SIGINT: SIG_IGN, sa_mask[0]=00000000000000000000000000000000, sa_flags=none
SIGTERM: [libjvm.dylib+0x485cb9], sa_mask[0]=11111111011111110111111111111111, sa_flags=SA_RESTART|SA_SIGINFO
SIGQUIT: [libjvm.dylib+0x485cb9], sa_mask[0]=11111111011111110111111111111111, sa_flags=SA_RESTART|SA_SIGINFO


---------------  S Y S T E M  ---------------

OS:Bsduname:Darwin 16.5.0 Darwin Kernel Version 16.5.0: Mon Jan 16 17:15:31 PST 2017; root:xnu-3789.50.189~27/RELEASE_X86_64 x86_64
rlimit: STACK 8192k, CORE 0k, NPROC 709, NOFILE 10240, AS infinity
load average:2.97 2.67 2.30

CPU:total 4 (2 cores per cpu, 2 threads per core) family 6 model 78 stepping 3, cmov, cx8, fxsr, mmx, sse, sse2, sse3, ssse3, sse4.1, sse4.2, popcnt, avx, avx2, aes, clmul, erms, 3dnowpref, lzcnt, ht, tsc, tscinvbit, bmi1, bmi2, adx

Memory: 4k page, physical 16777216k(4178836k free)

/proc/meminfo:


vm_info: Java HotSpot(TM) 64-Bit Server VM (25.121-b13) for bsd-amd64 JRE (1.8.0_121-b13), built on Dec 12 2016 20:39:32 by "java_re" with gcc 4.2.1 (Based on Apple Inc. build 5658) (LLVM build 2336.11.00)

time: Mon Jan 30 21:02:34 2017
elapsed time: 8 seconds (0d 0h 0m 8s)

